#
# There is insufficient memory for the Java Runtime Environment to continue.
# Native memory allocation (malloc) failed to allocate 1705616 bytes for Chunk::new
# Possible reasons:
#   The system is out of physical RAM or swap space
#   The process is running with CompressedOops enabled, and the Java Heap may be blocking the growth of the native heap
# Possible solutions:
#   Reduce memory load on the system
#   Increase physical memory or swap space
#   Check if swap backing store is full
#   Decrease Java heap size (-Xmx/-Xms)
#   Decrease number of Java threads
#   Decrease Java thread stack sizes (-Xss)
#   Set larger code cache with -XX:ReservedCodeCacheSize=
#   JVM is running with Unscaled Compressed Oops mode in which the Java heap is
#     placed in the first 4GB address space. The Java Heap base address is the
#     maximum limit for the native heap growth. Please use -XX:HeapBaseMinAddress
#     to set the Java Heap base and to place the Java Heap above 4GB virtual address.
# This output file may be truncated or incomplete.
#
#  Out of Memory Error (./src/hotspot/share/memory/arena.cpp:197), pid=2428, tid=13808
#
# JRE version: OpenJDK Runtime Environment Temurin-11.0.17+8 (11.0.17+8) (build 11.0.17+8)
# Java VM: OpenJDK 64-Bit Server VM Temurin-11.0.17+8 (11.0.17+8, mixed mode, tiered, compressed oops, g1 gc, windows-amd64)
# No core dump will be written. Minidumps are not enabled by default on client versions of Windows
#

---------------  S U M M A R Y ------------

Command Line: -XX:MaxMetaspaceSize=512m --add-opens=java.base/java.util=ALL-UNNAMED --add-opens=java.base/java.lang=ALL-UNNAMED --add-opens=java.base/java.lang.invoke=ALL-UNNAMED --add-opens=java.prefs/java.util.prefs=ALL-UNNAMED --add-opens=java.base/java.nio.charset=ALL-UNNAMED --add-opens=java.base/java.net=ALL-UNNAMED --add-opens=java.base/java.util.concurrent.atomic=ALL-UNNAMED -Xmx2048m -Dfile.encoding=windows-1252 -Duser.country=US -Duser.language=en -Duser.variant org.gradle.launcher.daemon.bootstrap.GradleDaemon 8.0.1

Host: Intel(R) Core(TM) i5-6200U CPU @ 2.30GHz, 4 cores, 3G,  Windows 10 , 64 bit Build 19041 (10.0.19041.3155)
Time: Sat Jul 22 15:50:33 2023 Pacific Daylight Time elapsed time: 736.391512 seconds (0d 0h 12m 16s)

---------------  T H R E A D  ---------------

Current thread (0x000001f2d4351000):  JavaThread "C2 CompilerThread0" daemon [_thread_in_native, id=13808, stack(0x0000009cfb700000,0x0000009cfb800000)]


Current CompileTask:
C2: 736391 16595 % !   4       com.sun.beans.introspect.MethodInfo::get @ 34 (143 bytes)

Stack: [0x0000009cfb700000,0x0000009cfb800000]
Native frames: (J=compiled Java code, j=interpreted, Vv=VM code, C=native code)
V  [jvm.dll+0x61f5ba]
V  [jvm.dll+0x7abf79]
V  [jvm.dll+0x7ad668]
V  [jvm.dll+0x7add43]
V  [jvm.dll+0x24fd88]
V  [jvm.dll+0xc262c]
V  [jvm.dll+0xc2bec]
V  [jvm.dll+0x359f42]
V  [jvm.dll+0x326123]
V  [jvm.dll+0x32545a]
V  [jvm.dll+0x209053]
V  [jvm.dll+0x20815d]
V  [jvm.dll+0x18a3b1]
V  [jvm.dll+0x217a34]
V  [jvm.dll+0x215c7b]
V  [jvm.dll+0x76ea70]
V  [jvm.dll+0x7679a4]
V  [jvm.dll+0x61e425]
C  [ucrtbase.dll+0x21bb2]
C  [KERNEL32.DLL+0x17614]
C  [ntdll.dll+0x526b1]


---------------  P R O C E S S  ---------------

Threads class SMR info:
_java_thread_list=0x000001f2e0b4cce0, length=86, elements={
0x000001f2b52e6800, 0x000001f2d42fc000, 0x000001f2d42fd000, 0x000001f2d42f8000,
0x000001f2d434d000, 0x000001f2d434e000, 0x000001f2d4351000, 0x000001f2d4379000,
0x000001f2d44c0800, 0x000001f2d454f000, 0x000001f2d557f800, 0x000001f2d5913000,
0x000001f2d5ce5000, 0x000001f2d5797000, 0x000001f2d5797800, 0x000001f2d630d000,
0x000001f2d5db9800, 0x000001f2d631a000, 0x000001f2d5283800, 0x000001f2d598c800,
0x000001f2d5987800, 0x000001f2d598b800, 0x000001f2d5988800, 0x000001f2d5989000,
0x000001f2d598e000, 0x000001f2d598a000, 0x000001f2d598b000, 0x000001f2d5acc000,
0x000001f2d5ac9800, 0x000001f2d5acd000, 0x000001f2d5ad0800, 0x000001f2d5acb800,
0x000001f2d5aca800, 0x000001f2d5ad1000, 0x000001f2d5ad3800, 0x000001f2d5ad2000,
0x000001f2d5ad2800, 0x000001f2d5ad4800, 0x000001f2d5acf800, 0x000001f2d5ad7000,
0x000001f2d5ad6000, 0x000001f2d5ad7800, 0x000001f2d5ad8800, 0x000001f2d6909800,
0x000001f2d6907000, 0x000001f2d690b000, 0x000001f2d6907800, 0x000001f2d6908800,
0x000001f2d690a000, 0x000001f2d6905800, 0x000001f2d690c000, 0x000001f2d6906000,
0x000001f2d6910800, 0x000001f2d6910000, 0x000001f2d6911800, 0x000001f2d6912800,
0x000001f2d690e000, 0x000001f2d690c800, 0x000001f2d690f000, 0x000001f2d6913000,
0x000001f2d690d800, 0x000001f2d6914000, 0x000001f2d67ff000, 0x000001f2d6802800,
0x000001f2d6800000, 0x000001f2d6800800, 0x000001f2d6804000, 0x000001f2d6801800,
0x000001f2d67fe000, 0x000001f2d6809800, 0x000001f2d680a800, 0x000001f2d6804800,
0x000001f2d680b800, 0x000001f2d6805800, 0x000001f2d6809000, 0x000001f2d680c000,
0x000001f2d6806800, 0x000001f2d6807000, 0x000001f2d6808000, 0x000001f2d6c43000,
0x000001f2d6c40000, 0x000001f2d6c3f000, 0x000001f2d6c41800, 0x000001f2d6c44000,
0x000001f2d6c3e000, 0x000001f2d6c48000
}

Java Threads: ( => current thread )
  0x000001f2b52e6800 JavaThread "main" [_thread_blocked, id=15780, stack(0x0000009cfab00000,0x0000009cfac00000)]
  0x000001f2d42fc000 JavaThread "Reference Handler" daemon [_thread_blocked, id=15572, stack(0x0000009cfb200000,0x0000009cfb300000)]
  0x000001f2d42fd000 JavaThread "Finalizer" daemon [_thread_blocked, id=16276, stack(0x0000009cfb300000,0x0000009cfb400000)]
  0x000001f2d42f8000 JavaThread "Signal Dispatcher" daemon [_thread_blocked, id=12772, stack(0x0000009cfb400000,0x0000009cfb500000)]
  0x000001f2d434d000 JavaThread "Attach Listener" daemon [_thread_blocked, id=17244, stack(0x0000009cfb500000,0x0000009cfb600000)]
  0x000001f2d434e000 JavaThread "Service Thread" daemon [_thread_blocked, id=1112, stack(0x0000009cfb600000,0x0000009cfb700000)]
=>0x000001f2d4351000 JavaThread "C2 CompilerThread0" daemon [_thread_in_native, id=13808, stack(0x0000009cfb700000,0x0000009cfb800000)]
  0x000001f2d4379000 JavaThread "C1 CompilerThread0" daemon [_thread_blocked, id=17136, stack(0x0000009cfb800000,0x0000009cfb900000)]
  0x000001f2d44c0800 JavaThread "Sweeper thread" daemon [_thread_blocked, id=4276, stack(0x0000009cfb900000,0x0000009cfba00000)]
  0x000001f2d454f000 JavaThread "Common-Cleaner" daemon [_thread_blocked, id=17704, stack(0x0000009cfba00000,0x0000009cfbb00000)]
  0x000001f2d557f800 JavaThread "Daemon health stats" [_thread_blocked, id=7852, stack(0x0000009cfbd00000,0x0000009cfbe00000)]
  0x000001f2d5913000 JavaThread "Incoming local TCP Connector on port 54001" [_thread_in_native, id=11312, stack(0x0000009cfbe00000,0x0000009cfbf00000)]
  0x000001f2d5ce5000 JavaThread "Daemon periodic checks" [_thread_blocked, id=4300, stack(0x0000009cfbf00000,0x0000009cfc000000)]
  0x000001f2d5797000 JavaThread "Daemon" [_thread_blocked, id=15460, stack(0x0000009cfc000000,0x0000009cfc100000)]
  0x000001f2d5797800 JavaThread "Handler for socket connection from /127.0.0.1:54001 to /127.0.0.1:54003" [_thread_in_native, id=15164, stack(0x0000009cfc100000,0x0000009cfc200000)]
  0x000001f2d630d000 JavaThread "Cancel handler" [_thread_blocked, id=17508, stack(0x0000009cfc200000,0x0000009cfc300000)]
  0x000001f2d5db9800 JavaThread "Daemon worker" [_thread_blocked, id=18308, stack(0x0000009cfc300000,0x0000009cfc400000)]
  0x000001f2d631a000 JavaThread "Asynchronous log dispatcher for DefaultDaemonConnection: socket connection from /127.0.0.1:54001 to /127.0.0.1:54003" [_thread_blocked, id=16048, stack(0x0000009cfc400000,0x0000009cfc500000)]
  0x000001f2d5283800 JavaThread "Daemon client event forwarder" [_thread_blocked, id=16480, stack(0x0000009cfc600000,0x0000009cfc700000)]
  0x000001f2d598c800 JavaThread "Cache worker for journal cache (C:\Users\Ayesha\.gradle\caches\journal-1)" [_thread_blocked, id=16964, stack(0x0000009cfc900000,0x0000009cfca00000)]
  0x000001f2d5987800 JavaThread "File lock request listener" [_thread_in_native, id=17216, stack(0x0000009cfca00000,0x0000009cfcb00000)]
  0x000001f2d598b800 JavaThread "Cache worker for file hash cache (C:\Users\Ayesha\.gradle\caches\8.0.1\fileHashes)" [_thread_blocked, id=15084, stack(0x0000009cfcc00000,0x0000009cfcd00000)]
  0x000001f2d5988800 JavaThread "File watcher server" daemon [_thread_in_native, id=5248, stack(0x0000009cfcd00000,0x0000009cfce00000)]
  0x000001f2d5989000 JavaThread "File watcher consumer" daemon [_thread_blocked, id=9828, stack(0x0000009cfce00000,0x0000009cfcf00000)]
  0x000001f2d598e000 JavaThread "Cache worker for checksums cache (E:\Workspace\NewFolder\OurFypProject\android\.gradle\8.0.1\checksums)" [_thread_blocked, id=12476, stack(0x0000009cfcf00000,0x0000009cfd000000)]
  0x000001f2d598a000 JavaThread "Cache worker for cache directory md-rule (C:\Users\Ayesha\.gradle\caches\8.0.1\md-rule)" [_thread_blocked, id=16624, stack(0x0000009cfd000000,0x0000009cfd100000)]
  0x000001f2d598b000 JavaThread "Cache worker for file content cache (C:\Users\Ayesha\.gradle\caches\8.0.1\fileContent)" [_thread_blocked, id=15320, stack(0x0000009cfd100000,0x0000009cfd200000)]
  0x000001f2d5acc000 JavaThread "Cache worker for file hash cache (E:\Workspace\NewFolder\OurFypProject\android\.gradle\8.0.1\fileHashes)" [_thread_blocked, id=16292, stack(0x0000009cfd400000,0x0000009cfd500000)]
  0x000001f2d5ac9800 JavaThread "Cache worker for cache directory md-supplier (C:\Users\Ayesha\.gradle\caches\8.0.1\md-supplier)" [_thread_blocked, id=9228, stack(0x0000009cfd500000,0x0000009cfd600000)]
  0x000001f2d5acd000 JavaThread "Cache worker for execution history cache (C:\Users\Ayesha\.gradle\caches\8.0.1\executionHistory)" [_thread_blocked, id=472, stack(0x0000009cfd600000,0x0000009cfd700000)]
  0x000001f2d5ad0800 JavaThread "jar transforms" [_thread_blocked, id=8756, stack(0x0000009cfa800000,0x0000009cfa900000)]
  0x000001f2d5acb800 JavaThread "jar transforms Thread 2" [_thread_blocked, id=16008, stack(0x0000009cfa900000,0x0000009cfaa00000)]
  0x000001f2d5aca800 JavaThread "jar transforms Thread 3" [_thread_blocked, id=14344, stack(0x0000009cfaa00000,0x0000009cfab00000)]
  0x000001f2d5ad1000 JavaThread "jar transforms Thread 4" [_thread_blocked, id=14804, stack(0x0000009cfd700000,0x0000009cfd800000)]
  0x000001f2d5ad3800 JavaThread "Cache worker for kotlin-dsl (C:\Users\Ayesha\.gradle\caches\8.0.1\kotlin-dsl)" [_thread_blocked, id=3700, stack(0x0000009cfc500000,0x0000009cfc600000)]
  0x000001f2d5ad2000 JavaThread "Cache worker for dependencies-accessors (E:\Workspace\NewFolder\OurFypProject\android\.gradle\8.0.1\dependencies-accessors)" [_thread_blocked, id=15228, stack(0x0000009cfd200000,0x0000009cfd300000)]
  0x000001f2d5ad2800 JavaThread "Cache worker for Build Output Cleanup Cache (E:\Workspace\NewFolder\OurFypProject\node_modules\@react-native\gradle-plugin\.gradle\buildOutputCleanup)" [_thread_blocked, id=12948, stack(0x0000009cfd800000,0x0000009cfd900000)]
  0x000001f2d5ad4800 JavaThread "Unconstrained build operations" [_thread_blocked, id=1736, stack(0x0000009cfd900000,0x0000009cfda00000)]
  0x000001f2d5acf800 JavaThread "Unconstrained build operations Thread 2" [_thread_blocked, id=4032, stack(0x0000009cfda00000,0x0000009cfdb00000)]
  0x000001f2d5ad7000 JavaThread "Unconstrained build operations Thread 3" [_thread_blocked, id=16616, stack(0x0000009cfdb00000,0x0000009cfdc00000)]
  0x000001f2d5ad6000 JavaThread "Unconstrained build operations Thread 4" [_thread_blocked, id=17148, stack(0x0000009cfdc00000,0x0000009cfdd00000)]
  0x000001f2d5ad7800 JavaThread "Unconstrained build operations Thread 5" [_thread_blocked, id=17496, stack(0x0000009cfdd00000,0x0000009cfde00000)]
  0x000001f2d5ad8800 JavaThread "Unconstrained build operations Thread 6" [_thread_blocked, id=9324, stack(0x0000009cfde00000,0x0000009cfdf00000)]
  0x000001f2d6909800 JavaThread "Unconstrained build operations Thread 7" [_thread_blocked, id=228, stack(0x0000009cfdf00000,0x0000009cfe000000)]
  0x000001f2d6907000 JavaThread "Unconstrained build operations Thread 8" [_thread_blocked, id=4940, stack(0x0000009cfe000000,0x0000009cfe100000)]
  0x000001f2d690b000 JavaThread "Unconstrained build operations Thread 9" [_thread_blocked, id=15984, stack(0x0000009cfe100000,0x0000009cfe200000)]
  0x000001f2d6907800 JavaThread "Unconstrained build operations Thread 10" [_thread_blocked, id=11992, stack(0x0000009cfe200000,0x0000009cfe300000)]
  0x000001f2d6908800 JavaThread "Unconstrained build operations Thread 11" [_thread_blocked, id=2504, stack(0x0000009cfe300000,0x0000009cfe400000)]
  0x000001f2d690a000 JavaThread "Unconstrained build operations Thread 12" [_thread_blocked, id=4216, stack(0x0000009cfe400000,0x0000009cfe500000)]
  0x000001f2d6905800 JavaThread "Unconstrained build operations Thread 13" [_thread_blocked, id=7144, stack(0x0000009cfe500000,0x0000009cfe600000)]
  0x000001f2d690c000 JavaThread "Unconstrained build operations Thread 14" [_thread_blocked, id=13152, stack(0x0000009cfe600000,0x0000009cfe700000)]
  0x000001f2d6906000 JavaThread "Unconstrained build operations Thread 15" [_thread_blocked, id=13376, stack(0x0000009cfe700000,0x0000009cfe800000)]
  0x000001f2d6910800 JavaThread "Unconstrained build operations Thread 16" [_thread_blocked, id=10764, stack(0x0000009cfe800000,0x0000009cfe900000)]
  0x000001f2d6910000 JavaThread "Unconstrained build operations Thread 17" [_thread_blocked, id=1716, stack(0x0000009cfe900000,0x0000009cfea00000)]
  0x000001f2d6911800 JavaThread "Unconstrained build operations Thread 18" [_thread_blocked, id=14440, stack(0x0000009cfea00000,0x0000009cfeb00000)]
  0x000001f2d6912800 JavaThread "Unconstrained build operations Thread 19" [_thread_blocked, id=8920, stack(0x0000009cfeb00000,0x0000009cfec00000)]
  0x000001f2d690e000 JavaThread "Unconstrained build operations Thread 20" [_thread_blocked, id=8064, stack(0x0000009cfec00000,0x0000009cfed00000)]
  0x000001f2d690c800 JavaThread "Unconstrained build operations Thread 21" [_thread_blocked, id=8560, stack(0x0000009cfed00000,0x0000009cfee00000)]
  0x000001f2d690f000 JavaThread "Unconstrained build operations Thread 22" [_thread_blocked, id=6104, stack(0x0000009cfee00000,0x0000009cfef00000)]
  0x000001f2d6913000 JavaThread "Unconstrained build operations Thread 23" [_thread_blocked, id=11208, stack(0x0000009cfef00000,0x0000009cff000000)]
  0x000001f2d690d800 JavaThread "Unconstrained build operations Thread 24" [_thread_blocked, id=6504, stack(0x0000009cff000000,0x0000009cff100000)]
  0x000001f2d6914000 JavaThread "Unconstrained build operations Thread 25" [_thread_blocked, id=1040, stack(0x0000009cff100000,0x0000009cff200000)]
  0x000001f2d67ff000 JavaThread "Unconstrained build operations Thread 26" [_thread_blocked, id=18248, stack(0x0000009cff200000,0x0000009cff300000)]
  0x000001f2d6802800 JavaThread "Memory manager" [_thread_blocked, id=17208, stack(0x0000009cff300000,0x0000009cff400000)]
  0x000001f2d6800000 JavaThread "Cache worker for Build Output Cleanup Cache (E:\Workspace\NewFolder\OurFypProject\android\.gradle\buildOutputCleanup)" [_thread_blocked, id=14936, stack(0x0000009cfd300000,0x0000009cfd400000)]
  0x000001f2d6800800 JavaThread "Execution worker" [_thread_in_native, id=10928, stack(0x0000009cff600000,0x0000009cff700000)]
  0x000001f2d6804000 JavaThread "Execution worker Thread 2" [_thread_blocked, id=5088, stack(0x0000009cff700000,0x0000009cff800000)]
  0x000001f2d6801800 JavaThread "Execution worker Thread 3" [_thread_blocked, id=2508, stack(0x0000009cff800000,0x0000009cff900000)]
  0x000001f2d67fe000 JavaThread "Cache worker for execution history cache (E:\Workspace\NewFolder\OurFypProject\node_modules\@react-native\gradle-plugin\.gradle\8.0.1\executionHistory)" [_thread_blocked, id=6988, stack(0x0000009cff900000,0x0000009cffa00000)]
  0x000001f2d6809800 JavaThread "Unconstrained build operations Thread 27" [_thread_blocked, id=18132, stack(0x0000009cffa00000,0x0000009cffb00000)]
  0x000001f2d680a800 JavaThread "Unconstrained build operations Thread 28" [_thread_blocked, id=6540, stack(0x0000009cffb00000,0x0000009cffc00000)]
  0x000001f2d6804800 JavaThread "Unconstrained build operations Thread 29" [_thread_blocked, id=11408, stack(0x0000009cffc00000,0x0000009cffd00000)]
  0x000001f2d680b800 JavaThread "Unconstrained build operations Thread 30" [_thread_blocked, id=15852, stack(0x0000009cffd00000,0x0000009cffe00000)]
  0x000001f2d6805800 JavaThread "Unconstrained build operations Thread 31" [_thread_blocked, id=2252, stack(0x0000009cffe00000,0x0000009cfff00000)]
  0x000001f2d6809000 JavaThread "Unconstrained build operations Thread 32" [_thread_blocked, id=1160, stack(0x0000009cfff00000,0x0000009d00000000)]
  0x000001f2d680c000 JavaThread "Unconstrained build operations Thread 33" [_thread_blocked, id=1724, stack(0x0000009c80000000,0x0000009c80100000)]
  0x000001f2d6806800 JavaThread "Unconstrained build operations Thread 34" [_thread_blocked, id=2700, stack(0x0000009c80100000,0x0000009c80200000)]
  0x000001f2d6807000 JavaThread "Unconstrained build operations Thread 35" [_thread_blocked, id=5168, stack(0x0000009c80200000,0x0000009c80300000)]
  0x000001f2d6808000 JavaThread "Unconstrained build operations Thread 36" [_thread_blocked, id=17420, stack(0x0000009c80300000,0x0000009c80400000)]
  0x000001f2d6c43000 JavaThread "Unconstrained build operations Thread 37" [_thread_blocked, id=14960, stack(0x0000009c80400000,0x0000009c80500000)]
  0x000001f2d6c40000 JavaThread "Unconstrained build operations Thread 38" [_thread_blocked, id=17684, stack(0x0000009c80500000,0x0000009c80600000)]
  0x000001f2d6c3f000 JavaThread "Unconstrained build operations Thread 39" [_thread_blocked, id=15136, stack(0x0000009c80600000,0x0000009c80700000)]
  0x000001f2d6c41800 JavaThread "Unconstrained build operations Thread 40" [_thread_blocked, id=17824, stack(0x0000009c80700000,0x0000009c80800000)]
  0x000001f2d6c44000 JavaThread "File lock release action executor Thread 4" [_thread_blocked, id=3144, stack(0x0000009c80800000,0x0000009c80900000)]
  0x000001f2d6c3e000 JavaThread "included builds Thread 2" [_thread_blocked, id=8360, stack(0x0000009c80900000,0x0000009c80a00000)]
  0x000001f2d6c48000 JavaThread "Cache worker for execution history cache (E:\Workspace\NewFolder\OurFypProject\android\.gradle\8.0.1\executionHistory)" [_thread_blocked, id=16756, stack(0x0000009c80a00000,0x0000009c80b00000)]

Other Threads:
  0x000001f2d42e8000 VMThread "VM Thread" [stack: 0x0000009cfb100000,0x0000009cfb200000] [id=16916]
  0x000001f2d4603000 WatcherThread [stack: 0x0000009cfbb00000,0x0000009cfbc00000] [id=15464]
  0x000001f2b52fa000 GCTaskThread "GC Thread#0" [stack: 0x0000009cfac00000,0x0000009cfad00000] [id=14896]
  0x000001f2d4d9d000 GCTaskThread "GC Thread#1" [stack: 0x0000009cfbc00000,0x0000009cfbd00000] [id=13356]
  0x000001f2d4f5f800 GCTaskThread "GC Thread#2" [stack: 0x0000009cfc700000,0x0000009cfc800000] [id=17284]
  0x000001f2d4f33800 GCTaskThread "GC Thread#3" [stack: 0x0000009cfc800000,0x0000009cfc900000] [id=13444]
  0x000001f2b532b800 ConcurrentGCThread "G1 Main Marker" [stack: 0x0000009cfad00000,0x0000009cfae00000] [id=7284]
  0x000001f2b532c800 ConcurrentGCThread "G1 Conc#0" [stack: 0x0000009cfae00000,0x0000009cfaf00000] [id=5360]
  0x000001f2b5383800 ConcurrentGCThread "G1 Refine#0" [stack: 0x0000009cfaf00000,0x0000009cfb000000] [id=10596]
  0x000001f2b5384800 ConcurrentGCThread "G1 Young RemSet Sampling" [stack: 0x0000009cfb000000,0x0000009cfb100000] [id=2156]

Threads with active compile tasks:
C2 CompilerThread0   736466 16595 % !   4       com.sun.beans.introspect.MethodInfo::get @ 34 (143 bytes)

VM state:not at safepoint (normal execution)

VM Mutex/Monitor currently owned by a thread: None

Heap address: 0x0000000080000000, size: 2048 MB, Compressed Oops mode: 32-bit
Narrow klass base: 0x0000000000000000, Narrow klass shift: 3
Compressed class space size: 528482304 Address: 0x0000000100000000

Heap:
 garbage-first heap   total 307200K, used 230945K [0x0000000080000000, 0x0000000100000000)
  region size 1024K, 19 young (19456K), 3 survivors (3072K)
 Metaspace       used 118695K, capacity 123253K, committed 123344K, reserved 622592K
  class space    used 15454K, capacity 17276K, committed 17280K, reserved 516096K
Heap Regions: E=young(eden), S=young(survivor), O=old, HS=humongous(starts), HC=humongous(continues), CS=collection set, F=free, A=archive, TAMS=top-at-mark-start (previous, next)
|   0|0x0000000080000000, 0x0000000080100000, 0x0000000080100000|100%|HS|  |TAMS 0x0000000080100000, 0x0000000080000000| Complete 
|   1|0x0000000080100000, 0x0000000080200000, 0x0000000080200000|100%|HC|  |TAMS 0x0000000080200000, 0x0000000080100000| Complete 
|   2|0x0000000080200000, 0x0000000080300000, 0x0000000080300000|100%|HC|  |TAMS 0x0000000080300000, 0x0000000080200000| Complete 
|   3|0x0000000080300000, 0x0000000080400000, 0x0000000080400000|100%|HC|  |TAMS 0x0000000080400000, 0x0000000080300000| Complete 
|   4|0x0000000080400000, 0x0000000080500000, 0x0000000080500000|100%| O|  |TAMS 0x0000000080500000, 0x0000000080400000| Untracked 
|   5|0x0000000080500000, 0x0000000080600000, 0x0000000080600000|100%| O|  |TAMS 0x0000000080600000, 0x0000000080500000| Untracked 
|   6|0x0000000080600000, 0x0000000080700000, 0x0000000080700000|100%| O|  |TAMS 0x0000000080700000, 0x0000000080600000| Untracked 
|   7|0x0000000080700000, 0x0000000080800000, 0x0000000080800000|100%| O|  |TAMS 0x0000000080800000, 0x0000000080700000| Untracked 
|   8|0x0000000080800000, 0x0000000080900000, 0x0000000080900000|100%| O|  |TAMS 0x0000000080900000, 0x0000000080800000| Untracked 
|   9|0x0000000080900000, 0x0000000080a00000, 0x0000000080a00000|100%| O|  |TAMS 0x0000000080a00000, 0x0000000080900000| Untracked 
|  10|0x0000000080a00000, 0x0000000080b00000, 0x0000000080b00000|100%| O|  |TAMS 0x0000000080b00000, 0x0000000080a00000| Untracked 
|  11|0x0000000080b00000, 0x0000000080c00000, 0x0000000080c00000|100%| O|  |TAMS 0x0000000080c00000, 0x0000000080b00000| Untracked 
|  12|0x0000000080c00000, 0x0000000080d00000, 0x0000000080d00000|100%| O|  |TAMS 0x0000000080d00000, 0x0000000080c00000| Untracked 
|  13|0x0000000080d00000, 0x0000000080e00000, 0x0000000080e00000|100%| O|  |TAMS 0x0000000080e00000, 0x0000000080d00000| Untracked 
|  14|0x0000000080e00000, 0x0000000080f00000, 0x0000000080f00000|100%| O|  |TAMS 0x0000000080f00000, 0x0000000080e00000| Untracked 
|  15|0x0000000080f00000, 0x0000000081000000, 0x0000000081000000|100%| O|  |TAMS 0x0000000081000000, 0x0000000080f00000| Untracked 
|  16|0x0000000081000000, 0x0000000081100000, 0x0000000081100000|100%| O|  |TAMS 0x0000000081100000, 0x0000000081000000| Untracked 
|  17|0x0000000081100000, 0x0000000081200000, 0x0000000081200000|100%| O|  |TAMS 0x0000000081200000, 0x0000000081100000| Untracked 
|  18|0x0000000081200000, 0x0000000081300000, 0x0000000081300000|100%| O|  |TAMS 0x0000000081300000, 0x0000000081200000| Untracked 
|  19|0x0000000081300000, 0x0000000081400000, 0x0000000081400000|100%| O|  |TAMS 0x0000000081400000, 0x0000000081300000| Untracked 
|  20|0x0000000081400000, 0x0000000081500000, 0x0000000081500000|100%| O|  |TAMS 0x0000000081500000, 0x0000000081400000| Untracked 
|  21|0x0000000081500000, 0x0000000081600000, 0x0000000081600000|100%| O|  |TAMS 0x0000000081600000, 0x0000000081500000| Untracked 
|  22|0x0000000081600000, 0x0000000081700000, 0x0000000081700000|100%| O|  |TAMS 0x0000000081700000, 0x0000000081600000| Untracked 
|  23|0x0000000081700000, 0x0000000081800000, 0x0000000081800000|100%| O|  |TAMS 0x0000000081800000, 0x0000000081700000| Untracked 
|  24|0x0000000081800000, 0x0000000081900000, 0x0000000081900000|100%| O|  |TAMS 0x0000000081900000, 0x0000000081800000| Untracked 
|  25|0x0000000081900000, 0x0000000081a00000, 0x0000000081a00000|100%| O|  |TAMS 0x0000000081a00000, 0x0000000081900000| Untracked 
|  26|0x0000000081a00000, 0x0000000081b00000, 0x0000000081b00000|100%| O|  |TAMS 0x0000000081b00000, 0x0000000081a00000| Untracked 
|  27|0x0000000081b00000, 0x0000000081c00000, 0x0000000081c00000|100%| O|  |TAMS 0x0000000081c00000, 0x0000000081b00000| Untracked 
|  28|0x0000000081c00000, 0x0000000081d00000, 0x0000000081d00000|100%| O|  |TAMS 0x0000000081d00000, 0x0000000081c00000| Untracked 
|  29|0x0000000081d00000, 0x0000000081e00000, 0x0000000081e00000|100%| O|  |TAMS 0x0000000081e00000, 0x0000000081d00000| Untracked 
|  30|0x0000000081e00000, 0x0000000081f00000, 0x0000000081f00000|100%| O|  |TAMS 0x0000000081f00000, 0x0000000081e00000| Untracked 
|  31|0x0000000081f00000, 0x0000000082000000, 0x0000000082000000|100%| O|  |TAMS 0x0000000082000000, 0x0000000081f00000| Untracked 
|  32|0x0000000082000000, 0x0000000082100000, 0x0000000082100000|100%| O|  |TAMS 0x0000000082100000, 0x0000000082000000| Untracked 
|  33|0x0000000082100000, 0x0000000082200000, 0x0000000082200000|100%|HS|  |TAMS 0x0000000082200000, 0x0000000082100000| Complete 
|  34|0x0000000082200000, 0x0000000082300000, 0x0000000082300000|100%|HC|  |TAMS 0x0000000082300000, 0x0000000082200000| Complete 
|  35|0x0000000082300000, 0x0000000082400000, 0x0000000082400000|100%| O|  |TAMS 0x0000000082400000, 0x0000000082300000| Untracked 
|  36|0x0000000082400000, 0x0000000082500000, 0x0000000082500000|100%|HS|  |TAMS 0x0000000082500000, 0x0000000082400000| Complete 
|  37|0x0000000082500000, 0x0000000082600000, 0x0000000082600000|100%|HC|  |TAMS 0x0000000082600000, 0x0000000082500000| Complete 
|  38|0x0000000082600000, 0x0000000082700000, 0x0000000082700000|100%|HC|  |TAMS 0x0000000082700000, 0x0000000082600000| Complete 
|  39|0x0000000082700000, 0x0000000082800000, 0x0000000082800000|100%|HC|  |TAMS 0x0000000082800000, 0x0000000082700000| Complete 
|  40|0x0000000082800000, 0x0000000082900000, 0x0000000082900000|100%| O|  |TAMS 0x0000000082900000, 0x0000000082800000| Untracked 
|  41|0x0000000082900000, 0x0000000082a00000, 0x0000000082a00000|100%| O|  |TAMS 0x0000000082a00000, 0x0000000082900000| Untracked 
|  42|0x0000000082a00000, 0x0000000082b00000, 0x0000000082b00000|100%| O|  |TAMS 0x0000000082b00000, 0x0000000082a00000| Untracked 
|  43|0x0000000082b00000, 0x0000000082c00000, 0x0000000082c00000|100%| O|  |TAMS 0x0000000082c00000, 0x0000000082b00000| Untracked 
|  44|0x0000000082c00000, 0x0000000082d00000, 0x0000000082d00000|100%| O|  |TAMS 0x0000000082d00000, 0x0000000082c00000| Untracked 
|  45|0x0000000082d00000, 0x0000000082e00000, 0x0000000082e00000|100%| O|  |TAMS 0x0000000082e00000, 0x0000000082d00000| Untracked 
|  46|0x0000000082e00000, 0x0000000082f00000, 0x0000000082f00000|100%| O|  |TAMS 0x0000000082f00000, 0x0000000082e00000| Untracked 
|  47|0x0000000082f00000, 0x0000000083000000, 0x0000000083000000|100%| O|  |TAMS 0x0000000083000000, 0x0000000082f00000| Untracked 
|  48|0x0000000083000000, 0x0000000083100000, 0x0000000083100000|100%| O|  |TAMS 0x0000000083100000, 0x0000000083000000| Untracked 
|  49|0x0000000083100000, 0x0000000083200000, 0x0000000083200000|100%| O|  |TAMS 0x0000000083200000, 0x0000000083100000| Untracked 
|  50|0x0000000083200000, 0x0000000083300000, 0x0000000083300000|100%| O|  |TAMS 0x0000000083300000, 0x0000000083200000| Untracked 
|  51|0x0000000083300000, 0x0000000083400000, 0x0000000083400000|100%| O|  |TAMS 0x0000000083400000, 0x0000000083300000| Untracked 
|  52|0x0000000083400000, 0x0000000083500000, 0x0000000083500000|100%| O|  |TAMS 0x0000000083500000, 0x0000000083400000| Untracked 
|  53|0x0000000083500000, 0x0000000083600000, 0x0000000083600000|100%| O|  |TAMS 0x0000000083600000, 0x0000000083500000| Untracked 
|  54|0x0000000083600000, 0x0000000083700000, 0x0000000083700000|100%| O|  |TAMS 0x0000000083700000, 0x0000000083600000| Untracked 
|  55|0x0000000083700000, 0x0000000083800000, 0x0000000083800000|100%| O|  |TAMS 0x0000000083800000, 0x0000000083700000| Untracked 
|  56|0x0000000083800000, 0x0000000083900000, 0x0000000083900000|100%| O|  |TAMS 0x0000000083900000, 0x0000000083800000| Untracked 
|  57|0x0000000083900000, 0x0000000083a00000, 0x0000000083a00000|100%| O|  |TAMS 0x0000000083a00000, 0x0000000083900000| Untracked 
|  58|0x0000000083a00000, 0x0000000083b00000, 0x0000000083b00000|100%| O|  |TAMS 0x0000000083b00000, 0x0000000083a00000| Untracked 
|  59|0x0000000083b00000, 0x0000000083c00000, 0x0000000083c00000|100%| O|  |TAMS 0x0000000083c00000, 0x0000000083b00000| Untracked 
|  60|0x0000000083c00000, 0x0000000083d00000, 0x0000000083d00000|100%|HS|  |TAMS 0x0000000083d00000, 0x0000000083c00000| Complete 
|  61|0x0000000083d00000, 0x0000000083e00000, 0x0000000083e00000|100%| O|  |TAMS 0x0000000083e00000, 0x0000000083d00000| Untracked 
|  62|0x0000000083e00000, 0x0000000083f00000, 0x0000000083f00000|100%|HS|  |TAMS 0x0000000083f00000, 0x0000000083e00000| Complete 
|  63|0x0000000083f00000, 0x0000000084000000, 0x0000000084000000|100%| O|  |TAMS 0x0000000084000000, 0x0000000083f00000| Untracked 
|  64|0x0000000084000000, 0x0000000084100000, 0x0000000084100000|100%| O|  |TAMS 0x0000000084100000, 0x0000000084000000| Untracked 
|  65|0x0000000084100000, 0x0000000084200000, 0x0000000084200000|100%| O|  |TAMS 0x0000000084200000, 0x0000000084100000| Untracked 
|  66|0x0000000084200000, 0x0000000084300000, 0x0000000084300000|100%| O|  |TAMS 0x0000000084300000, 0x0000000084200000| Untracked 
|  67|0x0000000084300000, 0x0000000084400000, 0x0000000084400000|100%| O|  |TAMS 0x0000000084400000, 0x0000000084300000| Untracked 
|  68|0x0000000084400000, 0x0000000084500000, 0x0000000084500000|100%| O|  |TAMS 0x0000000084500000, 0x0000000084400000| Untracked 
|  69|0x0000000084500000, 0x0000000084600000, 0x0000000084600000|100%| O|  |TAMS 0x0000000084600000, 0x0000000084500000| Untracked 
|  70|0x0000000084600000, 0x0000000084700000, 0x0000000084700000|100%| O|  |TAMS 0x0000000084700000, 0x0000000084600000| Untracked 
|  71|0x0000000084700000, 0x0000000084800000, 0x0000000084800000|100%| O|  |TAMS 0x0000000084800000, 0x0000000084700000| Untracked 
|  72|0x0000000084800000, 0x0000000084900000, 0x0000000084900000|100%| O|  |TAMS 0x0000000084900000, 0x0000000084800000| Untracked 
|  73|0x0000000084900000, 0x0000000084a00000, 0x0000000084a00000|100%| O|  |TAMS 0x0000000084a00000, 0x0000000084900000| Untracked 
|  74|0x0000000084a00000, 0x0000000084b00000, 0x0000000084b00000|100%| O|  |TAMS 0x0000000084b00000, 0x0000000084a00000| Untracked 
|  75|0x0000000084b00000, 0x0000000084c00000, 0x0000000084c00000|100%| O|  |TAMS 0x0000000084c00000, 0x0000000084b00000| Untracked 
|  76|0x0000000084c00000, 0x0000000084d00000, 0x0000000084d00000|100%| O|  |TAMS 0x0000000084d00000, 0x0000000084c00000| Untracked 
|  77|0x0000000084d00000, 0x0000000084e00000, 0x0000000084e00000|100%| O|  |TAMS 0x0000000084e00000, 0x0000000084d00000| Untracked 
|  78|0x0000000084e00000, 0x0000000084f00000, 0x0000000084f00000|100%| O|  |TAMS 0x0000000084f00000, 0x0000000084e00000| Untracked 
|  79|0x0000000084f00000, 0x0000000085000000, 0x0000000085000000|100%| O|  |TAMS 0x0000000085000000, 0x0000000084f00000| Untracked 
|  80|0x0000000085000000, 0x0000000085100000, 0x0000000085100000|100%| O|  |TAMS 0x0000000085100000, 0x0000000085000000| Untracked 
|  81|0x0000000085100000, 0x0000000085200000, 0x0000000085200000|100%|HS|  |TAMS 0x0000000085200000, 0x0000000085100000| Complete 
|  82|0x0000000085200000, 0x0000000085300000, 0x0000000085300000|100%|HC|  |TAMS 0x0000000085300000, 0x0000000085200000| Complete 
|  83|0x0000000085300000, 0x0000000085400000, 0x0000000085400000|100%|HS|  |TAMS 0x0000000085400000, 0x0000000085300000| Complete 
|  84|0x0000000085400000, 0x0000000085500000, 0x0000000085500000|100%|HC|  |TAMS 0x0000000085500000, 0x0000000085400000| Complete 
|  85|0x0000000085500000, 0x0000000085600000, 0x0000000085600000|100%|HC|  |TAMS 0x0000000085600000, 0x0000000085500000| Complete 
|  86|0x0000000085600000, 0x0000000085700000, 0x0000000085700000|100%|HC|  |TAMS 0x0000000085700000, 0x0000000085600000| Complete 
|  87|0x0000000085700000, 0x0000000085800000, 0x0000000085800000|100%| O|  |TAMS 0x0000000085800000, 0x0000000085700000| Untracked 
|  88|0x0000000085800000, 0x0000000085900000, 0x0000000085900000|100%| O|  |TAMS 0x0000000085900000, 0x0000000085800000| Untracked 
|  89|0x0000000085900000, 0x0000000085a00000, 0x0000000085a00000|100%| O|  |TAMS 0x0000000085a00000, 0x0000000085900000| Untracked 
|  90|0x0000000085a00000, 0x0000000085b00000, 0x0000000085b00000|100%| O|  |TAMS 0x0000000085b00000, 0x0000000085a00000| Untracked 
|  91|0x0000000085b00000, 0x0000000085c00000, 0x0000000085c00000|100%| O|  |TAMS 0x0000000085c00000, 0x0000000085b00000| Untracked 
|  92|0x0000000085c00000, 0x0000000085d00000, 0x0000000085d00000|100%| O|  |TAMS 0x0000000085d00000, 0x0000000085c00000| Untracked 
|  93|0x0000000085d00000, 0x0000000085e00000, 0x0000000085e00000|100%| O|  |TAMS 0x0000000085e00000, 0x0000000085d00000| Untracked 
|  94|0x0000000085e00000, 0x0000000085f00000, 0x0000000085f00000|100%| O|  |TAMS 0x0000000085f00000, 0x0000000085e00000| Untracked 
|  95|0x0000000085f00000, 0x0000000086000000, 0x0000000086000000|100%| O|  |TAMS 0x0000000085f00000, 0x0000000085f00000| Untracked 
|  96|0x0000000086000000, 0x0000000086100000, 0x0000000086100000|100%|HS|  |TAMS 0x0000000086100000, 0x0000000086000000| Complete 
|  97|0x0000000086100000, 0x0000000086200000, 0x0000000086200000|100%|HC|  |TAMS 0x0000000086200000, 0x0000000086100000| Complete 
|  98|0x0000000086200000, 0x0000000086300000, 0x0000000086300000|100%|HS|  |TAMS 0x0000000086300000, 0x0000000086200000| Complete 
|  99|0x0000000086300000, 0x0000000086400000, 0x0000000086400000|100%|HC|  |TAMS 0x0000000086400000, 0x0000000086300000| Complete 
| 100|0x0000000086400000, 0x0000000086500000, 0x0000000086500000|100%| O|  |TAMS 0x0000000086500000, 0x0000000086400000| Untracked 
| 101|0x0000000086500000, 0x0000000086600000, 0x0000000086600000|100%| O|  |TAMS 0x0000000086600000, 0x0000000086500000| Untracked 
| 102|0x0000000086600000, 0x0000000086700000, 0x0000000086700000|100%| O|  |TAMS 0x0000000086700000, 0x0000000086600000| Untracked 
| 103|0x0000000086700000, 0x0000000086800000, 0x0000000086800000|100%| O|  |TAMS 0x0000000086800000, 0x0000000086700000| Untracked 
| 104|0x0000000086800000, 0x0000000086900000, 0x0000000086900000|100%| O|  |TAMS 0x0000000086900000, 0x0000000086800000| Untracked 
| 105|0x0000000086900000, 0x0000000086a00000, 0x0000000086a00000|100%| O|  |TAMS 0x0000000086a00000, 0x0000000086900000| Untracked 
| 106|0x0000000086a00000, 0x0000000086b00000, 0x0000000086b00000|100%| O|  |TAMS 0x0000000086b00000, 0x0000000086a00000| Untracked 
| 107|0x0000000086b00000, 0x0000000086c00000, 0x0000000086c00000|100%| O|  |TAMS 0x0000000086b00000, 0x0000000086b00000| Untracked 
| 108|0x0000000086c00000, 0x0000000086d00000, 0x0000000086d00000|100%| O|  |TAMS 0x0000000086d00000, 0x0000000086c00000| Untracked 
| 109|0x0000000086d00000, 0x0000000086e00000, 0x0000000086e00000|100%|HS|  |TAMS 0x0000000086e00000, 0x0000000086d00000| Complete 
| 110|0x0000000086e00000, 0x0000000086f00000, 0x0000000086f00000|100%|HS|  |TAMS 0x0000000086f00000, 0x0000000086e00000| Complete 
| 111|0x0000000086f00000, 0x0000000087000000, 0x0000000087000000|100%|HS|  |TAMS 0x0000000087000000, 0x0000000086f00000| Complete 
| 112|0x0000000087000000, 0x0000000087100000, 0x0000000087100000|100%|HS|  |TAMS 0x0000000087100000, 0x0000000087000000| Complete 
| 113|0x0000000087100000, 0x0000000087200000, 0x0000000087200000|100%|HC|  |TAMS 0x0000000087200000, 0x0000000087100000| Complete 
| 114|0x0000000087200000, 0x0000000087300000, 0x0000000087300000|100%|HC|  |TAMS 0x0000000087300000, 0x0000000087200000| Complete 
| 115|0x0000000087300000, 0x0000000087400000, 0x0000000087400000|100%|HS|  |TAMS 0x0000000087400000, 0x0000000087300000| Complete 
| 116|0x0000000087400000, 0x0000000087500000, 0x0000000087500000|100%|HC|  |TAMS 0x0000000087500000, 0x0000000087400000| Complete 
| 117|0x0000000087500000, 0x0000000087600000, 0x0000000087600000|100%| O|  |TAMS 0x0000000087600000, 0x0000000087500000| Untracked 
| 118|0x0000000087600000, 0x0000000087700000, 0x0000000087700000|100%| O|  |TAMS 0x0000000087700000, 0x0000000087600000| Untracked 
| 119|0x0000000087700000, 0x0000000087788600, 0x0000000087800000| 53%| O|  |TAMS 0x0000000087700000, 0x0000000087700000| Untracked 
| 120|0x0000000087800000, 0x0000000087900000, 0x0000000087900000|100%| O|  |TAMS 0x0000000087900000, 0x0000000087800000| Untracked 
| 121|0x0000000087900000, 0x0000000087a00000, 0x0000000087a00000|100%| O|  |TAMS 0x0000000087a00000, 0x0000000087900000| Untracked 
| 122|0x0000000087a00000, 0x0000000087b00000, 0x0000000087b00000|100%| O|  |TAMS 0x0000000087b00000, 0x0000000087a00000| Untracked 
| 123|0x0000000087b00000, 0x0000000087c00000, 0x0000000087c00000|100%| O|  |TAMS 0x0000000087c00000, 0x0000000087b00000| Untracked 
| 124|0x0000000087c00000, 0x0000000087d00000, 0x0000000087d00000|100%| O|  |TAMS 0x0000000087d00000, 0x0000000087c00000| Untracked 
| 125|0x0000000087d00000, 0x0000000087e00000, 0x0000000087e00000|100%| O|  |TAMS 0x0000000087e00000, 0x0000000087d00000| Untracked 
| 126|0x0000000087e00000, 0x0000000087f00000, 0x0000000087f00000|100%|HS|  |TAMS 0x0000000087f00000, 0x0000000087e00000| Complete 
| 127|0x0000000087f00000, 0x0000000087f00000, 0x0000000088000000|  0%| F|  |TAMS 0x0000000087f00000, 0x0000000087f00000| Untracked 
| 128|0x0000000088000000, 0x0000000088100000, 0x0000000088100000|100%| O|  |TAMS 0x0000000088100000, 0x0000000088000000| Untracked 
| 129|0x0000000088100000, 0x0000000088200000, 0x0000000088200000|100%| O|  |TAMS 0x0000000088200000, 0x0000000088100000| Untracked 
| 130|0x0000000088200000, 0x0000000088300000, 0x0000000088300000|100%|HS|  |TAMS 0x0000000088300000, 0x0000000088200000| Complete 
| 131|0x0000000088300000, 0x0000000088400000, 0x0000000088400000|100%| O|  |TAMS 0x0000000088400000, 0x0000000088300000| Untracked 
| 132|0x0000000088400000, 0x0000000088500000, 0x0000000088500000|100%| O|  |TAMS 0x0000000088460400, 0x0000000088400000| Untracked 
| 133|0x0000000088500000, 0x0000000088600000, 0x0000000088600000|100%| O|  |TAMS 0x0000000088600000, 0x0000000088500000| Untracked 
| 134|0x0000000088600000, 0x0000000088700000, 0x0000000088700000|100%| O|  |TAMS 0x0000000088700000, 0x0000000088600000| Untracked 
| 135|0x0000000088700000, 0x0000000088800000, 0x0000000088800000|100%| O|  |TAMS 0x0000000088800000, 0x0000000088700000| Untracked 
| 136|0x0000000088800000, 0x0000000088900000, 0x0000000088900000|100%| O|  |TAMS 0x0000000088900000, 0x0000000088800000| Untracked 
| 137|0x0000000088900000, 0x0000000088a00000, 0x0000000088a00000|100%| O|  |TAMS 0x0000000088a00000, 0x0000000088900000| Untracked 
| 138|0x0000000088a00000, 0x0000000088b00000, 0x0000000088b00000|100%| O|  |TAMS 0x0000000088b00000, 0x0000000088a00000| Untracked 
| 139|0x0000000088b00000, 0x0000000088c00000, 0x0000000088c00000|100%| O|  |TAMS 0x0000000088c00000, 0x0000000088b00000| Untracked 
| 140|0x0000000088c00000, 0x0000000088d00000, 0x0000000088d00000|100%| O|  |TAMS 0x0000000088d00000, 0x0000000088c00000| Untracked 
| 141|0x0000000088d00000, 0x0000000088e00000, 0x0000000088e00000|100%| O|  |TAMS 0x0000000088e00000, 0x0000000088d00000| Untracked 
| 142|0x0000000088e00000, 0x0000000088f00000, 0x0000000088f00000|100%| O|  |TAMS 0x0000000088f00000, 0x0000000088e00000| Untracked 
| 143|0x0000000088f00000, 0x0000000089000000, 0x0000000089000000|100%| O|  |TAMS 0x0000000089000000, 0x0000000088f00000| Untracked 
| 144|0x0000000089000000, 0x0000000089100000, 0x0000000089100000|100%| O|  |TAMS 0x0000000089100000, 0x0000000089000000| Untracked 
| 145|0x0000000089100000, 0x0000000089200000, 0x0000000089200000|100%| O|  |TAMS 0x0000000089200000, 0x0000000089100000| Untracked 
| 146|0x0000000089200000, 0x0000000089300000, 0x0000000089300000|100%| O|  |TAMS 0x0000000089300000, 0x0000000089200000| Untracked 
| 147|0x0000000089300000, 0x0000000089400000, 0x0000000089400000|100%| O|  |TAMS 0x0000000089400000, 0x0000000089300000| Untracked 
| 148|0x0000000089400000, 0x0000000089500000, 0x0000000089500000|100%| O|  |TAMS 0x0000000089500000, 0x0000000089400000| Untracked 
| 149|0x0000000089500000, 0x0000000089600000, 0x0000000089600000|100%| O|  |TAMS 0x0000000089600000, 0x0000000089500000| Untracked 
| 150|0x0000000089600000, 0x0000000089700000, 0x0000000089700000|100%| O|  |TAMS 0x0000000089700000, 0x0000000089600000| Untracked 
| 151|0x0000000089700000, 0x0000000089800000, 0x0000000089800000|100%| O|  |TAMS 0x0000000089800000, 0x0000000089700000| Untracked 
| 152|0x0000000089800000, 0x0000000089900000, 0x0000000089900000|100%| O|  |TAMS 0x0000000089900000, 0x0000000089800000| Untracked 
| 153|0x0000000089900000, 0x0000000089a00000, 0x0000000089a00000|100%| O|  |TAMS 0x0000000089a00000, 0x0000000089900000| Untracked 
| 154|0x0000000089a00000, 0x0000000089b00000, 0x0000000089b00000|100%| O|  |TAMS 0x0000000089b00000, 0x0000000089a00000| Untracked 
| 155|0x0000000089b00000, 0x0000000089c00000, 0x0000000089c00000|100%| O|  |TAMS 0x0000000089b00000, 0x0000000089b00000| Untracked 
| 156|0x0000000089c00000, 0x0000000089d00000, 0x0000000089d00000|100%| O|  |TAMS 0x0000000089d00000, 0x0000000089c00000| Untracked 
| 157|0x0000000089d00000, 0x0000000089e00000, 0x0000000089e00000|100%| O|  |TAMS 0x0000000089e00000, 0x0000000089d00000| Untracked 
| 158|0x0000000089e00000, 0x0000000089f00000, 0x0000000089f00000|100%| O|  |TAMS 0x0000000089f00000, 0x0000000089e00000| Untracked 
| 159|0x0000000089f00000, 0x000000008a000000, 0x000000008a000000|100%| O|  |TAMS 0x0000000089f00000, 0x0000000089f00000| Untracked 
| 160|0x000000008a000000, 0x000000008a100000, 0x000000008a100000|100%|HS|  |TAMS 0x000000008a100000, 0x000000008a000000| Complete 
| 161|0x000000008a100000, 0x000000008a200000, 0x000000008a200000|100%|HS|  |TAMS 0x000000008a200000, 0x000000008a100000| Complete 
| 162|0x000000008a200000, 0x000000008a300000, 0x000000008a300000|100%|HC|  |TAMS 0x000000008a300000, 0x000000008a200000| Complete 
| 163|0x000000008a300000, 0x000000008a400000, 0x000000008a400000|100%|HC|  |TAMS 0x000000008a400000, 0x000000008a300000| Complete 
| 164|0x000000008a400000, 0x000000008a500000, 0x000000008a500000|100%| O|  |TAMS 0x000000008a500000, 0x000000008a400000| Untracked 
| 165|0x000000008a500000, 0x000000008a600000, 0x000000008a600000|100%| O|  |TAMS 0x000000008a600000, 0x000000008a500000| Untracked 
| 166|0x000000008a600000, 0x000000008a700000, 0x000000008a700000|100%| O|  |TAMS 0x000000008a700000, 0x000000008a600000| Untracked 
| 167|0x000000008a700000, 0x000000008a800000, 0x000000008a800000|100%| O|  |TAMS 0x000000008a800000, 0x000000008a700000| Untracked 
| 168|0x000000008a800000, 0x000000008a900000, 0x000000008a900000|100%| O|  |TAMS 0x000000008a900000, 0x000000008a800000| Untracked 
| 169|0x000000008a900000, 0x000000008aa00000, 0x000000008aa00000|100%|HS|  |TAMS 0x000000008aa00000, 0x000000008a900000| Complete 
| 170|0x000000008aa00000, 0x000000008ab00000, 0x000000008ab00000|100%| O|  |TAMS 0x000000008ab00000, 0x000000008aa00000| Untracked 
| 171|0x000000008ab00000, 0x000000008ac00000, 0x000000008ac00000|100%| O|  |TAMS 0x000000008ac00000, 0x000000008ab00000| Untracked 
| 172|0x000000008ac00000, 0x000000008ad00000, 0x000000008ad00000|100%| O|  |TAMS 0x000000008ad00000, 0x000000008ac00000| Untracked 
| 173|0x000000008ad00000, 0x000000008ae00000, 0x000000008ae00000|100%| O|  |TAMS 0x000000008ae00000, 0x000000008ad00000| Untracked 
| 174|0x000000008ae00000, 0x000000008af00000, 0x000000008af00000|100%| O|  |TAMS 0x000000008af00000, 0x000000008ae00000| Untracked 
| 175|0x000000008af00000, 0x000000008b000000, 0x000000008b000000|100%| O|  |TAMS 0x000000008b000000, 0x000000008af00000| Untracked 
| 176|0x000000008b000000, 0x000000008b100000, 0x000000008b100000|100%| O|  |TAMS 0x000000008b100000, 0x000000008b000000| Untracked 
| 177|0x000000008b100000, 0x000000008b200000, 0x000000008b200000|100%| O|  |TAMS 0x000000008b200000, 0x000000008b100000| Untracked 
| 178|0x000000008b200000, 0x000000008b300000, 0x000000008b300000|100%| O|  |TAMS 0x000000008b300000, 0x000000008b200000| Untracked 
| 179|0x000000008b300000, 0x000000008b300000, 0x000000008b400000|  0%| F|  |TAMS 0x000000008b300000, 0x000000008b300000| Untracked 
| 180|0x000000008b400000, 0x000000008b400000, 0x000000008b500000|  0%| F|  |TAMS 0x000000008b400000, 0x000000008b400000| Untracked 
| 181|0x000000008b500000, 0x000000008b600000, 0x000000008b600000|100%| O|  |TAMS 0x000000008b500000, 0x000000008b500000| Untracked 
| 182|0x000000008b600000, 0x000000008b700000, 0x000000008b700000|100%| O|  |TAMS 0x000000008b700000, 0x000000008b600000| Untracked 
| 183|0x000000008b700000, 0x000000008b800000, 0x000000008b800000|100%| O|  |TAMS 0x000000008b800000, 0x000000008b700000| Untracked 
| 184|0x000000008b800000, 0x000000008b900000, 0x000000008b900000|100%| O|  |TAMS 0x000000008b800000, 0x000000008b800000| Untracked 
| 185|0x000000008b900000, 0x000000008ba00000, 0x000000008ba00000|100%| O|  |TAMS 0x000000008ba00000, 0x000000008b900000| Untracked 
| 186|0x000000008ba00000, 0x000000008bb00000, 0x000000008bb00000|100%| O|  |TAMS 0x000000008bb00000, 0x000000008ba00000| Untracked 
| 187|0x000000008bb00000, 0x000000008bc00000, 0x000000008bc00000|100%| O|  |TAMS 0x000000008bc00000, 0x000000008bb00000| Untracked 
| 188|0x000000008bc00000, 0x000000008bd00000, 0x000000008bd00000|100%| O|  |TAMS 0x000000008bd00000, 0x000000008bc00000| Untracked 
| 189|0x000000008bd00000, 0x000000008be00000, 0x000000008be00000|100%| O|  |TAMS 0x000000008be00000, 0x000000008bd00000| Untracked 
| 190|0x000000008be00000, 0x000000008bf00000, 0x000000008bf00000|100%| O|  |TAMS 0x000000008bf00000, 0x000000008be00000| Untracked 
| 191|0x000000008bf00000, 0x000000008c000000, 0x000000008c000000|100%| O|  |TAMS 0x000000008c000000, 0x000000008bf00000| Untracked 
| 192|0x000000008c000000, 0x000000008c100000, 0x000000008c100000|100%| O|  |TAMS 0x000000008c100000, 0x000000008c000000| Untracked 
| 193|0x000000008c100000, 0x000000008c200000, 0x000000008c200000|100%| O|  |TAMS 0x000000008c200000, 0x000000008c100000| Untracked 
| 194|0x000000008c200000, 0x000000008c300000, 0x000000008c300000|100%| O|  |TAMS 0x000000008c300000, 0x000000008c200000| Untracked 
| 195|0x000000008c300000, 0x000000008c400000, 0x000000008c400000|100%| O|  |TAMS 0x000000008c400000, 0x000000008c300000| Untracked 
| 196|0x000000008c400000, 0x000000008c500000, 0x000000008c500000|100%| O|  |TAMS 0x000000008c500000, 0x000000008c400000| Untracked 
| 197|0x000000008c500000, 0x000000008c600000, 0x000000008c600000|100%| O|  |TAMS 0x000000008c600000, 0x000000008c500000| Untracked 
| 198|0x000000008c600000, 0x000000008c700000, 0x000000008c700000|100%| O|  |TAMS 0x000000008c700000, 0x000000008c600000| Untracked 
| 199|0x000000008c700000, 0x000000008c800000, 0x000000008c800000|100%| O|  |TAMS 0x000000008c800000, 0x000000008c700000| Untracked 
| 200|0x000000008c800000, 0x000000008c800000, 0x000000008c900000|  0%| F|  |TAMS 0x000000008c800000, 0x000000008c800000| Untracked 
| 201|0x000000008c900000, 0x000000008ca00000, 0x000000008ca00000|100%| O|  |TAMS 0x000000008ca00000, 0x000000008c900000| Untracked 
| 202|0x000000008ca00000, 0x000000008cb00000, 0x000000008cb00000|100%| O|  |TAMS 0x000000008cb00000, 0x000000008ca00000| Untracked 
| 203|0x000000008cb00000, 0x000000008cc00000, 0x000000008cc00000|100%| O|  |TAMS 0x000000008cc00000, 0x000000008cb00000| Untracked 
| 204|0x000000008cc00000, 0x000000008cd00000, 0x000000008cd00000|100%| O|  |TAMS 0x000000008cd00000, 0x000000008cc00000| Untracked 
| 205|0x000000008cd00000, 0x000000008ce00000, 0x000000008ce00000|100%| O|  |TAMS 0x000000008ce00000, 0x000000008cd00000| Untracked 
| 206|0x000000008ce00000, 0x000000008cf00000, 0x000000008cf00000|100%| O|  |TAMS 0x000000008cf00000, 0x000000008ce00000| Untracked 
| 207|0x000000008cf00000, 0x000000008d000000, 0x000000008d000000|100%| O|  |TAMS 0x000000008d000000, 0x000000008cf00000| Untracked 
| 208|0x000000008d000000, 0x000000008d100000, 0x000000008d100000|100%| O|  |TAMS 0x000000008d100000, 0x000000008d000000| Untracked 
| 209|0x000000008d100000, 0x000000008d200000, 0x000000008d200000|100%| O|  |TAMS 0x000000008d100000, 0x000000008d100000| Untracked 
| 210|0x000000008d200000, 0x000000008d300000, 0x000000008d300000|100%| O|  |TAMS 0x000000008d200000, 0x000000008d200000| Untracked 
| 211|0x000000008d300000, 0x000000008d400000, 0x000000008d400000|100%| O|  |TAMS 0x000000008d300000, 0x000000008d300000| Untracked 
| 212|0x000000008d400000, 0x000000008d400000, 0x000000008d500000|  0%| F|  |TAMS 0x000000008d400000, 0x000000008d400000| Untracked 
| 213|0x000000008d500000, 0x000000008d500000, 0x000000008d600000|  0%| F|  |TAMS 0x000000008d500000, 0x000000008d500000| Untracked 
| 214|0x000000008d600000, 0x000000008d600000, 0x000000008d700000|  0%| F|  |TAMS 0x000000008d600000, 0x000000008d600000| Untracked 
| 215|0x000000008d700000, 0x000000008d700000, 0x000000008d800000|  0%| F|  |TAMS 0x000000008d700000, 0x000000008d700000| Untracked 
| 216|0x000000008d800000, 0x000000008d800000, 0x000000008d900000|  0%| F|  |TAMS 0x000000008d800000, 0x000000008d800000| Untracked 
| 217|0x000000008d900000, 0x000000008d900000, 0x000000008da00000|  0%| F|  |TAMS 0x000000008d900000, 0x000000008d900000| Untracked 
| 218|0x000000008da00000, 0x000000008da00000, 0x000000008db00000|  0%| F|  |TAMS 0x000000008da00000, 0x000000008da00000| Untracked 
| 219|0x000000008db00000, 0x000000008db00000, 0x000000008dc00000|  0%| F|  |TAMS 0x000000008db00000, 0x000000008db00000| Untracked 
| 220|0x000000008dc00000, 0x000000008dc00000, 0x000000008dd00000|  0%| F|  |TAMS 0x000000008dc00000, 0x000000008dc00000| Untracked 
| 221|0x000000008dd00000, 0x000000008dd00000, 0x000000008de00000|  0%| F|  |TAMS 0x000000008dd00000, 0x000000008dd00000| Untracked 
| 222|0x000000008de00000, 0x000000008de00000, 0x000000008df00000|  0%| F|  |TAMS 0x000000008de00000, 0x000000008de00000| Untracked 
| 223|0x000000008df00000, 0x000000008df00000, 0x000000008e000000|  0%| F|  |TAMS 0x000000008df00000, 0x000000008df00000| Untracked 
| 224|0x000000008e000000, 0x000000008e000000, 0x000000008e100000|  0%| F|  |TAMS 0x000000008e000000, 0x000000008e000000| Untracked 
| 225|0x000000008e100000, 0x000000008e100000, 0x000000008e200000|  0%| F|  |TAMS 0x000000008e100000, 0x000000008e100000| Untracked 
| 226|0x000000008e200000, 0x000000008e200000, 0x000000008e300000|  0%| F|  |TAMS 0x000000008e200000, 0x000000008e200000| Untracked 
| 227|0x000000008e300000, 0x000000008e300000, 0x000000008e400000|  0%| F|  |TAMS 0x000000008e300000, 0x000000008e300000| Untracked 
| 228|0x000000008e400000, 0x000000008e400000, 0x000000008e500000|  0%| F|  |TAMS 0x000000008e400000, 0x000000008e400000| Untracked 
| 229|0x000000008e500000, 0x000000008e500000, 0x000000008e600000|  0%| F|  |TAMS 0x000000008e500000, 0x000000008e500000| Untracked 
| 230|0x000000008e600000, 0x000000008e600000, 0x000000008e700000|  0%| F|  |TAMS 0x000000008e600000, 0x000000008e600000| Untracked 
| 231|0x000000008e700000, 0x000000008e700000, 0x000000008e800000|  0%| F|  |TAMS 0x000000008e700000, 0x000000008e700000| Untracked 
| 232|0x000000008e800000, 0x000000008e800000, 0x000000008e900000|  0%| F|  |TAMS 0x000000008e800000, 0x000000008e800000| Untracked 
| 233|0x000000008e900000, 0x000000008e900000, 0x000000008ea00000|  0%| F|  |TAMS 0x000000008e900000, 0x000000008e900000| Untracked 
| 234|0x000000008ea00000, 0x000000008ea00000, 0x000000008eb00000|  0%| F|  |TAMS 0x000000008ea00000, 0x000000008ea00000| Untracked 
| 235|0x000000008eb00000, 0x000000008eb00000, 0x000000008ec00000|  0%| F|  |TAMS 0x000000008eb00000, 0x000000008eb00000| Untracked 
| 236|0x000000008ec00000, 0x000000008ec00000, 0x000000008ed00000|  0%| F|  |TAMS 0x000000008ec00000, 0x000000008ec00000| Untracked 
| 237|0x000000008ed00000, 0x000000008ed00000, 0x000000008ee00000|  0%| F|  |TAMS 0x000000008ed00000, 0x000000008ed00000| Untracked 
| 238|0x000000008ee00000, 0x000000008ee00000, 0x000000008ef00000|  0%| F|  |TAMS 0x000000008ee00000, 0x000000008ee00000| Untracked 
| 239|0x000000008ef00000, 0x000000008ef00000, 0x000000008f000000|  0%| F|  |TAMS 0x000000008ef00000, 0x000000008ef00000| Untracked 
| 240|0x000000008f000000, 0x000000008f000000, 0x000000008f100000|  0%| F|  |TAMS 0x000000008f000000, 0x000000008f000000| Untracked 
| 241|0x000000008f100000, 0x000000008f100000, 0x000000008f200000|  0%| F|  |TAMS 0x000000008f100000, 0x000000008f100000| Untracked 
| 242|0x000000008f200000, 0x000000008f200000, 0x000000008f300000|  0%| F|  |TAMS 0x000000008f200000, 0x000000008f200000| Untracked 
| 243|0x000000008f300000, 0x000000008f300000, 0x000000008f400000|  0%| F|  |TAMS 0x000000008f300000, 0x000000008f300000| Untracked 
| 244|0x000000008f400000, 0x000000008f400000, 0x000000008f500000|  0%| F|  |TAMS 0x000000008f400000, 0x000000008f400000| Untracked 
| 245|0x000000008f500000, 0x000000008f500000, 0x000000008f600000|  0%| F|  |TAMS 0x000000008f500000, 0x000000008f500000| Untracked 
| 246|0x000000008f600000, 0x000000008f600000, 0x000000008f700000|  0%| F|  |TAMS 0x000000008f600000, 0x000000008f600000| Untracked 
| 247|0x000000008f700000, 0x000000008f700000, 0x000000008f800000|  0%| F|  |TAMS 0x000000008f700000, 0x000000008f700000| Untracked 
| 248|0x000000008f800000, 0x000000008f800000, 0x000000008f900000|  0%| F|  |TAMS 0x000000008f800000, 0x000000008f800000| Untracked 
| 249|0x000000008f900000, 0x000000008f900000, 0x000000008fa00000|  0%| F|  |TAMS 0x000000008f900000, 0x000000008f900000| Untracked 
| 250|0x000000008fa00000, 0x000000008fa00000, 0x000000008fb00000|  0%| F|  |TAMS 0x000000008fa00000, 0x000000008fa00000| Untracked 
| 251|0x000000008fb00000, 0x000000008fb00000, 0x000000008fc00000|  0%| F|  |TAMS 0x000000008fb00000, 0x000000008fb00000| Untracked 
| 252|0x000000008fc00000, 0x000000008fc00000, 0x000000008fd00000|  0%| F|  |TAMS 0x000000008fc00000, 0x000000008fc00000| Untracked 
| 253|0x000000008fd00000, 0x000000008fd00000, 0x000000008fe00000|  0%| F|  |TAMS 0x000000008fd00000, 0x000000008fd00000| Untracked 
| 254|0x000000008fe00000, 0x000000008fe00000, 0x000000008ff00000|  0%| F|  |TAMS 0x000000008fe00000, 0x000000008fe00000| Untracked 
| 255|0x000000008ff00000, 0x000000008ff00000, 0x0000000090000000|  0%| F|  |TAMS 0x000000008ff00000, 0x000000008ff00000| Untracked 
| 256|0x0000000090000000, 0x0000000090000000, 0x0000000090100000|  0%| F|  |TAMS 0x0000000090000000, 0x0000000090000000| Untracked 
| 257|0x0000000090100000, 0x0000000090100000, 0x0000000090200000|  0%| F|  |TAMS 0x0000000090100000, 0x0000000090100000| Untracked 
| 258|0x0000000090200000, 0x0000000090200000, 0x0000000090300000|  0%| F|  |TAMS 0x0000000090200000, 0x0000000090200000| Untracked 
| 259|0x0000000090300000, 0x0000000090300000, 0x0000000090400000|  0%| F|  |TAMS 0x0000000090300000, 0x0000000090300000| Untracked 
| 260|0x0000000090400000, 0x0000000090400000, 0x0000000090500000|  0%| F|  |TAMS 0x0000000090400000, 0x0000000090400000| Untracked 
| 261|0x0000000090500000, 0x0000000090500000, 0x0000000090600000|  0%| F|  |TAMS 0x0000000090500000, 0x0000000090500000| Untracked 
| 262|0x0000000090600000, 0x0000000090600000, 0x0000000090700000|  0%| F|  |TAMS 0x0000000090600000, 0x0000000090600000| Untracked 
| 263|0x0000000090700000, 0x0000000090700000, 0x0000000090800000|  0%| F|  |TAMS 0x0000000090700000, 0x0000000090700000| Untracked 
| 264|0x0000000090800000, 0x0000000090800000, 0x0000000090900000|  0%| F|  |TAMS 0x0000000090800000, 0x0000000090800000| Untracked 
| 265|0x0000000090900000, 0x0000000090900000, 0x0000000090a00000|  0%| F|  |TAMS 0x0000000090900000, 0x0000000090900000| Untracked 
| 266|0x0000000090a00000, 0x0000000090a00000, 0x0000000090b00000|  0%| F|  |TAMS 0x0000000090a00000, 0x0000000090a00000| Untracked 
| 267|0x0000000090b00000, 0x0000000090b00000, 0x0000000090c00000|  0%| F|  |TAMS 0x0000000090b00000, 0x0000000090b00000| Untracked 
| 268|0x0000000090c00000, 0x0000000090c00000, 0x0000000090d00000|  0%| F|  |TAMS 0x0000000090c00000, 0x0000000090c00000| Untracked 
| 269|0x0000000090d00000, 0x0000000090d00000, 0x0000000090e00000|  0%| F|  |TAMS 0x0000000090d00000, 0x0000000090d00000| Untracked 
| 270|0x0000000090e00000, 0x0000000090e00000, 0x0000000090f00000|  0%| F|  |TAMS 0x0000000090e00000, 0x0000000090e00000| Untracked 
| 271|0x0000000090f00000, 0x0000000090f00000, 0x0000000091000000|  0%| F|  |TAMS 0x0000000090f00000, 0x0000000090f00000| Untracked 
| 272|0x0000000091000000, 0x0000000091000000, 0x0000000091100000|  0%| F|  |TAMS 0x0000000091000000, 0x0000000091000000| Untracked 
| 273|0x0000000091100000, 0x0000000091100000, 0x0000000091200000|  0%| F|  |TAMS 0x0000000091100000, 0x0000000091100000| Untracked 
| 274|0x0000000091200000, 0x0000000091300000, 0x0000000091300000|100%| S|CS|TAMS 0x0000000091200000, 0x0000000091200000| Complete 
| 275|0x0000000091300000, 0x0000000091300000, 0x0000000091400000|  0%| F|  |TAMS 0x0000000091300000, 0x0000000091300000| Untracked 
| 276|0x0000000091400000, 0x0000000091400000, 0x0000000091500000|  0%| F|  |TAMS 0x0000000091400000, 0x0000000091400000| Untracked 
| 277|0x0000000091500000, 0x0000000091500000, 0x0000000091600000|  0%| F|  |TAMS 0x0000000091500000, 0x0000000091500000| Untracked 
| 278|0x0000000091600000, 0x0000000091700000, 0x0000000091700000|100%| S|CS|TAMS 0x0000000091600000, 0x0000000091600000| Complete 
| 279|0x0000000091700000, 0x0000000091800000, 0x0000000091800000|100%| S|CS|TAMS 0x0000000091700000, 0x0000000091700000| Complete 
| 280|0x0000000091800000, 0x0000000091800000, 0x0000000091900000|  0%| F|  |TAMS 0x0000000091800000, 0x0000000091800000| Untracked 
| 281|0x0000000091900000, 0x0000000091900000, 0x0000000091a00000|  0%| F|  |TAMS 0x0000000091900000, 0x0000000091900000| Untracked 
| 282|0x0000000091a00000, 0x0000000091a00000, 0x0000000091b00000|  0%| F|  |TAMS 0x0000000091a00000, 0x0000000091a00000| Untracked 
| 283|0x0000000091b00000, 0x0000000091b00000, 0x0000000091c00000|  0%| F|  |TAMS 0x0000000091b00000, 0x0000000091b00000| Untracked 
| 284|0x0000000091c00000, 0x0000000091c8fee8, 0x0000000091d00000| 56%| E|  |TAMS 0x0000000091c00000, 0x0000000091c00000| Complete 
| 285|0x0000000091d00000, 0x0000000091e00000, 0x0000000091e00000|100%| E|CS|TAMS 0x0000000091d00000, 0x0000000091d00000| Complete 
| 286|0x0000000091e00000, 0x0000000091f00000, 0x0000000091f00000|100%| E|CS|TAMS 0x0000000091e00000, 0x0000000091e00000| Complete 
| 287|0x0000000091f00000, 0x0000000092000000, 0x0000000092000000|100%| E|CS|TAMS 0x0000000091f00000, 0x0000000091f00000| Complete 
| 288|0x0000000092000000, 0x0000000092100000, 0x0000000092100000|100%| E|CS|TAMS 0x0000000092000000, 0x0000000092000000| Complete 
| 289|0x0000000092100000, 0x0000000092200000, 0x0000000092200000|100%| E|CS|TAMS 0x0000000092100000, 0x0000000092100000| Complete 
| 290|0x0000000092200000, 0x0000000092300000, 0x0000000092300000|100%| E|CS|TAMS 0x0000000092200000, 0x0000000092200000| Complete 
| 291|0x0000000092300000, 0x0000000092400000, 0x0000000092400000|100%| E|CS|TAMS 0x0000000092300000, 0x0000000092300000| Complete 
| 292|0x0000000092400000, 0x0000000092500000, 0x0000000092500000|100%| E|CS|TAMS 0x0000000092400000, 0x0000000092400000| Complete 
| 293|0x0000000092500000, 0x0000000092600000, 0x0000000092600000|100%| E|CS|TAMS 0x0000000092500000, 0x0000000092500000| Complete 
| 294|0x0000000092600000, 0x0000000092700000, 0x0000000092700000|100%| E|CS|TAMS 0x0000000092600000, 0x0000000092600000| Complete 
| 295|0x0000000092700000, 0x0000000092800000, 0x0000000092800000|100%| E|CS|TAMS 0x0000000092700000, 0x0000000092700000| Complete 
| 296|0x0000000092800000, 0x0000000092900000, 0x0000000092900000|100%| E|CS|TAMS 0x0000000092800000, 0x0000000092800000| Complete 
| 297|0x0000000092900000, 0x0000000092a00000, 0x0000000092a00000|100%| E|CS|TAMS 0x0000000092900000, 0x0000000092900000| Complete 
| 298|0x0000000092a00000, 0x0000000092b00000, 0x0000000092b00000|100%| E|CS|TAMS 0x0000000092a00000, 0x0000000092a00000| Complete 
| 299|0x0000000092b00000, 0x0000000092c00000, 0x0000000092c00000|100%| E|CS|TAMS 0x0000000092b00000, 0x0000000092b00000| Complete 

Card table byte_map: [0x000001f2cce60000,0x000001f2cd260000] _byte_map_base: 0x000001f2cca60000

Marking Bits (Prev, Next): (CMBitMap*) 0x000001f2b5322748, (CMBitMap*) 0x000001f2b5322780
 Prev Bits: [0x000001f2cd660000, 0x000001f2cf660000)
 Next Bits: [0x000001f2cf660000, 0x000001f2d1660000)

Polling page: 0x000001f2b4ac0000

Metaspace:

Usage:
  Non-class:    103.49 MB capacity,   100.82 MB ( 97%) used,     2.28 MB (  2%) free+waste,   403.44 KB ( <1%) overhead. 
      Class:     16.87 MB capacity,    15.09 MB ( 89%) used,     1.60 MB (  9%) free+waste,   185.50 KB (  1%) overhead. 
       Both:    120.36 MB capacity,   115.91 MB ( 96%) used,     3.88 MB (  3%) free+waste,   588.94 KB ( <1%) overhead. 

Virtual space:
  Non-class space:      104.00 MB reserved,     103.58 MB (>99%) committed 
      Class space:      504.00 MB reserved,      16.88 MB (  3%) committed 
             Both:      608.00 MB reserved,     120.45 MB ( 20%) committed 

Chunk freelists:
   Non-Class:  23.00 KB
       Class:  4.00 KB
        Both:  27.00 KB

MaxMetaspaceSize: 512.00 MB
CompressedClassSpaceSize: 504.00 MB
Initial GC threshold: 20.80 MB
Current GC threshold: 199.92 MB
CDS: off

CodeHeap 'non-profiled nmethods': size=120064Kb used=12687Kb max_used=12687Kb free=107376Kb
 bounds [0x000001f2c5520000, 0x000001f2c6190000, 0x000001f2cca60000]
CodeHeap 'profiled nmethods': size=120000Kb used=38141Kb max_used=38141Kb free=81858Kb
 bounds [0x000001f2bdff0000, 0x000001f2c0530000, 0x000001f2c5520000]
CodeHeap 'non-nmethods': size=5696Kb used=2434Kb max_used=2491Kb free=3261Kb
 bounds [0x000001f2bda60000, 0x000001f2bdce0000, 0x000001f2bdff0000]
 total_blobs=17438 nmethods=16470 adapters=879
 compilation: enabled
              stopped_count=0, restarted_count=0
 full_count=0

Compilation events (20 events):
Event: 726.199 Thread 0x000001f2d4379000 nmethod 16588 0x000001f2c052db90 code [0x000001f2c052dda0, 0x000001f2c052e298]
Event: 726.946 Thread 0x000001f2d4351000 16589   !   4       org.codehaus.groovy.reflection.ClassInfo::getMetaClass (33 bytes)
Event: 727.008 Thread 0x000001f2d4351000 nmethod 16589 0x000001f2c6177290 code [0x000001f2c61774e0, 0x000001f2c6177ea0]
Event: 729.097 Thread 0x000001f2d4351000 16590       4       java.util.ArrayDeque$DeqIterator::<init> (34 bytes)
Event: 729.102 Thread 0x000001f2d4351000 nmethod 16590 0x000001f2c6178690 code [0x000001f2c6178820, 0x000001f2c61789b8]
Event: 729.952 Thread 0x000001f2d4351000 16591       4       sun.nio.fs.Util::followLinks (66 bytes)
Event: 729.957 Thread 0x000001f2d4351000 nmethod 16591 0x000001f2c6178a90 code [0x000001f2c6178c20, 0x000001f2c6178cf8]
Event: 729.957 Thread 0x000001f2d4351000 16592   !   4       sun.nio.fs.WindowsFileAttributes::get (236 bytes)
Event: 730.608 Thread 0x000001f2d4351000 nmethod 16592 0x000001f2c6178e10 code [0x000001f2c61794c0, 0x000001f2c61801a0]
Event: 730.609 Thread 0x000001f2d4351000 16593       4       sun.nio.fs.WindowsFileSystemProvider::getFileAttributeView (118 bytes)
Event: 730.622 Thread 0x000001f2d4351000 nmethod 16593 0x000001f2c6183610 code [0x000001f2c61837c0, 0x000001f2c6183a78]
Event: 735.241 Thread 0x000001f2d4351000 16595 % !   4       com.sun.beans.introspect.MethodInfo::get @ 34 (143 bytes)
Event: 735.872 Thread 0x000001f2d4379000 16597       2       org.gradle.api.tasks.util.internal.CachingPatternSpecFactory$CachingSpec$1::call (5 bytes)
Event: 735.878 Thread 0x000001f2d4379000 nmethod 16597 0x000001f2c052e510 code [0x000001f2c052e6c0, 0x000001f2c052e808]
Event: 735.878 Thread 0x000001f2d4379000 16599       2       org.gradle.api.internal.file.RelativePathSpec::isSatisfiedBy (9 bytes)
Event: 735.883 Thread 0x000001f2d4379000 nmethod 16599 0x000001f2c052e910 code [0x000001f2c052eae0, 0x000001f2c052ec98]
Event: 735.883 Thread 0x000001f2d4379000 16598       2       org.gradle.api.internal.file.RelativePathSpec::isSatisfiedBy (23 bytes)
Event: 735.885 Thread 0x000001f2d4379000 nmethod 16598 0x000001f2c052ee10 code [0x000001f2c052efe0, 0x000001f2c052f138]
Event: 735.892 Thread 0x000001f2d4379000 16600       3       org.gradle.api.internal.file.collections.DefaultDirectoryWalker$PathVisitor::visitFile (10 bytes)
Event: 735.893 Thread 0x000001f2d4379000 nmethod 16600 0x000001f2c052f210 code [0x000001f2c052f3e0, 0x000001f2c052f608]

GC Heap History (20 events):
Event: 651.528 GC heap before
{Heap before GC invocations=253 (full 0):
 garbage-first heap   total 231424K, used 217688K [0x0000000080000000, 0x0000000100000000)
  region size 1024K, 11 young (11264K), 2 survivors (2048K)
 Metaspace       used 117168K, capacity 121582K, committed 121808K, reserved 622592K
  class space    used 15270K, capacity 17002K, committed 17024K, reserved 516096K
}
Event: 651.573 GC heap after
{Heap after GC invocations=254 (full 0):
 garbage-first heap   total 231424K, used 206533K [0x0000000080000000, 0x0000000100000000)
  region size 1024K, 2 young (2048K), 2 survivors (2048K)
 Metaspace       used 117168K, capacity 121582K, committed 121808K, reserved 622592K
  class space    used 15270K, capacity 17002K, committed 17024K, reserved 516096K
}
Event: 652.382 GC heap before
{Heap before GC invocations=254 (full 0):
 garbage-first heap   total 231424K, used 215749K [0x0000000080000000, 0x0000000100000000)
  region size 1024K, 11 young (11264K), 2 survivors (2048K)
 Metaspace       used 117541K, capacity 121987K, committed 122192K, reserved 622592K
  class space    used 15323K, capacity 17069K, committed 17152K, reserved 516096K
}
Event: 652.397 GC heap after
{Heap after GC invocations=255 (full 0):
 garbage-first heap   total 231424K, used 207488K [0x0000000080000000, 0x0000000100000000)
  region size 1024K, 2 young (2048K), 2 survivors (2048K)
 Metaspace       used 117541K, capacity 121987K, committed 122192K, reserved 622592K
  class space    used 15323K, capacity 17069K, committed 17152K, reserved 516096K
}
Event: 654.072 GC heap before
{Heap before GC invocations=255 (full 0):
 garbage-first heap   total 231424K, used 216704K [0x0000000080000000, 0x0000000100000000)
  region size 1024K, 11 young (11264K), 2 survivors (2048K)
 Metaspace       used 117661K, capacity 122112K, committed 122192K, reserved 622592K
  class space    used 15336K, capacity 17108K, committed 17152K, reserved 516096K
}
Event: 654.087 GC heap after
{Heap after GC invocations=256 (full 0):
 garbage-first heap   total 231424K, used 209210K [0x0000000080000000, 0x0000000100000000)
  region size 1024K, 2 young (2048K), 2 survivors (2048K)
 Metaspace       used 117661K, capacity 122112K, committed 122192K, reserved 622592K
  class space    used 15336K, capacity 17108K, committed 17152K, reserved 516096K
}
Event: 659.415 GC heap before
{Heap before GC invocations=256 (full 0):
 garbage-first heap   total 231424K, used 218426K [0x0000000080000000, 0x0000000100000000)
  region size 1024K, 11 young (11264K), 2 survivors (2048K)
 Metaspace       used 117915K, capacity 122402K, committed 122448K, reserved 622592K
  class space    used 15362K, capacity 17134K, committed 17152K, reserved 516096K
}
Event: 659.481 GC heap after
{Heap after GC invocations=257 (full 0):
 garbage-first heap   total 231424K, used 210661K [0x0000000080000000, 0x0000000100000000)
  region size 1024K, 2 young (2048K), 2 survivors (2048K)
 Metaspace       used 117915K, capacity 122402K, committed 122448K, reserved 622592K
  class space    used 15362K, capacity 17134K, committed 17152K, reserved 516096K
}
Event: 669.249 GC heap before
{Heap before GC invocations=257 (full 0):
 garbage-first heap   total 231424K, used 218853K [0x0000000080000000, 0x0000000100000000)
  region size 1024K, 11 young (11264K), 2 survivors (2048K)
 Metaspace       used 118125K, capacity 122661K, committed 122832K, reserved 622592K
  class space    used 15393K, capacity 17198K, committed 17280K, reserved 516096K
}
Event: 669.327 GC heap after
{Heap after GC invocations=258 (full 0):
 garbage-first heap   total 231424K, used 211812K [0x0000000080000000, 0x0000000100000000)
  region size 1024K, 2 young (2048K), 2 survivors (2048K)
 Metaspace       used 118125K, capacity 122661K, committed 122832K, reserved 622592K
  class space    used 15393K, capacity 17198K, committed 17280K, reserved 516096K
}
Event: 672.836 GC heap before
{Heap before GC invocations=259 (full 0):
 garbage-first heap   total 231424K, used 220004K [0x0000000080000000, 0x0000000100000000)
  region size 1024K, 11 young (11264K), 2 survivors (2048K)
 Metaspace       used 118195K, capacity 122734K, committed 122832K, reserved 622592K
  class space    used 15393K, capacity 17198K, committed 17280K, reserved 516096K
}
Event: 672.856 GC heap after
{Heap after GC invocations=260 (full 0):
 garbage-first heap   total 231424K, used 212264K [0x0000000080000000, 0x0000000100000000)
  region size 1024K, 1 young (1024K), 1 survivors (1024K)
 Metaspace       used 118195K, capacity 122734K, committed 122832K, reserved 622592K
  class space    used 15393K, capacity 17198K, committed 17280K, reserved 516096K
}
Event: 675.130 GC heap before
{Heap before GC invocations=260 (full 0):
 garbage-first heap   total 231424K, used 221480K [0x0000000080000000, 0x0000000100000000)
  region size 1024K, 11 young (11264K), 1 survivors (1024K)
 Metaspace       used 118299K, capacity 122803K, committed 123088K, reserved 622592K
  class space    used 15393K, capacity 17198K, committed 17280K, reserved 516096K
}
Event: 675.512 GC heap after
{Heap after GC invocations=261 (full 0):
 garbage-first heap   total 231424K, used 210614K [0x0000000080000000, 0x0000000100000000)
  region size 1024K, 1 young (1024K), 1 survivors (1024K)
 Metaspace       used 118299K, capacity 122803K, committed 123088K, reserved 622592K
  class space    used 15393K, capacity 17198K, committed 17280K, reserved 516096K
}
Event: 683.713 GC heap before
{Heap before GC invocations=261 (full 0):
 garbage-first heap   total 231424K, used 219829K [0x0000000080000000, 0x0000000100000000)
  region size 1024K, 11 young (11264K), 1 survivors (1024K)
 Metaspace       used 118348K, capacity 122884K, committed 123088K, reserved 622592K
  class space    used 15395K, capacity 17200K, committed 17280K, reserved 516096K
}
Event: 683.777 GC heap after
{Heap after GC invocations=262 (full 0):
 garbage-first heap   total 307200K, used 211135K [0x0000000080000000, 0x0000000100000000)
  region size 1024K, 2 young (2048K), 2 survivors (2048K)
 Metaspace       used 118348K, capacity 122884K, committed 123088K, reserved 622592K
  class space    used 15395K, capacity 17200K, committed 17280K, reserved 516096K
}
Event: 708.446 GC heap before
{Heap before GC invocations=262 (full 0):
 garbage-first heap   total 307200K, used 232639K [0x0000000080000000, 0x0000000100000000)
  region size 1024K, 24 young (24576K), 2 survivors (2048K)
 Metaspace       used 118692K, capacity 123253K, committed 123344K, reserved 622592K
  class space    used 15454K, capacity 17276K, committed 17280K, reserved 516096K
}
Event: 708.589 GC heap after
{Heap after GC invocations=263 (full 0):
 garbage-first heap   total 307200K, used 212580K [0x0000000080000000, 0x0000000100000000)
  region size 1024K, 3 young (3072K), 3 survivors (3072K)
 Metaspace       used 118692K, capacity 123253K, committed 123344K, reserved 622592K
  class space    used 15454K, capacity 17276K, committed 17280K, reserved 516096K
}
Event: 720.518 GC heap before
{Heap before GC invocations=263 (full 0):
 garbage-first heap   total 307200K, used 233060K [0x0000000080000000, 0x0000000100000000)
  region size 1024K, 23 young (23552K), 3 survivors (3072K)
 Metaspace       used 118693K, capacity 123253K, committed 123344K, reserved 622592K
  class space    used 15454K, capacity 17276K, committed 17280K, reserved 516096K
}
Event: 720.566 GC heap after
{Heap after GC invocations=264 (full 0):
 garbage-first heap   total 307200K, used 215585K [0x0000000080000000, 0x0000000100000000)
  region size 1024K, 3 young (3072K), 3 survivors (3072K)
 Metaspace       used 118693K, capacity 123253K, committed 123344K, reserved 622592K
  class space    used 15454K, capacity 17276K, committed 17280K, reserved 516096K
}

Deoptimization events (20 events):
Event: 730.692 Thread 0x000001f2d6800800 Uncommon trap: trap_request=0xffffffde fr.pc=0x000001f2c6160c70 relative=0x0000000000000990
Event: 730.692 Thread 0x000001f2d6800800 Uncommon trap: reason=class_check action=maybe_recompile pc=0x000001f2c6160c70 method=org.gradle.api.internal.file.pattern.FixedStepPathMatcher.matches([Ljava/lang/String;I)Z @ 48 c2
Event: 730.692 Thread 0x000001f2d6800800 DEOPT PACKING pc=0x000001f2c6160c70 sp=0x0000009cff6f9830
Event: 730.692 Thread 0x000001f2d6800800 DEOPT UNPACKING pc=0x000001f2bdaaa1af sp=0x0000009cff6f9568 mode 2
Event: 730.699 Thread 0x000001f2d6800800 Uncommon trap: trap_request=0xffffff4d fr.pc=0x000001f2c6172b9c relative=0x00000000000000dc
Event: 730.699 Thread 0x000001f2d6800800 Uncommon trap: reason=unstable_if action=reinterpret pc=0x000001f2c6172b9c method=org.codehaus.groovy.runtime.callsite.PojoMetaMethodSite.checkCall(Ljava/lang/Object;)Z @ 13 c2
Event: 730.699 Thread 0x000001f2d6800800 DEOPT PACKING pc=0x000001f2c6172b9c sp=0x0000009cff6f93f0
Event: 730.699 Thread 0x000001f2d6800800 DEOPT UNPACKING pc=0x000001f2bdaaa1af sp=0x0000009cff6f9380 mode 2
Event: 735.842 Thread 0x000001f2d6800800 Uncommon trap: trap_request=0xffffff4d fr.pc=0x000001f2c616eab0 relative=0x00000000000000d0
Event: 735.842 Thread 0x000001f2d6800800 Uncommon trap: reason=unstable_if action=reinterpret pc=0x000001f2c616eab0 method=org.gradle.api.internal.file.collections.DefaultDirectoryWalker$PathVisitor.visitFile(Ljava/nio/file/Path;Ljava/nio/file/attribute/BasicFileAttributes;)Ljava/nio/file/FileVi
Event: 735.843 Thread 0x000001f2d6800800 DEOPT PACKING pc=0x000001f2c616eab0 sp=0x0000009cff6f9a80
Event: 735.845 Thread 0x000001f2d6800800 DEOPT UNPACKING pc=0x000001f2bdaaa1af sp=0x0000009cff6f99b0 mode 2
Event: 735.850 Thread 0x000001f2d6800800 Uncommon trap: trap_request=0xffffffde fr.pc=0x000001f2c6160c70 relative=0x0000000000000990
Event: 735.851 Thread 0x000001f2d6800800 Uncommon trap: reason=class_check action=maybe_recompile pc=0x000001f2c6160c70 method=org.gradle.api.internal.file.pattern.FixedStepPathMatcher.matches([Ljava/lang/String;I)Z @ 48 c2
Event: 735.851 Thread 0x000001f2d6800800 DEOPT PACKING pc=0x000001f2c6160c70 sp=0x0000009cff6f96b0
Event: 735.852 Thread 0x000001f2d6800800 DEOPT UNPACKING pc=0x000001f2bdaaa1af sp=0x0000009cff6f93e8 mode 2
Event: 735.855 Thread 0x000001f2d6800800 Uncommon trap: trap_request=0xffffffde fr.pc=0x000001f2c61627b8 relative=0x0000000000000958
Event: 735.855 Thread 0x000001f2d6800800 Uncommon trap: reason=class_check action=maybe_recompile pc=0x000001f2c61627b8 method=org.gradle.api.internal.file.pattern.FixedStepPathMatcher.matches([Ljava/lang/String;I)Z @ 48 c2
Event: 735.855 Thread 0x000001f2d6800800 DEOPT PACKING pc=0x000001f2c61627b8 sp=0x0000009cff6f95c0
Event: 735.856 Thread 0x000001f2d6800800 DEOPT UNPACKING pc=0x000001f2bdaaa1af sp=0x0000009cff6f93d8 mode 2

Classes redefined (0 events):
No events

Internal exceptions (20 events):
Event: 695.293 Thread 0x000001f2d6800800 Exception <a 'java/lang/ClassNotFoundException'{0x00000000924976a8}: org/gradle/api/internal/model/DefaultObjectFactoryBeanInfo> (0x00000000924976a8) thrown at [./src/hotspot/share/classfile/systemDictionary.cpp, line 230]
Event: 695.307 Thread 0x000001f2d6800800 Exception <a 'java/lang/ClassNotFoundException'{0x00000000924d3b60}: org/gradle/api/internal/model/DefaultObjectFactoryCustomizer> (0x00000000924d3b60) thrown at [./src/hotspot/share/classfile/systemDictionary.cpp, line 230]
Event: 696.351 Thread 0x000001f2d6800800 Exception <a 'java/lang/ClassNotFoundException'{0x00000000922392e0}: org/gradle/api/internal/file/collections/DefaultConfigurableFileTreeBeanInfo> (0x00000000922392e0) thrown at [./src/hotspot/share/classfile/systemDictionary.cpp, line 230]
Event: 696.371 Thread 0x000001f2d6800800 Exception <a 'java/lang/ClassNotFoundException'{0x0000000092272f20}: org/gradle/api/internal/file/CompositeFileTreeBeanInfo> (0x0000000092272f20) thrown at [./src/hotspot/share/classfile/systemDictionary.cpp, line 230]
Event: 696.415 Thread 0x000001f2d6800800 Exception <a 'java/lang/ClassNotFoundException'{0x00000000922b06b0}: org/gradle/api/internal/file/CompositeFileCollectionBeanInfo> (0x00000000922b06b0) thrown at [./src/hotspot/share/classfile/systemDictionary.cpp, line 230]
Event: 696.434 Thread 0x000001f2d6800800 Exception <a 'java/lang/ClassNotFoundException'{0x00000000922edd80}: org/gradle/api/internal/file/AbstractFileCollectionBeanInfo> (0x00000000922edd80) thrown at [./src/hotspot/share/classfile/systemDictionary.cpp, line 230]
Event: 696.446 Thread 0x000001f2d6800800 Exception <a 'java/lang/ClassNotFoundException'{0x000000009212bdd8}: org/gradle/api/internal/file/AbstractFileCollectionCustomizer> (0x000000009212bdd8) thrown at [./src/hotspot/share/classfile/systemDictionary.cpp, line 230]
Event: 696.463 Thread 0x000001f2d6800800 Exception <a 'java/lang/ClassNotFoundException'{0x000000009217b750}: org/gradle/api/internal/file/CompositeFileCollectionCustomizer> (0x000000009217b750) thrown at [./src/hotspot/share/classfile/systemDictionary.cpp, line 230]
Event: 696.473 Thread 0x000001f2d6800800 Exception <a 'java/lang/ClassNotFoundException'{0x00000000921bd7d8}: org/gradle/api/internal/file/CompositeFileTreeCustomizer> (0x00000000921bd7d8) thrown at [./src/hotspot/share/classfile/systemDictionary.cpp, line 230]
Event: 696.509 Thread 0x000001f2d6800800 Exception <a 'java/lang/ClassNotFoundException'{0x000000009200d780}: org/gradle/api/internal/file/collections/DefaultConfigurableFileTreeCustomizer> (0x000000009200d780) thrown at [./src/hotspot/share/classfile/systemDictionary.cpp, line 230]
Event: 697.091 Thread 0x000001f2d6800800 Exception <a 'java/lang/ClassNotFoundException'{0x0000000091f1ad00}: org/gradle/api/internal/file/DefaultFileVisitDetailsBeanInfo> (0x0000000091f1ad00) thrown at [./src/hotspot/share/classfile/systemDictionary.cpp, line 230]
Event: 697.098 Thread 0x000001f2d6800800 Exception <a 'java/lang/ClassNotFoundException'{0x0000000091f5b3e0}: org/gradle/api/internal/file/DefaultFileTreeElementBeanInfo> (0x0000000091f5b3e0) thrown at [./src/hotspot/share/classfile/systemDictionary.cpp, line 230]
Event: 697.134 Thread 0x000001f2d6800800 Exception <a 'java/lang/ClassNotFoundException'{0x0000000091f9c5a0}: org/gradle/api/internal/file/AbstractFileTreeElementBeanInfo> (0x0000000091f9c5a0) thrown at [./src/hotspot/share/classfile/systemDictionary.cpp, line 230]
Event: 697.218 Thread 0x000001f2d6800800 Exception <a 'java/lang/ClassNotFoundException'{0x0000000091fdd908}: org/gradle/api/internal/file/AbstractFileTreeElementCustomizer> (0x0000000091fdd908) thrown at [./src/hotspot/share/classfile/systemDictionary.cpp, line 230]
Event: 697.285 Thread 0x000001f2d6800800 Exception <a 'java/lang/ClassNotFoundException'{0x0000000091e241f0}: org/gradle/api/internal/file/DefaultFileTreeElementCustomizer> (0x0000000091e241f0) thrown at [./src/hotspot/share/classfile/systemDictionary.cpp, line 230]
Event: 697.328 Thread 0x000001f2d6800800 Exception <a 'java/lang/ClassNotFoundException'{0x0000000091e6de80}: org/gradle/api/internal/file/DefaultFileVisitDetailsCustomizer> (0x0000000091e6de80) thrown at [./src/hotspot/share/classfile/systemDictionary.cpp, line 230]
Event: 697.654 Thread 0x000001f2d6800800 Exception <a 'java/lang/ClassNotFoundException'{0x0000000091eb6ab8}: java/nio/file/FilesBeanInfo> (0x0000000091eb6ab8) thrown at [./src/hotspot/share/classfile/systemDictionary.cpp, line 230]
Event: 697.674 Thread 0x000001f2d6800800 Exception <a 'java/lang/ClassNotFoundException'{0x0000000091ecbd30}: java/nio/file/FilesCustomizer> (0x0000000091ecbd30) thrown at [./src/hotspot/share/classfile/systemDictionary.cpp, line 230]
Event: 734.280 Thread 0x000001f2d6800800 Exception <a 'java/lang/ClassNotFoundException'{0x0000000091dab110}: org/gradle/api/internal/file/AttributeBasedFileVisitDetailsBeanInfo> (0x0000000091dab110) thrown at [./src/hotspot/share/classfile/systemDictionary.cpp, line 230]
Event: 734.864 Thread 0x000001f2d6800800 Exception <a 'java/lang/ClassNotFoundException'{0x0000000091c0a678}: org/gradle/api/internal/file/AttributeBasedFileVisitDetailsCustomizer> (0x0000000091c0a678) thrown at [./src/hotspot/share/classfile/systemDictionary.cpp, line 230]

Events (20 events):
Event: 720.518 Executing VM operation: G1CollectForAllocation
Event: 720.566 Executing VM operation: G1CollectForAllocation done
Event: 731.389 loading class groovy/runtime/metaclass/org/gradle/api/internal/file/AttributeBasedFileVisitDetailsMetaClass
Event: 731.389 loading class groovy/runtime/metaclass/org/gradle/api/internal/file/AttributeBasedFileVisitDetailsMetaClass done
Event: 732.135 loading class org/gradle/api/internal/file/AttributeBasedFileVisitDetailsBeanInfo
Event: 732.135 loading class org/gradle/api/internal/file/AttributeBasedFileVisitDetailsBeanInfo done
Event: 732.257 loading class org/gradle/api/internal/file/AttributeBasedFileVisitDetailsBeanInfo
Event: 732.257 loading class org/gradle/api/internal/file/AttributeBasedFileVisitDetailsBeanInfo done
Event: 732.263 loading class org/gradle/api/internal/file/AttributeBasedFileVisitDetailsBeanInfo
Event: 732.263 loading class org/gradle/api/internal/file/AttributeBasedFileVisitDetailsBeanInfo done
Event: 734.272 loading class org/gradle/api/internal/file/AttributeBasedFileVisitDetailsBeanInfo
Event: 734.272 loading class org/gradle/api/internal/file/AttributeBasedFileVisitDetailsBeanInfo done
Event: 734.412 loading class org/gradle/api/internal/file/AttributeBasedFileVisitDetailsCustomizer
Event: 734.412 loading class org/gradle/api/internal/file/AttributeBasedFileVisitDetailsCustomizer done
Event: 734.505 loading class org/gradle/api/internal/file/AttributeBasedFileVisitDetailsCustomizer
Event: 734.505 loading class org/gradle/api/internal/file/AttributeBasedFileVisitDetailsCustomizer done
Event: 734.559 loading class org/gradle/api/internal/file/AttributeBasedFileVisitDetailsCustomizer
Event: 734.559 loading class org/gradle/api/internal/file/AttributeBasedFileVisitDetailsCustomizer done
Event: 734.864 loading class org/gradle/api/internal/file/AttributeBasedFileVisitDetailsCustomizer
Event: 734.864 loading class org/gradle/api/internal/file/AttributeBasedFileVisitDetailsCustomizer done


Dynamic libraries:
0x00007ff7b41c0000 - 0x00007ff7b41cd000 	C:\Program Files\Eclipse Adoptium\jdk-11.0.17.8-hotspot\bin\java.exe
0x00007ffb19510000 - 0x00007ffb19708000 	C:\Windows\SYSTEM32\ntdll.dll
0x00007ffb185a0000 - 0x00007ffb1865f000 	C:\Windows\System32\KERNEL32.DLL
0x00007ffb17170000 - 0x00007ffb17466000 	C:\Windows\System32\KERNELBASE.dll
0x00007ffb17470000 - 0x00007ffb17570000 	C:\Windows\System32\ucrtbase.dll
0x00007ffae6810000 - 0x00007ffae6827000 	C:\Program Files\Eclipse Adoptium\jdk-11.0.17.8-hotspot\bin\jli.dll
0x00007ffb18cd0000 - 0x00007ffb18e6d000 	C:\Windows\System32\USER32.dll
0x00007ffb16f40000 - 0x00007ffb16f62000 	C:\Windows\System32\win32u.dll
0x00007ffb19000000 - 0x00007ffb1902c000 	C:\Windows\System32\GDI32.dll
0x00007ffb16c40000 - 0x00007ffb16d55000 	C:\Windows\System32\gdi32full.dll
0x00007ffb170d0000 - 0x00007ffb1716d000 	C:\Windows\System32\msvcp_win.dll
0x00007ffafa000000 - 0x00007ffafa29a000 	C:\Windows\WinSxS\amd64_microsoft.windows.common-controls_6595b64144ccf1df_6.0.19041.1110_none_60b5254171f9507e\COMCTL32.dll
0x00007ffb191b0000 - 0x00007ffb1924e000 	C:\Windows\System32\msvcrt.dll
0x00007ffb047d0000 - 0x00007ffb047e5000 	C:\Program Files\Eclipse Adoptium\jdk-11.0.17.8-hotspot\bin\VCRUNTIME140.dll
0x00007ffb190d0000 - 0x00007ffb19100000 	C:\Windows\System32\IMM32.DLL
0x00007ffade170000 - 0x00007ffade20b000 	C:\Program Files\Eclipse Adoptium\jdk-11.0.17.8-hotspot\bin\msvcp140.dll
0x00007ffabe3f0000 - 0x00007ffabef72000 	C:\Program Files\Eclipse Adoptium\jdk-11.0.17.8-hotspot\bin\server\jvm.dll
0x00007ffb17b70000 - 0x00007ffb17c1f000 	C:\Windows\System32\ADVAPI32.dll
0x00007ffb19030000 - 0x00007ffb190cc000 	C:\Windows\System32\sechost.dll
0x00007ffb193a0000 - 0x00007ffb194c6000 	C:\Windows\System32\RPCRT4.dll
0x00007ffb18cc0000 - 0x00007ffb18cc8000 	C:\Windows\System32\PSAPI.DLL
0x00007ffaf9ec0000 - 0x00007ffaf9ec9000 	C:\Windows\SYSTEM32\WSOCK32.dll
0x00007ffb19250000 - 0x00007ffb192bb000 	C:\Windows\System32\WS2_32.dll
0x00007ffaf9df0000 - 0x00007ffaf9e17000 	C:\Windows\SYSTEM32\WINMM.dll
0x00007ffb05260000 - 0x00007ffb0526a000 	C:\Windows\SYSTEM32\VERSION.dll
0x00007ffb15430000 - 0x00007ffb15442000 	C:\Windows\SYSTEM32\kernel.appcore.dll
0x00007ffb0d6e0000 - 0x00007ffb0d6f0000 	C:\Program Files\Eclipse Adoptium\jdk-11.0.17.8-hotspot\bin\verify.dll
0x00007ffb11950000 - 0x00007ffb11b34000 	C:\Windows\SYSTEM32\DBGHELP.DLL
0x00007ffaf9db0000 - 0x00007ffaf9de4000 	C:\Windows\SYSTEM32\dbgcore.DLL
0x00007ffb16eb0000 - 0x00007ffb16f32000 	C:\Windows\System32\bcryptPrimitives.dll
0x00007ffae1990000 - 0x00007ffae19b8000 	C:\Program Files\Eclipse Adoptium\jdk-11.0.17.8-hotspot\bin\java.dll
0x00007ffb0ad60000 - 0x00007ffb0ad6a000 	C:\Program Files\Eclipse Adoptium\jdk-11.0.17.8-hotspot\bin\jimage.dll
0x00007ffadeeb0000 - 0x00007ffadeec8000 	C:\Program Files\Eclipse Adoptium\jdk-11.0.17.8-hotspot\bin\zip.dll
0x00007ffb17c80000 - 0x00007ffb183c4000 	C:\Windows\System32\SHELL32.dll
0x00007ffb11b40000 - 0x00007ffb122d4000 	C:\Windows\SYSTEM32\windows.storage.dll
0x00007ffb186f0000 - 0x00007ffb18a44000 	C:\Windows\System32\combase.dll
0x00007ffb165e0000 - 0x00007ffb1660e000 	C:\Windows\SYSTEM32\Wldp.dll
0x00007ffb19100000 - 0x00007ffb191ad000 	C:\Windows\System32\SHCORE.dll
0x00007ffb179e0000 - 0x00007ffb17a35000 	C:\Windows\System32\shlwapi.dll
0x00007ffb16b20000 - 0x00007ffb16b45000 	C:\Windows\SYSTEM32\profapi.dll
0x00007ffade150000 - 0x00007ffade169000 	C:\Program Files\Eclipse Adoptium\jdk-11.0.17.8-hotspot\bin\net.dll
0x00007ffb01e30000 - 0x00007ffb01f3a000 	C:\Windows\SYSTEM32\WINHTTP.dll
0x00007ffb16320000 - 0x00007ffb1638a000 	C:\Windows\system32\mswsock.dll
0x00007ffad9a50000 - 0x00007ffad9a63000 	C:\Program Files\Eclipse Adoptium\jdk-11.0.17.8-hotspot\bin\nio.dll
0x00007ffad47e0000 - 0x00007ffad4807000 	C:\Users\Ayesha\.gradle\native\68d5fa5c4cc2d200863cafc0d521ce42e7d3e7ee720ec0a83991735586a16f82\windows-amd64\native-platform.dll
0x00007ffac5d40000 - 0x00007ffac5e84000 	C:\Users\Ayesha\.gradle\native\e376f236ea51e6404a007f0833ffe2c6e607c4080706a723a18a27aeea778392\windows-amd64\native-platform-file-events.dll
0x00007ffb09c10000 - 0x00007ffb09c19000 	C:\Program Files\Eclipse Adoptium\jdk-11.0.17.8-hotspot\bin\management.dll
0x00007ffaedcd0000 - 0x00007ffaedcdb000 	C:\Program Files\Eclipse Adoptium\jdk-11.0.17.8-hotspot\bin\management_ext.dll
0x00007ffb16510000 - 0x00007ffb16528000 	C:\Windows\SYSTEM32\CRYPTSP.dll
0x00007ffb15be0000 - 0x00007ffb15c14000 	C:\Windows\system32\rsaenh.dll
0x00007ffb16e80000 - 0x00007ffb16ea7000 	C:\Windows\System32\bcrypt.dll
0x00007ffb16aa0000 - 0x00007ffb16ace000 	C:\Windows\SYSTEM32\USERENV.dll
0x00007ffb16530000 - 0x00007ffb1653c000 	C:\Windows\SYSTEM32\CRYPTBASE.dll
0x00007ffb15fb0000 - 0x00007ffb15fec000 	C:\Windows\SYSTEM32\IPHLPAPI.DLL
0x00007ffb186e0000 - 0x00007ffb186e8000 	C:\Windows\System32\NSI.dll
0x00007ffb04110000 - 0x00007ffb04127000 	C:\Windows\SYSTEM32\dhcpcsvc6.DLL
0x00007ffb049b0000 - 0x00007ffb049cd000 	C:\Windows\SYSTEM32\dhcpcsvc.DLL
0x00007ffb16050000 - 0x00007ffb1611a000 	C:\Windows\SYSTEM32\DNSAPI.dll

dbghelp: loaded successfully - version: 4.0.5 - missing functions: none
symbol engine: initialized successfully - sym options: 0x614 - pdb path: .;C:\Program Files\Eclipse Adoptium\jdk-11.0.17.8-hotspot\bin;C:\Windows\SYSTEM32;C:\Windows\WinSxS\amd64_microsoft.windows.common-controls_6595b64144ccf1df_6.0.19041.1110_none_60b5254171f9507e;C:\Program Files\Eclipse Adoptium\jdk-11.0.17.8-hotspot\bin\server;C:\Users\Ayesha\.gradle\native\68d5fa5c4cc2d200863cafc0d521ce42e7d3e7ee720ec0a83991735586a16f82\windows-amd64;C:\Users\Ayesha\.gradle\native\e376f236ea51e6404a007f0833ffe2c6e607c4080706a723a18a27aeea778392\windows-amd64

VM Arguments:
jvm_args: -XX:MaxMetaspaceSize=512m --add-opens=java.base/java.util=ALL-UNNAMED --add-opens=java.base/java.lang=ALL-UNNAMED --add-opens=java.base/java.lang.invoke=ALL-UNNAMED --add-opens=java.prefs/java.util.prefs=ALL-UNNAMED --add-opens=java.base/java.nio.charset=ALL-UNNAMED --add-opens=java.base/java.net=ALL-UNNAMED --add-opens=java.base/java.util.concurrent.atomic=ALL-UNNAMED -Xmx2048m -Dfile.encoding=windows-1252 -Duser.country=US -Duser.language=en -Duser.variant 
java_command: org.gradle.launcher.daemon.bootstrap.GradleDaemon 8.0.1
java_class_path (initial): C:\Users\Ayesha\.gradle\wrapper\dists\gradle-8.0.1-all\aro4hu1c3oeioove7l0i4i14o\gradle-8.0.1\lib\gradle-launcher-8.0.1.jar
Launcher Type: SUN_STANDARD

[Global flags]
     intx CICompilerCount                          = 3                                         {product} {ergonomic}
   size_t CompressedClassSpaceSize                 = 528482304                                 {product} {ergonomic}
     uint ConcGCThreads                            = 1                                         {product} {ergonomic}
     uint G1ConcRefinementThreads                  = 4                                         {product} {ergonomic}
   size_t G1HeapRegionSize                         = 1048576                                   {product} {ergonomic}
    uintx GCDrainStackTargetSize                   = 64                                        {product} {ergonomic}
   size_t InitialHeapSize                          = 67108864                                  {product} {ergonomic}
   size_t MarkStackSize                            = 4194304                                   {product} {ergonomic}
   size_t MaxHeapSize                              = 2147483648                                {product} {command line}
   size_t MaxMetaspaceSize                         = 536870912                                 {product} {command line}
   size_t MaxNewSize                               = 1287651328                                {product} {ergonomic}
   size_t MinHeapDeltaBytes                        = 1048576                                   {product} {ergonomic}
    uintx NonNMethodCodeHeapSize                   = 5830732                                {pd product} {ergonomic}
    uintx NonProfiledCodeHeapSize                  = 122913754                              {pd product} {ergonomic}
    uintx ProfiledCodeHeapSize                     = 122913754                              {pd product} {ergonomic}
    uintx ReservedCodeCacheSize                    = 251658240                              {pd product} {ergonomic}
     bool SegmentedCodeCache                       = true                                      {product} {ergonomic}
     bool UseCompressedClassPointers               = true                                 {lp64_product} {ergonomic}
     bool UseCompressedOops                        = true                                 {lp64_product} {ergonomic}
     bool UseG1GC                                  = true                                      {product} {ergonomic}
     bool UseLargePagesIndividualAllocation        = false                                  {pd product} {ergonomic}

Logging:
Log output configuration:
 #0: stdout all=warning uptime,level,tags
 #1: stderr all=off uptime,level,tags

Environment Variables:
CLASSPATH=E:\Workspace\NewFolder\OurFypProject\android\\gradle\wrapper\gradle-wrapper.jar
PATH=E:\Workspace\NewFolder\OurFypProject\node_modules\.bin;E:\Workspace\NewFolder\OurFypProject\node_modules\.bin;E:\Workspace\NewFolder\node_modules\.bin;E:\Workspace\node_modules\.bin;E:\node_modules\.bin;C:\Users\Ayesha\AppData\Roaming\npm\node_modules\npm\node_modules\@npmcli\run-script\lib\node-gyp-bin;E:\Workspace\NewFolder\OurFypProject\node_modules\.bin;E:\Workspace\NewFolder\OurFypProject\node_modules\.bin;E:\Workspace\NewFolder\node_modules\.bin;E:\Workspace\node_modules\.bin;E:\node_modules\.bin;C:\Users\Ayesha\AppData\Roaming\npm\node_modules\npm\node_modules\@npmcli\run-script\lib\node-gyp-bin;C:\Program Files\Eclipse Adoptium\jdk-11.0.17.8-hotspot\bin;C:\Windows\system32;C:\Windows;C:\Windows\System32\Wbem;C:\Windows\System32\WindowsPowerShell\v1.0\;C:\Windows\System32\OpenSSH\;C:\ProgramData\chocolatey\bin;C:\Program Files\nodejs\;C:\Program Files\Git\cmd;C:\Users\Ayesha\AppData\Local\Microsoft\WindowsApps;C:\Users\Ayesha\AppData\Local\Programs\Microsoft VS Code\bin;C:\Users\Ayesha\AppData\Roaming\npm;C:\Users\Ayesha\AppData\Local\Android\Sdk\platform-tools;C:\Users\Ayesha\AppData\Local\GitHubDesktop\bin
USERNAME=Ayesha
LANG=en_US.UTF-8
OS=Windows_NT
PROCESSOR_IDENTIFIER=Intel64 Family 6 Model 78 Stepping 3, GenuineIntel
TMP=C:\Users\Ayesha\AppData\Local\Temp
TEMP=C:\Users\Ayesha\AppData\Local\Temp



---------------  S Y S T E M  ---------------

OS: Windows 10 , 64 bit Build 19041 (10.0.19041.3155)
OS uptime: 0 days 3:21 hours

CPU:total 4 (initial active 4) (2 cores per cpu, 2 threads per core) family 6 model 78 stepping 3 microcode 0xf0, cmov, cx8, fxsr, mmx, sse, sse2, sse3, ssse3, sse4.1, sse4.2, popcnt, avx, avx2, aes, clmul, erms, 3dnowpref, lzcnt, ht, tsc, tscinvbit, bmi1, bmi2, adx, fma

Memory: 4k page, system-wide physical 3976M (111M free)
TotalPageFile size 16264M (AvailPageFile size 5M)
current process WorkingSet (physical memory assigned to process): 95M, peak: 292M
current process commit charge ("private bytes"): 661M, peak: 665M

vm_info: OpenJDK 64-Bit Server VM (11.0.17+8) for windows-amd64 JRE (11.0.17+8), built on Oct 19 2022 00:04:05 by "" with MS VC++ 15.9 (VS2017)

END.
