#
# There is insufficient memory for the Java Runtime Environment to continue.
# Native memory allocation (malloc) failed to allocate 2085456 bytes for Chunk::new
# Possible reasons:
#   The system is out of physical RAM or swap space
#   The process is running with CompressedOops enabled, and the Java Heap may be blocking the growth of the native heap
# Possible solutions:
#   Reduce memory load on the system
#   Increase physical memory or swap space
#   Check if swap backing store is full
#   Decrease Java heap size (-Xmx/-Xms)
#   Decrease number of Java threads
#   Decrease Java thread stack sizes (-Xss)
#   Set larger code cache with -XX:ReservedCodeCacheSize=
#   JVM is running with Unscaled Compressed Oops mode in which the Java heap is
#     placed in the first 4GB address space. The Java Heap base address is the
#     maximum limit for the native heap growth. Please use -XX:HeapBaseMinAddress
#     to set the Java Heap base and to place the Java Heap above 4GB virtual address.
# This output file may be truncated or incomplete.
#
#  Out of Memory Error (./src/hotspot/share/memory/arena.cpp:197), pid=3584, tid=17080
#
# JRE version: OpenJDK Runtime Environment Temurin-11.0.17+8 (11.0.17+8) (build 11.0.17+8)
# Java VM: OpenJDK 64-Bit Server VM Temurin-11.0.17+8 (11.0.17+8, mixed mode, tiered, compressed oops, g1 gc, windows-amd64)
# No core dump will be written. Minidumps are not enabled by default on client versions of Windows
#

---------------  S U M M A R Y ------------

Command Line: -XX:MaxMetaspaceSize=512m --add-opens=java.base/java.util=ALL-UNNAMED --add-opens=java.base/java.lang=ALL-UNNAMED --add-opens=java.base/java.lang.invoke=ALL-UNNAMED --add-opens=java.prefs/java.util.prefs=ALL-UNNAMED --add-opens=java.base/java.nio.charset=ALL-UNNAMED --add-opens=java.base/java.net=ALL-UNNAMED --add-opens=java.base/java.util.concurrent.atomic=ALL-UNNAMED -Xmx2048m -Dfile.encoding=windows-1252 -Duser.country=US -Duser.language=en -Duser.variant org.gradle.launcher.daemon.bootstrap.GradleDaemon 8.0.1

Host: Intel(R) Core(TM) i5-6200U CPU @ 2.30GHz, 4 cores, 3G,  Windows 10 , 64 bit Build 19041 (10.0.19041.3155)
Time: Sat Jul 22 15:50:31 2023 Pacific Daylight Time elapsed time: 755.881251 seconds (0d 0h 12m 35s)

---------------  T H R E A D  ---------------

Current thread (0x0000019b7a682000):  JavaThread "C2 CompilerThread0" daemon [_thread_in_native, id=17080, stack(0x00000074b7700000,0x00000074b7800000)]


Current CompileTask:
C2: 755881 16496   !   4       java.nio.file.FileTreeWalker::next (144 bytes)

Stack: [0x00000074b7700000,0x00000074b7800000]
Native frames: (J=compiled Java code, j=interpreted, Vv=VM code, C=native code)
V  [jvm.dll+0x61f5ba]
V  [jvm.dll+0x7abf79]
V  [jvm.dll+0x7ad668]
V  [jvm.dll+0x7add43]
V  [jvm.dll+0x24fd88]
V  [jvm.dll+0xc262c]
V  [jvm.dll+0xc2bec]
V  [jvm.dll+0x359f42]
V  [jvm.dll+0x326123]
V  [jvm.dll+0x32545a]
V  [jvm.dll+0x209053]
V  [jvm.dll+0x20815d]
V  [jvm.dll+0x18a3b1]
V  [jvm.dll+0x217a34]
V  [jvm.dll+0x215c7b]
V  [jvm.dll+0x76ea70]
V  [jvm.dll+0x7679a4]
V  [jvm.dll+0x61e425]
C  [ucrtbase.dll+0x21bb2]
C  [KERNEL32.DLL+0x17614]
C  [ntdll.dll+0x526b1]


---------------  P R O C E S S  ---------------

Threads class SMR info:
_java_thread_list=0x0000019b00e76e60, length=86, elements={
0x0000019b5b610800, 0x0000019b7a62a800, 0x0000019b7a61a000, 0x0000019b7a67c000,
0x0000019b7a67e000, 0x0000019b7a67f000, 0x0000019b7a682000, 0x0000019b7a7f0800,
0x0000019b7a6bc800, 0x0000019b7a87b800, 0x0000019b7bf87800, 0x0000019b7b573800,
0x0000019b7bf9a800, 0x0000019b7c678800, 0x0000019b7bf9b000, 0x0000019b7b462800,
0x0000019b7b21f000, 0x0000019b7ba80000, 0x0000019b7bc00800, 0x0000019b7b271800,
0x0000019b7b26d800, 0x0000019b7b270000, 0x0000019b7b273000, 0x0000019b7b270800,
0x0000019b7b272800, 0x0000019b7b274000, 0x0000019b7b26e000, 0x0000019b7e73a000,
0x0000019b7e73d000, 0x0000019b7e73e000, 0x0000019b7e73a800, 0x0000019b7e740800,
0x0000019b7e741000, 0x0000019b7e73b800, 0x0000019b7e742000, 0x0000019b7e73c000,
0x0000019b7e743800, 0x0000019b7e743000, 0x0000019b7e748800, 0x0000019b7e744800,
0x0000019b7e747000, 0x0000019b7e745000, 0x0000019b7e746000, 0x0000019b7e747800,
0x0000019b7b26f000, 0x0000019b7b3c4800, 0x0000019b7b3c1000, 0x0000019b7b3c2800,
0x0000019b7b3c3800, 0x0000019b7b3c0800, 0x0000019b7b3c6000, 0x0000019b7b3c2000,
0x0000019b7b3c7800, 0x0000019b7b3c8800, 0x0000019b7b3cb000, 0x0000019b7b3c7000,
0x0000019b7b3ca000, 0x0000019b7b3c9800, 0x0000019b7b3c5000, 0x0000019b7b3cb800,
0x0000019b7b3cf000, 0x0000019b7b3cc800, 0x0000019b7b3cd800, 0x0000019b7cd8a800,
0x0000019b7cd8d000, 0x0000019b7cd8c000, 0x0000019b7cd89000, 0x0000019b7cd87000,
0x0000019b7cd8b000, 0x0000019b7cd8d800, 0x0000019b7cd88000, 0x0000019b7b3ce000,
0x0000019b7ef6a000, 0x0000019b7ef6c800, 0x0000019b7ef6f000, 0x0000019b7ef6b000,
0x0000019b7ef6c000, 0x0000019b7ef73000, 0x0000019b7ef6d800, 0x0000019b7ef74000,
0x0000019b7ef6e800, 0x0000019b7ef71800, 0x0000019b7ef72800, 0x0000019b7ef75800,
0x0000019b7ef70000, 0x0000019b7ef76800
}

Java Threads: ( => current thread )
  0x0000019b5b610800 JavaThread "main" [_thread_blocked, id=4000, stack(0x00000074b6b00000,0x00000074b6c00000)]
  0x0000019b7a62a800 JavaThread "Reference Handler" daemon [_thread_blocked, id=16424, stack(0x00000074b7200000,0x00000074b7300000)]
  0x0000019b7a61a000 JavaThread "Finalizer" daemon [_thread_blocked, id=18052, stack(0x00000074b7300000,0x00000074b7400000)]
  0x0000019b7a67c000 JavaThread "Signal Dispatcher" daemon [_thread_blocked, id=14464, stack(0x00000074b7400000,0x00000074b7500000)]
  0x0000019b7a67e000 JavaThread "Attach Listener" daemon [_thread_blocked, id=15444, stack(0x00000074b7500000,0x00000074b7600000)]
  0x0000019b7a67f000 JavaThread "Service Thread" daemon [_thread_blocked, id=17184, stack(0x00000074b7600000,0x00000074b7700000)]
=>0x0000019b7a682000 JavaThread "C2 CompilerThread0" daemon [_thread_in_native, id=17080, stack(0x00000074b7700000,0x00000074b7800000)]
  0x0000019b7a7f0800 JavaThread "C1 CompilerThread0" daemon [_thread_blocked, id=17660, stack(0x00000074b7800000,0x00000074b7900000)]
  0x0000019b7a6bc800 JavaThread "Sweeper thread" daemon [_thread_blocked, id=3028, stack(0x00000074b7900000,0x00000074b7a00000)]
  0x0000019b7a87b800 JavaThread "Common-Cleaner" daemon [_thread_blocked, id=17084, stack(0x00000074b7a00000,0x00000074b7b00000)]
  0x0000019b7bf87800 JavaThread "Daemon health stats" [_thread_blocked, id=4440, stack(0x00000074b7d00000,0x00000074b7e00000)]
  0x0000019b7b573800 JavaThread "Incoming local TCP Connector on port 53960" [_thread_in_native, id=15352, stack(0x00000074b7e00000,0x00000074b7f00000)]
  0x0000019b7bf9a800 JavaThread "Daemon periodic checks" [_thread_blocked, id=14104, stack(0x00000074b7f00000,0x00000074b8000000)]
  0x0000019b7c678800 JavaThread "Daemon" [_thread_blocked, id=16680, stack(0x00000074b8000000,0x00000074b8100000)]
  0x0000019b7bf9b000 JavaThread "Handler for socket connection from /127.0.0.1:53960 to /127.0.0.1:53961" [_thread_in_native, id=16604, stack(0x00000074b8100000,0x00000074b8200000)]
  0x0000019b7b462800 JavaThread "Cancel handler" [_thread_blocked, id=17028, stack(0x00000074b8200000,0x00000074b8300000)]
  0x0000019b7b21f000 JavaThread "Daemon worker" [_thread_blocked, id=14424, stack(0x00000074b8300000,0x00000074b8400000)]
  0x0000019b7ba80000 JavaThread "Asynchronous log dispatcher for DefaultDaemonConnection: socket connection from /127.0.0.1:53960 to /127.0.0.1:53961" [_thread_blocked, id=12904, stack(0x00000074b8400000,0x00000074b8500000)]
  0x0000019b7bc00800 JavaThread "Daemon client event forwarder" [_thread_blocked, id=1408, stack(0x00000074b8600000,0x00000074b8700000)]
  0x0000019b7b271800 JavaThread "Cache worker for journal cache (C:\Users\Ayesha\.gradle\caches\journal-1)" [_thread_blocked, id=4488, stack(0x00000074b8900000,0x00000074b8a00000)]
  0x0000019b7b26d800 JavaThread "File lock request listener" [_thread_in_native, id=17664, stack(0x00000074b8a00000,0x00000074b8b00000)]
  0x0000019b7b270000 JavaThread "Cache worker for file hash cache (C:\Users\Ayesha\.gradle\caches\8.0.1\fileHashes)" [_thread_blocked, id=13560, stack(0x00000074b8c00000,0x00000074b8d00000)]
  0x0000019b7b273000 JavaThread "File watcher server" daemon [_thread_in_native, id=18264, stack(0x00000074b8d00000,0x00000074b8e00000)]
  0x0000019b7b270800 JavaThread "File watcher consumer" daemon [_thread_blocked, id=520, stack(0x00000074b8e00000,0x00000074b8f00000)]
  0x0000019b7b272800 JavaThread "Cache worker for checksums cache (E:\Workspace\NewFolder\OurFypProject\android\.gradle\8.0.1\checksums)" [_thread_blocked, id=2180, stack(0x00000074b8f00000,0x00000074b9000000)]
  0x0000019b7b274000 JavaThread "Cache worker for cache directory md-rule (C:\Users\Ayesha\.gradle\caches\8.0.1\md-rule)" [_thread_blocked, id=17904, stack(0x00000074b9000000,0x00000074b9100000)]
  0x0000019b7b26e000 JavaThread "Cache worker for file content cache (C:\Users\Ayesha\.gradle\caches\8.0.1\fileContent)" [_thread_blocked, id=3432, stack(0x00000074b9100000,0x00000074b9200000)]
  0x0000019b7e73a000 JavaThread "Cache worker for file hash cache (E:\Workspace\NewFolder\OurFypProject\android\.gradle\8.0.1\fileHashes)" [_thread_blocked, id=15580, stack(0x00000074b9200000,0x00000074b9300000)]
  0x0000019b7e73d000 JavaThread "Cache worker for cache directory md-supplier (C:\Users\Ayesha\.gradle\caches\8.0.1\md-supplier)" [_thread_blocked, id=17228, stack(0x00000074b9300000,0x00000074b9400000)]
  0x0000019b7e73e000 JavaThread "Cache worker for execution history cache (C:\Users\Ayesha\.gradle\caches\8.0.1\executionHistory)" [_thread_blocked, id=16912, stack(0x00000074b9400000,0x00000074b9500000)]
  0x0000019b7e73a800 JavaThread "jar transforms" [_thread_blocked, id=17360, stack(0x00000074b6800000,0x00000074b6900000)]
  0x0000019b7e740800 JavaThread "jar transforms Thread 2" [_thread_blocked, id=15720, stack(0x00000074b6900000,0x00000074b6a00000)]
  0x0000019b7e741000 JavaThread "jar transforms Thread 3" [_thread_blocked, id=3788, stack(0x00000074b9700000,0x00000074b9800000)]
  0x0000019b7e73b800 JavaThread "jar transforms Thread 4" [_thread_blocked, id=3344, stack(0x00000074b9800000,0x00000074b9900000)]
  0x0000019b7e742000 JavaThread "Cache worker for kotlin-dsl (C:\Users\Ayesha\.gradle\caches\8.0.1\kotlin-dsl)" [_thread_blocked, id=17672, stack(0x00000074b6a00000,0x00000074b6b00000)]
  0x0000019b7e73c000 JavaThread "Cache worker for dependencies-accessors (E:\Workspace\NewFolder\OurFypProject\android\.gradle\8.0.1\dependencies-accessors)" [_thread_blocked, id=12028, stack(0x00000074b8b00000,0x00000074b8c00000)]
  0x0000019b7e743800 JavaThread "Cache worker for Build Output Cleanup Cache (E:\Workspace\NewFolder\OurFypProject\node_modules\@react-native\gradle-plugin\.gradle\buildOutputCleanup)" [_thread_blocked, id=16708, stack(0x00000074b9500000,0x00000074b9600000)]
  0x0000019b7e743000 JavaThread "Unconstrained build operations" [_thread_blocked, id=18044, stack(0x00000074b9900000,0x00000074b9a00000)]
  0x0000019b7e748800 JavaThread "Unconstrained build operations Thread 2" [_thread_blocked, id=11996, stack(0x00000074b9a00000,0x00000074b9b00000)]
  0x0000019b7e744800 JavaThread "Unconstrained build operations Thread 3" [_thread_blocked, id=16664, stack(0x00000074b9b00000,0x00000074b9c00000)]
  0x0000019b7e747000 JavaThread "Unconstrained build operations Thread 4" [_thread_blocked, id=18008, stack(0x00000074b9c00000,0x00000074b9d00000)]
  0x0000019b7e745000 JavaThread "Unconstrained build operations Thread 5" [_thread_blocked, id=8916, stack(0x00000074b9d00000,0x00000074b9e00000)]
  0x0000019b7e746000 JavaThread "Unconstrained build operations Thread 6" [_thread_blocked, id=16772, stack(0x00000074b9e00000,0x00000074b9f00000)]
  0x0000019b7e747800 JavaThread "Unconstrained build operations Thread 7" [_thread_blocked, id=3160, stack(0x00000074b9f00000,0x00000074ba000000)]
  0x0000019b7b26f000 JavaThread "Unconstrained build operations Thread 8" [_thread_blocked, id=15068, stack(0x00000074ba000000,0x00000074ba100000)]
  0x0000019b7b3c4800 JavaThread "Unconstrained build operations Thread 9" [_thread_blocked, id=1732, stack(0x00000074ba100000,0x00000074ba200000)]
  0x0000019b7b3c1000 JavaThread "Unconstrained build operations Thread 10" [_thread_blocked, id=13796, stack(0x00000074ba200000,0x00000074ba300000)]
  0x0000019b7b3c2800 JavaThread "Unconstrained build operations Thread 11" [_thread_blocked, id=15596, stack(0x00000074ba300000,0x00000074ba400000)]
  0x0000019b7b3c3800 JavaThread "Unconstrained build operations Thread 12" [_thread_blocked, id=9140, stack(0x00000074ba400000,0x00000074ba500000)]
  0x0000019b7b3c0800 JavaThread "Unconstrained build operations Thread 13" [_thread_blocked, id=18280, stack(0x00000074ba500000,0x00000074ba600000)]
  0x0000019b7b3c6000 JavaThread "Unconstrained build operations Thread 14" [_thread_blocked, id=18064, stack(0x00000074ba600000,0x00000074ba700000)]
  0x0000019b7b3c2000 JavaThread "Unconstrained build operations Thread 15" [_thread_blocked, id=17676, stack(0x00000074ba700000,0x00000074ba800000)]
  0x0000019b7b3c7800 JavaThread "Unconstrained build operations Thread 16" [_thread_blocked, id=11844, stack(0x00000074ba800000,0x00000074ba900000)]
  0x0000019b7b3c8800 JavaThread "Unconstrained build operations Thread 17" [_thread_blocked, id=8368, stack(0x00000074ba900000,0x00000074baa00000)]
  0x0000019b7b3cb000 JavaThread "Unconstrained build operations Thread 18" [_thread_blocked, id=9744, stack(0x00000074baa00000,0x00000074bab00000)]
  0x0000019b7b3c7000 JavaThread "Unconstrained build operations Thread 19" [_thread_blocked, id=18004, stack(0x00000074bab00000,0x00000074bac00000)]
  0x0000019b7b3ca000 JavaThread "Unconstrained build operations Thread 20" [_thread_blocked, id=1196, stack(0x00000074bac00000,0x00000074bad00000)]
  0x0000019b7b3c9800 JavaThread "Unconstrained build operations Thread 21" [_thread_blocked, id=9464, stack(0x00000074bad00000,0x00000074bae00000)]
  0x0000019b7b3c5000 JavaThread "Unconstrained build operations Thread 22" [_thread_blocked, id=7440, stack(0x00000074bae00000,0x00000074baf00000)]
  0x0000019b7b3cb800 JavaThread "Unconstrained build operations Thread 23" [_thread_blocked, id=16556, stack(0x00000074baf00000,0x00000074bb000000)]
  0x0000019b7b3cf000 JavaThread "Unconstrained build operations Thread 24" [_thread_blocked, id=2516, stack(0x00000074bb000000,0x00000074bb100000)]
  0x0000019b7b3cc800 JavaThread "Unconstrained build operations Thread 25" [_thread_blocked, id=17728, stack(0x00000074bb100000,0x00000074bb200000)]
  0x0000019b7b3cd800 JavaThread "Unconstrained build operations Thread 26" [_thread_blocked, id=10936, stack(0x00000074bb200000,0x00000074bb300000)]
  0x0000019b7cd8a800 JavaThread "Memory manager" [_thread_blocked, id=7940, stack(0x00000074bb400000,0x00000074bb500000)]
  0x0000019b7cd8d000 JavaThread "Cache worker for Build Output Cleanup Cache (E:\Workspace\NewFolder\OurFypProject\android\.gradle\buildOutputCleanup)" [_thread_blocked, id=17744, stack(0x00000074b9600000,0x00000074b9700000)]
  0x0000019b7cd8c000 JavaThread "Execution worker" [_thread_blocked, id=16872, stack(0x00000074bb500000,0x00000074bb600000)]
  0x0000019b7cd89000 JavaThread "Execution worker Thread 2" [_thread_blocked, id=2320, stack(0x00000074bb600000,0x00000074bb700000)]
  0x0000019b7cd87000 JavaThread "Execution worker Thread 3" [_thread_in_Java, id=13236, stack(0x00000074bb700000,0x00000074bb800000)]
  0x0000019b7cd8b000 JavaThread "Cache worker for execution history cache (E:\Workspace\NewFolder\OurFypProject\node_modules\@react-native\gradle-plugin\.gradle\8.0.1\executionHistory)" [_thread_blocked, id=15336, stack(0x00000074bb800000,0x00000074bb900000)]
  0x0000019b7cd8d800 JavaThread "Unconstrained build operations Thread 27" [_thread_blocked, id=14772, stack(0x00000074bb900000,0x00000074bba00000)]
  0x0000019b7cd88000 JavaThread "Unconstrained build operations Thread 28" [_thread_blocked, id=924, stack(0x00000074bba00000,0x00000074bbb00000)]
  0x0000019b7b3ce000 JavaThread "Unconstrained build operations Thread 29" [_thread_blocked, id=18388, stack(0x00000074bbb00000,0x00000074bbc00000)]
  0x0000019b7ef6a000 JavaThread "Unconstrained build operations Thread 30" [_thread_blocked, id=6856, stack(0x00000074bbc00000,0x00000074bbd00000)]
  0x0000019b7ef6c800 JavaThread "Unconstrained build operations Thread 31" [_thread_blocked, id=11776, stack(0x00000074bbd00000,0x00000074bbe00000)]
  0x0000019b7ef6f000 JavaThread "Unconstrained build operations Thread 32" [_thread_blocked, id=16960, stack(0x00000074bbe00000,0x00000074bbf00000)]
  0x0000019b7ef6b000 JavaThread "Unconstrained build operations Thread 33" [_thread_blocked, id=15688, stack(0x00000074bbf00000,0x00000074bc000000)]
  0x0000019b7ef6c000 JavaThread "Unconstrained build operations Thread 34" [_thread_blocked, id=2012, stack(0x00000074bc000000,0x00000074bc100000)]
  0x0000019b7ef73000 JavaThread "Unconstrained build operations Thread 35" [_thread_blocked, id=17888, stack(0x00000074bc100000,0x00000074bc200000)]
  0x0000019b7ef6d800 JavaThread "Unconstrained build operations Thread 36" [_thread_blocked, id=15384, stack(0x00000074bc200000,0x00000074bc300000)]
  0x0000019b7ef74000 JavaThread "Unconstrained build operations Thread 37" [_thread_blocked, id=17952, stack(0x00000074bc300000,0x00000074bc400000)]
  0x0000019b7ef6e800 JavaThread "Unconstrained build operations Thread 38" [_thread_blocked, id=240, stack(0x00000074bc400000,0x00000074bc500000)]
  0x0000019b7ef71800 JavaThread "Unconstrained build operations Thread 39" [_thread_blocked, id=16372, stack(0x00000074bc500000,0x00000074bc600000)]
  0x0000019b7ef72800 JavaThread "Unconstrained build operations Thread 40" [_thread_blocked, id=8880, stack(0x00000074bc600000,0x00000074bc700000)]
  0x0000019b7ef75800 JavaThread "File lock release action executor Thread 8" [_thread_blocked, id=9816, stack(0x00000074b8500000,0x00000074b8600000)]
  0x0000019b7ef70000 JavaThread "included builds Thread 2" [_thread_blocked, id=12744, stack(0x00000074bb300000,0x00000074bb400000)]
  0x0000019b7ef76800 JavaThread "Cache worker for execution history cache (E:\Workspace\NewFolder\OurFypProject\android\.gradle\8.0.1\executionHistory)" [_thread_blocked, id=3744, stack(0x00000074bc700000,0x00000074bc800000)]

Other Threads:
  0x0000019b7a617000 VMThread "VM Thread" [stack: 0x00000074b7100000,0x00000074b7200000] [id=16888]
  0x0000019b7a922800 WatcherThread [stack: 0x00000074b7b00000,0x00000074b7c00000] [id=16264]
  0x0000019b5b629000 GCTaskThread "GC Thread#0" [stack: 0x00000074b6c00000,0x00000074b6d00000] [id=17020]
  0x0000019b7ade5000 GCTaskThread "GC Thread#1" [stack: 0x00000074b7c00000,0x00000074b7d00000] [id=17864]
  0x0000019b7c070000 GCTaskThread "GC Thread#2" [stack: 0x00000074b8700000,0x00000074b8800000] [id=4444]
  0x0000019b7aad2000 GCTaskThread "GC Thread#3" [stack: 0x00000074b8800000,0x00000074b8900000] [id=18216]
  0x0000019b5b65a000 ConcurrentGCThread "G1 Main Marker" [stack: 0x00000074b6d00000,0x00000074b6e00000] [id=15188]
  0x0000019b5b65b800 ConcurrentGCThread "G1 Conc#0" [stack: 0x00000074b6e00000,0x00000074b6f00000] [id=14940]
  0x0000019b5b6b2800 ConcurrentGCThread "G1 Refine#0" [stack: 0x00000074b6f00000,0x00000074b7000000] [id=10568]
  0x0000019b5b6b3800 ConcurrentGCThread "G1 Young RemSet Sampling" [stack: 0x00000074b7000000,0x00000074b7100000] [id=14552]

Threads with active compile tasks:
C2 CompilerThread0   755944 16496   !   4       java.nio.file.FileTreeWalker::next (144 bytes)

VM state:not at safepoint (normal execution)

VM Mutex/Monitor currently owned by a thread: None

Heap address: 0x0000000080000000, size: 2048 MB, Compressed Oops mode: 32-bit
Narrow klass base: 0x0000000000000000, Narrow klass shift: 3
Compressed class space size: 528482304 Address: 0x0000000100000000

Heap:
 garbage-first heap   total 231424K, used 212337K [0x0000000080000000, 0x0000000100000000)
  region size 1024K, 3 young (3072K), 2 survivors (2048K)
 Metaspace       used 118670K, capacity 123318K, committed 123344K, reserved 622592K
  class space    used 15450K, capacity 17276K, committed 17280K, reserved 516096K
Heap Regions: E=young(eden), S=young(survivor), O=old, HS=humongous(starts), HC=humongous(continues), CS=collection set, F=free, A=archive, TAMS=top-at-mark-start (previous, next)
|   0|0x0000000080000000, 0x0000000080100000, 0x0000000080100000|100%|HS|  |TAMS 0x0000000080100000, 0x0000000080100000| Complete 
|   1|0x0000000080100000, 0x0000000080200000, 0x0000000080200000|100%|HC|  |TAMS 0x0000000080200000, 0x0000000080200000| Complete 
|   2|0x0000000080200000, 0x0000000080300000, 0x0000000080300000|100%|HC|  |TAMS 0x0000000080300000, 0x0000000080300000| Complete 
|   3|0x0000000080300000, 0x0000000080400000, 0x0000000080400000|100%|HC|  |TAMS 0x0000000080400000, 0x0000000080400000| Complete 
|   4|0x0000000080400000, 0x0000000080500000, 0x0000000080500000|100%| O|  |TAMS 0x0000000080500000, 0x0000000080500000| Untracked 
|   5|0x0000000080500000, 0x0000000080600000, 0x0000000080600000|100%| O|  |TAMS 0x0000000080600000, 0x0000000080600000| Untracked 
|   6|0x0000000080600000, 0x0000000080700000, 0x0000000080700000|100%| O|  |TAMS 0x0000000080700000, 0x0000000080700000| Untracked 
|   7|0x0000000080700000, 0x0000000080800000, 0x0000000080800000|100%| O|  |TAMS 0x0000000080800000, 0x0000000080800000| Untracked 
|   8|0x0000000080800000, 0x0000000080900000, 0x0000000080900000|100%| O|  |TAMS 0x0000000080900000, 0x0000000080900000| Untracked 
|   9|0x0000000080900000, 0x0000000080a00000, 0x0000000080a00000|100%| O|  |TAMS 0x0000000080a00000, 0x0000000080a00000| Untracked 
|  10|0x0000000080a00000, 0x0000000080b00000, 0x0000000080b00000|100%| O|  |TAMS 0x0000000080b00000, 0x0000000080b00000| Untracked 
|  11|0x0000000080b00000, 0x0000000080c00000, 0x0000000080c00000|100%| O|  |TAMS 0x0000000080c00000, 0x0000000080c00000| Untracked 
|  12|0x0000000080c00000, 0x0000000080d00000, 0x0000000080d00000|100%| O|  |TAMS 0x0000000080d00000, 0x0000000080d00000| Untracked 
|  13|0x0000000080d00000, 0x0000000080e00000, 0x0000000080e00000|100%| O|  |TAMS 0x0000000080e00000, 0x0000000080e00000| Untracked 
|  14|0x0000000080e00000, 0x0000000080f00000, 0x0000000080f00000|100%| O|  |TAMS 0x0000000080f00000, 0x0000000080f00000| Untracked 
|  15|0x0000000080f00000, 0x0000000081000000, 0x0000000081000000|100%| O|  |TAMS 0x0000000081000000, 0x0000000081000000| Untracked 
|  16|0x0000000081000000, 0x0000000081100000, 0x0000000081100000|100%| O|  |TAMS 0x0000000081100000, 0x0000000081100000| Untracked 
|  17|0x0000000081100000, 0x0000000081200000, 0x0000000081200000|100%| O|  |TAMS 0x0000000081200000, 0x0000000081200000| Untracked 
|  18|0x0000000081200000, 0x0000000081300000, 0x0000000081300000|100%| O|  |TAMS 0x0000000081300000, 0x0000000081300000| Untracked 
|  19|0x0000000081300000, 0x0000000081400000, 0x0000000081400000|100%| O|  |TAMS 0x0000000081400000, 0x0000000081400000| Untracked 
|  20|0x0000000081400000, 0x0000000081500000, 0x0000000081500000|100%| O|  |TAMS 0x0000000081500000, 0x0000000081500000| Untracked 
|  21|0x0000000081500000, 0x0000000081600000, 0x0000000081600000|100%| O|  |TAMS 0x0000000081600000, 0x0000000081600000| Untracked 
|  22|0x0000000081600000, 0x0000000081700000, 0x0000000081700000|100%| O|  |TAMS 0x0000000081700000, 0x0000000081700000| Untracked 
|  23|0x0000000081700000, 0x0000000081800000, 0x0000000081800000|100%| O|  |TAMS 0x0000000081800000, 0x0000000081800000| Untracked 
|  24|0x0000000081800000, 0x0000000081900000, 0x0000000081900000|100%| O|  |TAMS 0x0000000081900000, 0x0000000081900000| Untracked 
|  25|0x0000000081900000, 0x0000000081a00000, 0x0000000081a00000|100%| O|  |TAMS 0x0000000081a00000, 0x0000000081a00000| Untracked 
|  26|0x0000000081a00000, 0x0000000081b00000, 0x0000000081b00000|100%| O|  |TAMS 0x0000000081b00000, 0x0000000081b00000| Untracked 
|  27|0x0000000081b00000, 0x0000000081c00000, 0x0000000081c00000|100%| O|  |TAMS 0x0000000081c00000, 0x0000000081c00000| Untracked 
|  28|0x0000000081c00000, 0x0000000081d00000, 0x0000000081d00000|100%| O|  |TAMS 0x0000000081d00000, 0x0000000081d00000| Untracked 
|  29|0x0000000081d00000, 0x0000000081e00000, 0x0000000081e00000|100%| O|  |TAMS 0x0000000081e00000, 0x0000000081e00000| Untracked 
|  30|0x0000000081e00000, 0x0000000081f00000, 0x0000000081f00000|100%| O|  |TAMS 0x0000000081f00000, 0x0000000081f00000| Untracked 
|  31|0x0000000081f00000, 0x0000000082000000, 0x0000000082000000|100%| O|  |TAMS 0x0000000082000000, 0x0000000082000000| Untracked 
|  32|0x0000000082000000, 0x0000000082100000, 0x0000000082100000|100%| O|  |TAMS 0x0000000082100000, 0x0000000082100000| Untracked 
|  33|0x0000000082100000, 0x0000000082200000, 0x0000000082200000|100%|HS|  |TAMS 0x0000000082200000, 0x0000000082200000| Complete 
|  34|0x0000000082200000, 0x0000000082300000, 0x0000000082300000|100%|HC|  |TAMS 0x0000000082300000, 0x0000000082300000| Complete 
|  35|0x0000000082300000, 0x0000000082400000, 0x0000000082400000|100%|HS|  |TAMS 0x0000000082400000, 0x0000000082400000| Complete 
|  36|0x0000000082400000, 0x0000000082500000, 0x0000000082500000|100%|HC|  |TAMS 0x0000000082500000, 0x0000000082500000| Complete 
|  37|0x0000000082500000, 0x0000000082600000, 0x0000000082600000|100%|HC|  |TAMS 0x0000000082600000, 0x0000000082600000| Complete 
|  38|0x0000000082600000, 0x0000000082700000, 0x0000000082700000|100%|HC|  |TAMS 0x0000000082700000, 0x0000000082700000| Complete 
|  39|0x0000000082700000, 0x0000000082800000, 0x0000000082800000|100%| O|  |TAMS 0x0000000082800000, 0x0000000082800000| Untracked 
|  40|0x0000000082800000, 0x0000000082900000, 0x0000000082900000|100%| O|  |TAMS 0x0000000082900000, 0x0000000082900000| Untracked 
|  41|0x0000000082900000, 0x0000000082a00000, 0x0000000082a00000|100%| O|  |TAMS 0x0000000082a00000, 0x0000000082a00000| Untracked 
|  42|0x0000000082a00000, 0x0000000082b00000, 0x0000000082b00000|100%| O|  |TAMS 0x0000000082b00000, 0x0000000082b00000| Untracked 
|  43|0x0000000082b00000, 0x0000000082c00000, 0x0000000082c00000|100%| O|  |TAMS 0x0000000082c00000, 0x0000000082c00000| Untracked 
|  44|0x0000000082c00000, 0x0000000082d00000, 0x0000000082d00000|100%| O|  |TAMS 0x0000000082d00000, 0x0000000082d00000| Untracked 
|  45|0x0000000082d00000, 0x0000000082e00000, 0x0000000082e00000|100%| O|  |TAMS 0x0000000082e00000, 0x0000000082e00000| Untracked 
|  46|0x0000000082e00000, 0x0000000082f00000, 0x0000000082f00000|100%| O|  |TAMS 0x0000000082f00000, 0x0000000082f00000| Untracked 
|  47|0x0000000082f00000, 0x0000000083000000, 0x0000000083000000|100%| O|  |TAMS 0x0000000083000000, 0x0000000083000000| Untracked 
|  48|0x0000000083000000, 0x0000000083100000, 0x0000000083100000|100%| O|  |TAMS 0x0000000083100000, 0x0000000083100000| Untracked 
|  49|0x0000000083100000, 0x0000000083200000, 0x0000000083200000|100%| O|  |TAMS 0x0000000083200000, 0x0000000083200000| Untracked 
|  50|0x0000000083200000, 0x0000000083300000, 0x0000000083300000|100%| O|  |TAMS 0x0000000083300000, 0x0000000083300000| Untracked 
|  51|0x0000000083300000, 0x0000000083400000, 0x0000000083400000|100%| O|  |TAMS 0x0000000083400000, 0x0000000083400000| Untracked 
|  52|0x0000000083400000, 0x0000000083500000, 0x0000000083500000|100%| O|  |TAMS 0x0000000083500000, 0x0000000083500000| Untracked 
|  53|0x0000000083500000, 0x0000000083600000, 0x0000000083600000|100%| O|  |TAMS 0x0000000083600000, 0x0000000083600000| Untracked 
|  54|0x0000000083600000, 0x0000000083700000, 0x0000000083700000|100%| O|  |TAMS 0x0000000083700000, 0x0000000083700000| Untracked 
|  55|0x0000000083700000, 0x0000000083800000, 0x0000000083800000|100%| O|  |TAMS 0x0000000083800000, 0x0000000083800000| Untracked 
|  56|0x0000000083800000, 0x0000000083900000, 0x0000000083900000|100%| O|  |TAMS 0x0000000083900000, 0x0000000083900000| Untracked 
|  57|0x0000000083900000, 0x0000000083a00000, 0x0000000083a00000|100%| O|  |TAMS 0x0000000083a00000, 0x0000000083a00000| Untracked 
|  58|0x0000000083a00000, 0x0000000083b00000, 0x0000000083b00000|100%| O|  |TAMS 0x0000000083b00000, 0x0000000083b00000| Untracked 
|  59|0x0000000083b00000, 0x0000000083c00000, 0x0000000083c00000|100%|HS|  |TAMS 0x0000000083c00000, 0x0000000083c00000| Complete 
|  60|0x0000000083c00000, 0x0000000083d00000, 0x0000000083d00000|100%|HS|  |TAMS 0x0000000083d00000, 0x0000000083d00000| Complete 
|  61|0x0000000083d00000, 0x0000000083d91600, 0x0000000083e00000| 56%| O|  |TAMS 0x0000000083d00000, 0x0000000083d91600| Untracked 
|  62|0x0000000083e00000, 0x0000000083f00000, 0x0000000083f00000|100%| O|  |TAMS 0x0000000083f00000, 0x0000000083f00000| Untracked 
|  63|0x0000000083f00000, 0x0000000084000000, 0x0000000084000000|100%| O|  |TAMS 0x0000000084000000, 0x0000000084000000| Untracked 
|  64|0x0000000084000000, 0x0000000084100000, 0x0000000084100000|100%| O|  |TAMS 0x0000000084100000, 0x0000000084100000| Untracked 
|  65|0x0000000084100000, 0x0000000084200000, 0x0000000084200000|100%| O|  |TAMS 0x0000000084200000, 0x0000000084200000| Untracked 
|  66|0x0000000084200000, 0x0000000084300000, 0x0000000084300000|100%| O|  |TAMS 0x0000000084300000, 0x0000000084300000| Untracked 
|  67|0x0000000084300000, 0x0000000084400000, 0x0000000084400000|100%| O|  |TAMS 0x0000000084400000, 0x0000000084400000| Untracked 
|  68|0x0000000084400000, 0x0000000084500000, 0x0000000084500000|100%| O|  |TAMS 0x0000000084500000, 0x0000000084500000| Untracked 
|  69|0x0000000084500000, 0x0000000084600000, 0x0000000084600000|100%| O|  |TAMS 0x0000000084600000, 0x0000000084600000| Untracked 
|  70|0x0000000084600000, 0x0000000084700000, 0x0000000084700000|100%| O|  |TAMS 0x0000000084700000, 0x0000000084700000| Untracked 
|  71|0x0000000084700000, 0x0000000084800000, 0x0000000084800000|100%| O|  |TAMS 0x0000000084800000, 0x0000000084800000| Untracked 
|  72|0x0000000084800000, 0x0000000084900000, 0x0000000084900000|100%| O|  |TAMS 0x0000000084900000, 0x0000000084900000| Untracked 
|  73|0x0000000084900000, 0x0000000084a00000, 0x0000000084a00000|100%| O|  |TAMS 0x0000000084a00000, 0x0000000084a00000| Untracked 
|  74|0x0000000084a00000, 0x0000000084b00000, 0x0000000084b00000|100%|HS|  |TAMS 0x0000000084b00000, 0x0000000084b00000| Complete 
|  75|0x0000000084b00000, 0x0000000084c00000, 0x0000000084c00000|100%| O|  |TAMS 0x0000000084c00000, 0x0000000084c00000| Untracked 
|  76|0x0000000084c00000, 0x0000000084d00000, 0x0000000084d00000|100%| O|  |TAMS 0x0000000084d00000, 0x0000000084d00000| Untracked 
|  77|0x0000000084d00000, 0x0000000084e00000, 0x0000000084e00000|100%| O|  |TAMS 0x0000000084e00000, 0x0000000084e00000| Untracked 
|  78|0x0000000084e00000, 0x0000000084f00000, 0x0000000084f00000|100%| O|  |TAMS 0x0000000084f00000, 0x0000000084f00000| Untracked 
|  79|0x0000000084f00000, 0x0000000085000000, 0x0000000085000000|100%|HS|  |TAMS 0x0000000085000000, 0x0000000085000000| Complete 
|  80|0x0000000085000000, 0x0000000085100000, 0x0000000085100000|100%|HC|  |TAMS 0x0000000085100000, 0x0000000085100000| Complete 
|  81|0x0000000085100000, 0x0000000085200000, 0x0000000085200000|100%|HS|  |TAMS 0x0000000085200000, 0x0000000085200000| Complete 
|  82|0x0000000085200000, 0x0000000085300000, 0x0000000085300000|100%|HC|  |TAMS 0x0000000085300000, 0x0000000085300000| Complete 
|  83|0x0000000085300000, 0x0000000085400000, 0x0000000085400000|100%|HC|  |TAMS 0x0000000085400000, 0x0000000085400000| Complete 
|  84|0x0000000085400000, 0x0000000085500000, 0x0000000085500000|100%|HC|  |TAMS 0x0000000085500000, 0x0000000085500000| Complete 
|  85|0x0000000085500000, 0x0000000085600000, 0x0000000085600000|100%| O|  |TAMS 0x0000000085600000, 0x0000000085600000| Untracked 
|  86|0x0000000085600000, 0x0000000085700000, 0x0000000085700000|100%| O|  |TAMS 0x0000000085700000, 0x0000000085700000| Untracked 
|  87|0x0000000085700000, 0x0000000085800000, 0x0000000085800000|100%| O|  |TAMS 0x0000000085800000, 0x0000000085800000| Untracked 
|  88|0x0000000085800000, 0x0000000085900000, 0x0000000085900000|100%| O|  |TAMS 0x0000000085900000, 0x0000000085900000| Untracked 
|  89|0x0000000085900000, 0x0000000085a00000, 0x0000000085a00000|100%| O|  |TAMS 0x0000000085a00000, 0x0000000085a00000| Untracked 
|  90|0x0000000085a00000, 0x0000000085b00000, 0x0000000085b00000|100%| O|  |TAMS 0x0000000085b00000, 0x0000000085b00000| Untracked 
|  91|0x0000000085b00000, 0x0000000085c00000, 0x0000000085c00000|100%| O|  |TAMS 0x0000000085c00000, 0x0000000085c00000| Untracked 
|  92|0x0000000085c00000, 0x0000000085d00000, 0x0000000085d00000|100%| O|  |TAMS 0x0000000085d00000, 0x0000000085d00000| Untracked 
|  93|0x0000000085d00000, 0x0000000085e00000, 0x0000000085e00000|100%| O|  |TAMS 0x0000000085e00000, 0x0000000085e00000| Untracked 
|  94|0x0000000085e00000, 0x0000000085f00000, 0x0000000085f00000|100%| O|  |TAMS 0x0000000085f00000, 0x0000000085f00000| Untracked 
|  95|0x0000000085f00000, 0x0000000086000000, 0x0000000086000000|100%|HS|  |TAMS 0x0000000086000000, 0x0000000086000000| Complete 
|  96|0x0000000086000000, 0x0000000086100000, 0x0000000086100000|100%|HC|  |TAMS 0x0000000086100000, 0x0000000086100000| Complete 
|  97|0x0000000086100000, 0x0000000086200000, 0x0000000086200000|100%|HS|  |TAMS 0x0000000086200000, 0x0000000086200000| Complete 
|  98|0x0000000086200000, 0x0000000086300000, 0x0000000086300000|100%|HC|  |TAMS 0x0000000086300000, 0x0000000086300000| Complete 
|  99|0x0000000086300000, 0x0000000086400000, 0x0000000086400000|100%| O|  |TAMS 0x0000000086400000, 0x0000000086400000| Untracked 
| 100|0x0000000086400000, 0x0000000086500000, 0x0000000086500000|100%| O|  |TAMS 0x0000000086500000, 0x0000000086500000| Untracked 
| 101|0x0000000086500000, 0x0000000086600000, 0x0000000086600000|100%| O|  |TAMS 0x0000000086600000, 0x0000000086600000| Untracked 
| 102|0x0000000086600000, 0x0000000086700000, 0x0000000086700000|100%| O|  |TAMS 0x0000000086700000, 0x0000000086700000| Untracked 
| 103|0x0000000086700000, 0x0000000086800000, 0x0000000086800000|100%| O|  |TAMS 0x0000000086800000, 0x0000000086800000| Untracked 
| 104|0x0000000086800000, 0x0000000086900000, 0x0000000086900000|100%| O|  |TAMS 0x0000000086900000, 0x0000000086900000| Untracked 
| 105|0x0000000086900000, 0x0000000086a00000, 0x0000000086a00000|100%| O|  |TAMS 0x0000000086a00000, 0x0000000086a00000| Untracked 
| 106|0x0000000086a00000, 0x0000000086b00000, 0x0000000086b00000|100%| O|  |TAMS 0x0000000086b00000, 0x0000000086b00000| Untracked 
| 107|0x0000000086b00000, 0x0000000086c00000, 0x0000000086c00000|100%| O|  |TAMS 0x0000000086c00000, 0x0000000086c00000| Untracked 
| 108|0x0000000086c00000, 0x0000000086d00000, 0x0000000086d00000|100%| O|  |TAMS 0x0000000086d00000, 0x0000000086d00000| Untracked 
| 109|0x0000000086d00000, 0x0000000086e00000, 0x0000000086e00000|100%|HS|  |TAMS 0x0000000086e00000, 0x0000000086e00000| Complete 
| 110|0x0000000086e00000, 0x0000000086f00000, 0x0000000086f00000|100%|HS|  |TAMS 0x0000000086f00000, 0x0000000086f00000| Complete 
| 111|0x0000000086f00000, 0x0000000087000000, 0x0000000087000000|100%|HS|  |TAMS 0x0000000087000000, 0x0000000087000000| Complete 
| 112|0x0000000087000000, 0x0000000087100000, 0x0000000087100000|100%|HS|  |TAMS 0x0000000087100000, 0x0000000087100000| Complete 
| 113|0x0000000087100000, 0x0000000087200000, 0x0000000087200000|100%|HC|  |TAMS 0x0000000087200000, 0x0000000087200000| Complete 
| 114|0x0000000087200000, 0x0000000087300000, 0x0000000087300000|100%|HC|  |TAMS 0x0000000087300000, 0x0000000087300000| Complete 
| 115|0x0000000087300000, 0x0000000087400000, 0x0000000087400000|100%| O|  |TAMS 0x0000000087400000, 0x0000000087400000| Untracked 
| 116|0x0000000087400000, 0x0000000087500000, 0x0000000087500000|100%| O|  |TAMS 0x0000000087500000, 0x0000000087500000| Untracked 
| 117|0x0000000087500000, 0x0000000087600000, 0x0000000087600000|100%|HS|  |TAMS 0x0000000087600000, 0x0000000087600000| Complete 
| 118|0x0000000087600000, 0x0000000087700000, 0x0000000087700000|100%|HC|  |TAMS 0x0000000087700000, 0x0000000087700000| Complete 
| 119|0x0000000087700000, 0x0000000087800000, 0x0000000087800000|100%| O|  |TAMS 0x0000000087800000, 0x0000000087800000| Untracked 
| 120|0x0000000087800000, 0x0000000087900000, 0x0000000087900000|100%| O|  |TAMS 0x0000000087900000, 0x0000000087900000| Untracked 
| 121|0x0000000087900000, 0x0000000087a00000, 0x0000000087a00000|100%| O|  |TAMS 0x0000000087a00000, 0x0000000087a00000| Untracked 
| 122|0x0000000087a00000, 0x0000000087b00000, 0x0000000087b00000|100%| O|  |TAMS 0x0000000087b00000, 0x0000000087b00000| Untracked 
| 123|0x0000000087b00000, 0x0000000087c00000, 0x0000000087c00000|100%| O|  |TAMS 0x0000000087c00000, 0x0000000087c00000| Untracked 
| 124|0x0000000087c00000, 0x0000000087d00000, 0x0000000087d00000|100%| O|  |TAMS 0x0000000087d00000, 0x0000000087d00000| Untracked 
| 125|0x0000000087d00000, 0x0000000087e00000, 0x0000000087e00000|100%| O|  |TAMS 0x0000000087e00000, 0x0000000087e00000| Untracked 
| 126|0x0000000087e00000, 0x0000000087f00000, 0x0000000087f00000|100%| O|  |TAMS 0x0000000087f00000, 0x0000000087f00000| Untracked 
| 127|0x0000000087f00000, 0x0000000088000000, 0x0000000088000000|100%| O|  |TAMS 0x0000000088000000, 0x0000000088000000| Untracked 
| 128|0x0000000088000000, 0x0000000088100000, 0x0000000088100000|100%| O|  |TAMS 0x0000000088100000, 0x0000000088100000| Untracked 
| 129|0x0000000088100000, 0x0000000088200000, 0x0000000088200000|100%| O|  |TAMS 0x0000000088200000, 0x0000000088200000| Untracked 
| 130|0x0000000088200000, 0x0000000088300000, 0x0000000088300000|100%|HS|  |TAMS 0x0000000088300000, 0x0000000088300000| Complete 
| 131|0x0000000088300000, 0x0000000088400000, 0x0000000088400000|100%| O|  |TAMS 0x0000000088400000, 0x0000000088400000| Untracked 
| 132|0x0000000088400000, 0x0000000088500000, 0x0000000088500000|100%| O|  |TAMS 0x0000000088500000, 0x0000000088500000| Untracked 
| 133|0x0000000088500000, 0x0000000088600000, 0x0000000088600000|100%| O|  |TAMS 0x0000000088600000, 0x0000000088600000| Untracked 
| 134|0x0000000088600000, 0x0000000088700000, 0x0000000088700000|100%| O|  |TAMS 0x0000000088700000, 0x0000000088700000| Untracked 
| 135|0x0000000088700000, 0x0000000088800000, 0x0000000088800000|100%| O|  |TAMS 0x0000000088800000, 0x0000000088800000| Untracked 
| 136|0x0000000088800000, 0x0000000088900000, 0x0000000088900000|100%| O|  |TAMS 0x0000000088900000, 0x0000000088900000| Untracked 
| 137|0x0000000088900000, 0x0000000088a00000, 0x0000000088a00000|100%| O|  |TAMS 0x0000000088a00000, 0x0000000088a00000| Untracked 
| 138|0x0000000088a00000, 0x0000000088b00000, 0x0000000088b00000|100%| O|  |TAMS 0x0000000088b00000, 0x0000000088b00000| Untracked 
| 139|0x0000000088b00000, 0x0000000088c00000, 0x0000000088c00000|100%| O|  |TAMS 0x0000000088c00000, 0x0000000088c00000| Untracked 
| 140|0x0000000088c00000, 0x0000000088d00000, 0x0000000088d00000|100%| O|  |TAMS 0x0000000088d00000, 0x0000000088d00000| Untracked 
| 141|0x0000000088d00000, 0x0000000088e00000, 0x0000000088e00000|100%| O|  |TAMS 0x0000000088e00000, 0x0000000088e00000| Untracked 
| 142|0x0000000088e00000, 0x0000000088f00000, 0x0000000088f00000|100%| O|  |TAMS 0x0000000088f00000, 0x0000000088f00000| Untracked 
| 143|0x0000000088f00000, 0x0000000089000000, 0x0000000089000000|100%| O|  |TAMS 0x0000000089000000, 0x0000000089000000| Untracked 
| 144|0x0000000089000000, 0x0000000089100000, 0x0000000089100000|100%| O|  |TAMS 0x0000000089100000, 0x0000000089100000| Untracked 
| 145|0x0000000089100000, 0x0000000089200000, 0x0000000089200000|100%| O|  |TAMS 0x0000000089200000, 0x0000000089200000| Untracked 
| 146|0x0000000089200000, 0x0000000089300000, 0x0000000089300000|100%| O|  |TAMS 0x0000000089300000, 0x0000000089300000| Untracked 
| 147|0x0000000089300000, 0x0000000089400000, 0x0000000089400000|100%| O|  |TAMS 0x0000000089400000, 0x0000000089400000| Untracked 
| 148|0x0000000089400000, 0x0000000089500000, 0x0000000089500000|100%| O|  |TAMS 0x0000000089500000, 0x0000000089500000| Untracked 
| 149|0x0000000089500000, 0x0000000089600000, 0x0000000089600000|100%| O|  |TAMS 0x0000000089600000, 0x0000000089600000| Untracked 
| 150|0x0000000089600000, 0x0000000089700000, 0x0000000089700000|100%| O|  |TAMS 0x0000000089700000, 0x0000000089700000| Untracked 
| 151|0x0000000089700000, 0x0000000089800000, 0x0000000089800000|100%| O|  |TAMS 0x0000000089800000, 0x0000000089800000| Untracked 
| 152|0x0000000089800000, 0x0000000089900000, 0x0000000089900000|100%| O|  |TAMS 0x0000000089900000, 0x0000000089900000| Untracked 
| 153|0x0000000089900000, 0x0000000089900000, 0x0000000089a00000|  0%| F|  |TAMS 0x0000000089900000, 0x0000000089900000| Untracked 
| 154|0x0000000089a00000, 0x0000000089b00000, 0x0000000089b00000|100%| O|  |TAMS 0x0000000089b00000, 0x0000000089b00000| Untracked 
| 155|0x0000000089b00000, 0x0000000089c00000, 0x0000000089c00000|100%| O|  |TAMS 0x0000000089c00000, 0x0000000089c00000| Untracked 
| 156|0x0000000089c00000, 0x0000000089d00000, 0x0000000089d00000|100%| O|  |TAMS 0x0000000089d00000, 0x0000000089d00000| Untracked 
| 157|0x0000000089d00000, 0x0000000089e00000, 0x0000000089e00000|100%| O|  |TAMS 0x0000000089e00000, 0x0000000089e00000| Untracked 
| 158|0x0000000089e00000, 0x0000000089e00000, 0x0000000089f00000|  0%| F|  |TAMS 0x0000000089e00000, 0x0000000089e00000| Untracked 
| 159|0x0000000089f00000, 0x000000008a000000, 0x000000008a000000|100%| O|  |TAMS 0x000000008a000000, 0x000000008a000000| Untracked 
| 160|0x000000008a000000, 0x000000008a100000, 0x000000008a100000|100%|HS|  |TAMS 0x000000008a100000, 0x000000008a100000| Complete 
| 161|0x000000008a100000, 0x000000008a200000, 0x000000008a200000|100%|HS|  |TAMS 0x000000008a200000, 0x000000008a200000| Complete 
| 162|0x000000008a200000, 0x000000008a300000, 0x000000008a300000|100%|HC|  |TAMS 0x000000008a300000, 0x000000008a300000| Complete 
| 163|0x000000008a300000, 0x000000008a400000, 0x000000008a400000|100%|HC|  |TAMS 0x000000008a400000, 0x000000008a400000| Complete 
| 164|0x000000008a400000, 0x000000008a500000, 0x000000008a500000|100%| O|  |TAMS 0x000000008a500000, 0x000000008a500000| Untracked 
| 165|0x000000008a500000, 0x000000008a600000, 0x000000008a600000|100%| O|  |TAMS 0x000000008a600000, 0x000000008a600000| Untracked 
| 166|0x000000008a600000, 0x000000008a700000, 0x000000008a700000|100%| O|  |TAMS 0x000000008a700000, 0x000000008a700000| Untracked 
| 167|0x000000008a700000, 0x000000008a800000, 0x000000008a800000|100%| O|  |TAMS 0x000000008a800000, 0x000000008a800000| Untracked 
| 168|0x000000008a800000, 0x000000008a900000, 0x000000008a900000|100%|HS|  |TAMS 0x000000008a900000, 0x000000008a900000| Complete 
| 169|0x000000008a900000, 0x000000008aa00000, 0x000000008aa00000|100%| O|  |TAMS 0x000000008aa00000, 0x000000008aa00000| Untracked 
| 170|0x000000008aa00000, 0x000000008ab00000, 0x000000008ab00000|100%| O|  |TAMS 0x000000008ab00000, 0x000000008ab00000| Untracked 
| 171|0x000000008ab00000, 0x000000008ac00000, 0x000000008ac00000|100%| O|  |TAMS 0x000000008abf3800, 0x000000008ac00000| Untracked 
| 172|0x000000008ac00000, 0x000000008ad00000, 0x000000008ad00000|100%| O|  |TAMS 0x000000008ad00000, 0x000000008ad00000| Untracked 
| 173|0x000000008ad00000, 0x000000008ae00000, 0x000000008ae00000|100%| O|  |TAMS 0x000000008ae00000, 0x000000008ae00000| Untracked 
| 174|0x000000008ae00000, 0x000000008af00000, 0x000000008af00000|100%| O|  |TAMS 0x000000008af00000, 0x000000008af00000| Untracked 
| 175|0x000000008af00000, 0x000000008b000000, 0x000000008b000000|100%| O|  |TAMS 0x000000008b000000, 0x000000008b000000| Untracked 
| 176|0x000000008b000000, 0x000000008b100000, 0x000000008b100000|100%| O|  |TAMS 0x000000008b100000, 0x000000008b100000| Untracked 
| 177|0x000000008b100000, 0x000000008b200000, 0x000000008b200000|100%| O|  |TAMS 0x000000008b200000, 0x000000008b200000| Untracked 
| 178|0x000000008b200000, 0x000000008b300000, 0x000000008b300000|100%| O|  |TAMS 0x000000008b300000, 0x000000008b300000| Untracked 
| 179|0x000000008b300000, 0x000000008b400000, 0x000000008b400000|100%| O|  |TAMS 0x000000008b400000, 0x000000008b400000| Untracked 
| 180|0x000000008b400000, 0x000000008b500000, 0x000000008b500000|100%| O|  |TAMS 0x000000008b500000, 0x000000008b500000| Untracked 
| 181|0x000000008b500000, 0x000000008b600000, 0x000000008b600000|100%| O|  |TAMS 0x000000008b600000, 0x000000008b600000| Untracked 
| 182|0x000000008b600000, 0x000000008b600000, 0x000000008b700000|  0%| F|  |TAMS 0x000000008b600000, 0x000000008b600000| Untracked 
| 183|0x000000008b700000, 0x000000008b700000, 0x000000008b800000|  0%| F|  |TAMS 0x000000008b700000, 0x000000008b700000| Untracked 
| 184|0x000000008b800000, 0x000000008b900000, 0x000000008b900000|100%| O|  |TAMS 0x000000008b900000, 0x000000008b900000| Untracked 
| 185|0x000000008b900000, 0x000000008ba00000, 0x000000008ba00000|100%| O|  |TAMS 0x000000008ba00000, 0x000000008ba00000| Untracked 
| 186|0x000000008ba00000, 0x000000008bb00000, 0x000000008bb00000|100%| O|  |TAMS 0x000000008bb00000, 0x000000008bb00000| Untracked 
| 187|0x000000008bb00000, 0x000000008bc00000, 0x000000008bc00000|100%| O|  |TAMS 0x000000008bc00000, 0x000000008bc00000| Untracked 
| 188|0x000000008bc00000, 0x000000008bd00000, 0x000000008bd00000|100%| O|  |TAMS 0x000000008bd00000, 0x000000008bd00000| Untracked 
| 189|0x000000008bd00000, 0x000000008be00000, 0x000000008be00000|100%| O|  |TAMS 0x000000008be00000, 0x000000008be00000| Untracked 
| 190|0x000000008be00000, 0x000000008bf00000, 0x000000008bf00000|100%| O|  |TAMS 0x000000008bf00000, 0x000000008bf00000| Untracked 
| 191|0x000000008bf00000, 0x000000008c000000, 0x000000008c000000|100%| O|  |TAMS 0x000000008c000000, 0x000000008c000000| Untracked 
| 192|0x000000008c000000, 0x000000008c100000, 0x000000008c100000|100%| O|  |TAMS 0x000000008c100000, 0x000000008c100000| Untracked 
| 193|0x000000008c100000, 0x000000008c200000, 0x000000008c200000|100%| O|  |TAMS 0x000000008c200000, 0x000000008c200000| Untracked 
| 194|0x000000008c200000, 0x000000008c300000, 0x000000008c300000|100%| O|  |TAMS 0x000000008c300000, 0x000000008c300000| Untracked 
| 195|0x000000008c300000, 0x000000008c400000, 0x000000008c400000|100%| O|  |TAMS 0x000000008c400000, 0x000000008c400000| Untracked 
| 196|0x000000008c400000, 0x000000008c500000, 0x000000008c500000|100%| O|  |TAMS 0x000000008c500000, 0x000000008c500000| Untracked 
| 197|0x000000008c500000, 0x000000008c600000, 0x000000008c600000|100%| O|  |TAMS 0x000000008c600000, 0x000000008c600000| Untracked 
| 198|0x000000008c600000, 0x000000008c700000, 0x000000008c700000|100%| O|  |TAMS 0x000000008c700000, 0x000000008c700000| Untracked 
| 199|0x000000008c700000, 0x000000008c800000, 0x000000008c800000|100%| O|  |TAMS 0x000000008c800000, 0x000000008c800000| Untracked 
| 200|0x000000008c800000, 0x000000008c900000, 0x000000008c900000|100%| O|  |TAMS 0x000000008c900000, 0x000000008c900000| Untracked 
| 201|0x000000008c900000, 0x000000008ca00000, 0x000000008ca00000|100%| O|  |TAMS 0x000000008ca00000, 0x000000008ca00000| Untracked 
| 202|0x000000008ca00000, 0x000000008cb00000, 0x000000008cb00000|100%| O|  |TAMS 0x000000008cb00000, 0x000000008cb00000| Untracked 
| 203|0x000000008cb00000, 0x000000008cc00000, 0x000000008cc00000|100%| O|  |TAMS 0x000000008cc00000, 0x000000008cc00000| Untracked 
| 204|0x000000008cc00000, 0x000000008cd00000, 0x000000008cd00000|100%| O|  |TAMS 0x000000008cd00000, 0x000000008cd00000| Untracked 
| 205|0x000000008cd00000, 0x000000008ce00000, 0x000000008ce00000|100%| O|  |TAMS 0x000000008cd00000, 0x000000008ce00000| Untracked 
| 206|0x000000008ce00000, 0x000000008cf00000, 0x000000008cf00000|100%| O|  |TAMS 0x000000008ce00000, 0x000000008cf00000| Untracked 
| 207|0x000000008cf00000, 0x000000008d000000, 0x000000008d000000|100%| O|  |TAMS 0x000000008cf00000, 0x000000008d000000| Untracked 
| 208|0x000000008d000000, 0x000000008d100000, 0x000000008d100000|100%| O|  |TAMS 0x000000008d000000, 0x000000008d100000| Untracked 
| 209|0x000000008d100000, 0x000000008d200000, 0x000000008d200000|100%| O|  |TAMS 0x000000008d100000, 0x000000008d200000| Untracked 
| 210|0x000000008d200000, 0x000000008d200000, 0x000000008d300000|  0%| F|  |TAMS 0x000000008d200000, 0x000000008d200000| Untracked 
| 211|0x000000008d300000, 0x000000008d300000, 0x000000008d400000|  0%| F|  |TAMS 0x000000008d300000, 0x000000008d300000| Untracked 
| 212|0x000000008d400000, 0x000000008d400000, 0x000000008d500000|  0%| F|  |TAMS 0x000000008d400000, 0x000000008d400000| Untracked 
| 213|0x000000008d500000, 0x000000008d5cb120, 0x000000008d600000| 79%| S|CS|TAMS 0x000000008d500000, 0x000000008d500000| Complete 
| 214|0x000000008d600000, 0x000000008d700000, 0x000000008d700000|100%| S|CS|TAMS 0x000000008d600000, 0x000000008d600000| Complete 
| 215|0x000000008d700000, 0x000000008d700000, 0x000000008d800000|  0%| F|  |TAMS 0x000000008d700000, 0x000000008d700000| Untracked 
| 216|0x000000008d800000, 0x000000008d800000, 0x000000008d900000|  0%| F|  |TAMS 0x000000008d800000, 0x000000008d800000| Untracked 
| 217|0x000000008d900000, 0x000000008d900000, 0x000000008da00000|  0%| F|  |TAMS 0x000000008d900000, 0x000000008d900000| Untracked 
| 218|0x000000008da00000, 0x000000008da00000, 0x000000008db00000|  0%| F|  |TAMS 0x000000008da00000, 0x000000008da00000| Untracked 
| 219|0x000000008db00000, 0x000000008db00000, 0x000000008dc00000|  0%| F|  |TAMS 0x000000008db00000, 0x000000008db00000| Untracked 
| 220|0x000000008dc00000, 0x000000008dc00000, 0x000000008dd00000|  0%| F|  |TAMS 0x000000008dc00000, 0x000000008dc00000| Untracked 
| 221|0x000000008dd00000, 0x000000008dd00000, 0x000000008de00000|  0%| F|  |TAMS 0x000000008dd00000, 0x000000008dd00000| Untracked 
| 222|0x000000008de00000, 0x000000008de00000, 0x000000008df00000|  0%| F|  |TAMS 0x000000008de00000, 0x000000008de00000| Untracked 
| 223|0x000000008df00000, 0x000000008df00000, 0x000000008e000000|  0%| F|  |TAMS 0x000000008df00000, 0x000000008df00000| Untracked 
| 224|0x000000008e000000, 0x000000008e000000, 0x000000008e100000|  0%| F|  |TAMS 0x000000008e000000, 0x000000008e000000| Untracked 
| 225|0x000000008e100000, 0x000000008e1d0508, 0x000000008e200000| 81%| E|  |TAMS 0x000000008e100000, 0x000000008e100000| Complete 

Card table byte_map: [0x0000019b73190000,0x0000019b73590000] _byte_map_base: 0x0000019b72d90000

Marking Bits (Prev, Next): (CMBitMap*) 0x0000019b5b651598, (CMBitMap*) 0x0000019b5b6515d0
 Prev Bits: [0x0000019b73990000, 0x0000019b75990000)
 Next Bits: [0x0000019b75990000, 0x0000019b77990000)

Polling page: 0x0000019b594d0000

Metaspace:

Usage:
  Non-class:    103.56 MB capacity,   100.80 MB ( 97%) used,     2.36 MB (  2%) free+waste,   403.38 KB ( <1%) overhead. 
      Class:     16.87 MB capacity,    15.09 MB ( 89%) used,     1.60 MB (  9%) free+waste,   185.50 KB (  1%) overhead. 
       Both:    120.43 MB capacity,   115.89 MB ( 96%) used,     3.96 MB (  3%) free+waste,   588.88 KB ( <1%) overhead. 

Virtual space:
  Non-class space:      104.00 MB reserved,     103.58 MB (>99%) committed 
      Class space:      504.00 MB reserved,      16.88 MB (  3%) committed 
             Both:      608.00 MB reserved,     120.45 MB ( 20%) committed 

Chunk freelists:
   Non-Class:  22.00 KB
       Class:  4.00 KB
        Both:  26.00 KB

MaxMetaspaceSize: 512.00 MB
CompressedClassSpaceSize: 504.00 MB
Initial GC threshold: 20.80 MB
Current GC threshold: 200.34 MB
CDS: off

CodeHeap 'non-profiled nmethods': size=120064Kb used=12047Kb max_used=12047Kb free=108016Kb
 bounds [0x0000019b6b850000, 0x0000019b6c420000, 0x0000019b72d90000]
CodeHeap 'profiled nmethods': size=120000Kb used=37719Kb max_used=37719Kb free=82280Kb
 bounds [0x0000019b64320000, 0x0000019b66800000, 0x0000019b6b850000]
CodeHeap 'non-nmethods': size=5696Kb used=2435Kb max_used=2488Kb free=3260Kb
 bounds [0x0000019b63d90000, 0x0000019b64010000, 0x0000019b64320000]
 total_blobs=17368 nmethods=16400 adapters=879
 compilation: enabled
              stopped_count=0, restarted_count=0
 full_count=0

Compilation events (20 events):
Event: 755.203 Thread 0x0000019b7a7f0800 16522       3       jdk.internal.misc.Unsafe::allocateMemory (35 bytes)
Event: 755.204 Thread 0x0000019b7a7f0800 nmethod 16522 0x0000019b667ef410 code [0x0000019b667ef600, 0x0000019b667ef948]
Event: 755.204 Thread 0x0000019b7a7f0800 16523       3       jdk.internal.misc.Unsafe::allocateMemoryChecks (6 bytes)
Event: 755.204 Thread 0x0000019b7a7f0800 nmethod 16523 0x0000019b667efa90 code [0x0000019b667efc60, 0x0000019b667eff28]
Event: 755.205 Thread 0x0000019b7a7f0800 16525       3       sun.nio.fs.NativeBuffer::free (10 bytes)
Event: 755.205 Thread 0x0000019b7a7f0800 nmethod 16525 0x0000019b667f0090 code [0x0000019b667f0240, 0x0000019b667f0408]
Event: 755.205 Thread 0x0000019b7a7f0800 16526       3       sun.nio.fs.NativeBuffer$Deallocator::run (11 bytes)
Event: 755.206 Thread 0x0000019b7a7f0800 nmethod 16526 0x0000019b667f0510 code [0x0000019b667f0700, 0x0000019b667f0a38]
Event: 755.208 Thread 0x0000019b7a7f0800 16527   !   3       org.gradle.api.file.FileTreeElement$getFile::call (31 bytes)
Event: 755.209 Thread 0x0000019b7a7f0800 nmethod 16527 0x0000019b667f0b90 code [0x0000019b667f0da0, 0x0000019b667f1168]
Event: 755.209 Thread 0x0000019b7a7f0800 16528   !   3       java_io_File$toPath::call (29 bytes)
Event: 755.213 Thread 0x0000019b7a7f0800 nmethod 16528 0x0000019b667f1390 code [0x0000019b667f1580, 0x0000019b667f1928]
Event: 755.213 Thread 0x0000019b7a7f0800 16529   !   3       java_nio_file_Files$isSymbolicLink::call (34 bytes)
Event: 755.214 Thread 0x0000019b7a7f0800 nmethod 16529 0x0000019b667f1b10 code [0x0000019b667f1d80, 0x0000019b667f27f8]
Event: 755.228 Thread 0x0000019b7a7f0800 16530       3       org.gradle.api.internal.file.collections.DefaultDirectoryWalker$PathVisitor::postVisitDirectory (10 bytes)
Event: 755.277 Thread 0x0000019b7a7f0800 nmethod 16530 0x0000019b667f2d10 code [0x0000019b667f2ee0, 0x0000019b667f3108]
Event: 755.277 Thread 0x0000019b7a7f0800 16531       3       org.gradle.api.internal.file.collections.DefaultDirectoryWalker$PathVisitor::postVisitDirectory (95 bytes)
Event: 755.351 Thread 0x0000019b7a7f0800 nmethod 16531 0x0000019b667f3210 code [0x0000019b667f3520, 0x0000019b667f48b8]
Event: 755.351 Thread 0x0000019b7a7f0800 16533       3       sun.nio.fs.NativeBuffer::<init> (44 bytes)
Event: 755.352 Thread 0x0000019b7a7f0800 nmethod 16533 0x0000019b667f4e90 code [0x0000019b667f50e0, 0x0000019b667f59b8]

GC Heap History (20 events):
Event: 716.840 GC heap before
{Heap before GC invocations=253 (full 0):
 garbage-first heap   total 231424K, used 213877K [0x0000000080000000, 0x0000000100000000)
  region size 1024K, 11 young (11264K), 2 survivors (2048K)
 Metaspace       used 117382K, capacity 121756K, committed 121936K, reserved 622592K
  class space    used 15301K, capacity 17035K, committed 17152K, reserved 516096K
}
Event: 716.946 GC heap after
{Heap after GC invocations=254 (full 0):
 garbage-first heap   total 231424K, used 205192K [0x0000000080000000, 0x0000000100000000)
  region size 1024K, 1 young (1024K), 1 survivors (1024K)
 Metaspace       used 117382K, capacity 121756K, committed 121936K, reserved 622592K
  class space    used 15301K, capacity 17035K, committed 17152K, reserved 516096K
}
Event: 727.306 GC heap before
{Heap before GC invocations=254 (full 0):
 garbage-first heap   total 231424K, used 215432K [0x0000000080000000, 0x0000000100000000)
  region size 1024K, 11 young (11264K), 1 survivors (1024K)
 Metaspace       used 117601K, capacity 122019K, committed 122192K, reserved 622592K
  class space    used 15329K, capacity 17076K, committed 17152K, reserved 516096K
}
Event: 727.424 GC heap after
{Heap after GC invocations=255 (full 0):
 garbage-first heap   total 231424K, used 207174K [0x0000000080000000, 0x0000000100000000)
  region size 1024K, 2 young (2048K), 2 survivors (2048K)
 Metaspace       used 117601K, capacity 122019K, committed 122192K, reserved 622592K
  class space    used 15329K, capacity 17076K, committed 17152K, reserved 516096K
}
Event: 731.994 GC heap before
{Heap before GC invocations=256 (full 0):
 garbage-first heap   total 231424K, used 216390K [0x0000000080000000, 0x0000000100000000)
  region size 1024K, 11 young (11264K), 2 survivors (2048K)
 Metaspace       used 117698K, capacity 122103K, committed 122192K, reserved 622592K
  class space    used 15335K, capacity 17080K, committed 17152K, reserved 516096K
}
Event: 732.021 GC heap after
{Heap after GC invocations=257 (full 0):
 garbage-first heap   total 231424K, used 208710K [0x0000000080000000, 0x0000000100000000)
  region size 1024K, 2 young (2048K), 2 survivors (2048K)
 Metaspace       used 117698K, capacity 122103K, committed 122192K, reserved 622592K
  class space    used 15335K, capacity 17080K, committed 17152K, reserved 516096K
}
Event: 736.798 GC heap before
{Heap before GC invocations=257 (full 0):
 garbage-first heap   total 231424K, used 216902K [0x0000000080000000, 0x0000000100000000)
  region size 1024K, 11 young (11264K), 2 survivors (2048K)
 Metaspace       used 118078K, capacity 122665K, committed 122832K, reserved 622592K
  class space    used 15388K, capacity 17197K, committed 17280K, reserved 516096K
}
Event: 736.857 GC heap after
{Heap after GC invocations=258 (full 0):
 garbage-first heap   total 231424K, used 209788K [0x0000000080000000, 0x0000000100000000)
  region size 1024K, 2 young (2048K), 2 survivors (2048K)
 Metaspace       used 118078K, capacity 122665K, committed 122832K, reserved 622592K
  class space    used 15388K, capacity 17197K, committed 17280K, reserved 516096K
}
Event: 737.816 GC heap before
{Heap before GC invocations=258 (full 0):
 garbage-first heap   total 231424K, used 217980K [0x0000000080000000, 0x0000000100000000)
  region size 1024K, 11 young (11264K), 2 survivors (2048K)
 Metaspace       used 118169K, capacity 122739K, committed 122832K, reserved 622592K
  class space    used 15390K, capacity 17199K, committed 17280K, reserved 516096K
}
Event: 737.894 GC heap after
{Heap after GC invocations=259 (full 0):
 garbage-first heap   total 231424K, used 210692K [0x0000000080000000, 0x0000000100000000)
  region size 1024K, 1 young (1024K), 1 survivors (1024K)
 Metaspace       used 118169K, capacity 122739K, committed 122832K, reserved 622592K
  class space    used 15390K, capacity 17199K, committed 17280K, reserved 516096K
}
Event: 738.582 GC heap before
{Heap before GC invocations=259 (full 0):
 garbage-first heap   total 231424K, used 219908K [0x0000000080000000, 0x0000000100000000)
  region size 1024K, 11 young (11264K), 1 survivors (1024K)
 Metaspace       used 118241K, capacity 122812K, committed 123088K, reserved 622592K
  class space    used 15390K, capacity 17199K, committed 17280K, reserved 516096K
}
Event: 738.593 GC heap after
{Heap after GC invocations=260 (full 0):
 garbage-first heap   total 231424K, used 211063K [0x0000000080000000, 0x0000000100000000)
  region size 1024K, 2 young (2048K), 2 survivors (2048K)
 Metaspace       used 118241K, capacity 122812K, committed 123088K, reserved 622592K
  class space    used 15390K, capacity 17199K, committed 17280K, reserved 516096K
}
Event: 740.592 GC heap before
{Heap before GC invocations=260 (full 0):
 garbage-first heap   total 231424K, used 219255K [0x0000000080000000, 0x0000000100000000)
  region size 1024K, 11 young (11264K), 2 survivors (2048K)
 Metaspace       used 118305K, capacity 122823K, committed 123088K, reserved 622592K
  class space    used 15392K, capacity 17201K, committed 17280K, reserved 516096K
}
Event: 740.630 GC heap after
{Heap after GC invocations=261 (full 0):
 garbage-first heap   total 231424K, used 211580K [0x0000000080000000, 0x0000000100000000)
  region size 1024K, 1 young (1024K), 1 survivors (1024K)
 Metaspace       used 118305K, capacity 122823K, committed 123088K, reserved 622592K
  class space    used 15392K, capacity 17201K, committed 17280K, reserved 516096K
}
Event: 750.390 GC heap before
{Heap before GC invocations=262 (full 0):
 garbage-first heap   total 231424K, used 220796K [0x0000000080000000, 0x0000000100000000)
  region size 1024K, 11 young (11264K), 1 survivors (1024K)
 Metaspace       used 118542K, capacity 123126K, committed 123344K, reserved 622592K
  class space    used 15437K, capacity 17235K, committed 17280K, reserved 516096K
}
Event: 750.586 GC heap after
{Heap after GC invocations=263 (full 0):
 garbage-first heap   total 231424K, used 212290K [0x0000000080000000, 0x0000000100000000)
  region size 1024K, 2 young (2048K), 2 survivors (2048K)
 Metaspace       used 118542K, capacity 123126K, committed 123344K, reserved 622592K
  class space    used 15437K, capacity 17235K, committed 17280K, reserved 516096K
}
Event: 754.370 GC heap before
{Heap before GC invocations=263 (full 0):
 garbage-first heap   total 231424K, used 221506K [0x0000000080000000, 0x0000000100000000)
  region size 1024K, 11 young (11264K), 2 survivors (2048K)
 Metaspace       used 118633K, capacity 123250K, committed 123344K, reserved 622592K
  class space    used 15450K, capacity 17276K, committed 17280K, reserved 516096K
}
Event: 754.514 GC heap after
{Heap after GC invocations=264 (full 0):
 garbage-first heap   total 231424K, used 211034K [0x0000000080000000, 0x0000000100000000)
  region size 1024K, 2 young (2048K), 2 survivors (2048K)
 Metaspace       used 118633K, capacity 123250K, committed 123344K, reserved 622592K
  class space    used 15450K, capacity 17276K, committed 17280K, reserved 516096K
}
Event: 755.466 GC heap before
{Heap before GC invocations=264 (full 0):
 garbage-first heap   total 231424K, used 220250K [0x0000000080000000, 0x0000000100000000)
  region size 1024K, 11 young (11264K), 2 survivors (2048K)
 Metaspace       used 118670K, capacity 123318K, committed 123344K, reserved 622592K
  class space    used 15450K, capacity 17276K, committed 17280K, reserved 516096K
}
Event: 755.637 GC heap after
{Heap after GC invocations=265 (full 0):
 garbage-first heap   total 231424K, used 212337K [0x0000000080000000, 0x0000000100000000)
  region size 1024K, 2 young (2048K), 2 survivors (2048K)
 Metaspace       used 118670K, capacity 123318K, committed 123344K, reserved 622592K
  class space    used 15450K, capacity 17276K, committed 17280K, reserved 516096K
}

Deoptimization events (20 events):
Event: 745.188 Thread 0x0000019b7cd89000 DEOPT PACKING pc=0x0000019b6c262b04 sp=0x00000074bb6f79e0
Event: 745.188 Thread 0x0000019b7cd89000 DEOPT UNPACKING pc=0x0000019b63dda1af sp=0x00000074bb6f7918 mode 2
Event: 745.190 Thread 0x0000019b7cd89000 Uncommon trap: trap_request=0xffffffc6 fr.pc=0x0000019b6c21395c relative=0x000000000000063c
Event: 745.190 Thread 0x0000019b7cd89000 Uncommon trap: reason=bimorphic_or_optimized_type_check action=maybe_recompile pc=0x0000019b6c21395c method=java.util.regex.Matcher.search(I)Z @ 121 c2
Event: 745.190 Thread 0x0000019b7cd89000 DEOPT PACKING pc=0x0000019b6c21395c sp=0x00000074bb6f7cd0
Event: 745.190 Thread 0x0000019b7cd89000 DEOPT UNPACKING pc=0x0000019b63dda1af sp=0x00000074bb6f7c28 mode 2
Event: 745.190 Thread 0x0000019b7cd89000 Uncommon trap: trap_request=0xffffffc6 fr.pc=0x0000019b6c21395c relative=0x000000000000063c
Event: 745.190 Thread 0x0000019b7cd89000 Uncommon trap: reason=bimorphic_or_optimized_type_check action=maybe_recompile pc=0x0000019b6c21395c method=java.util.regex.Matcher.search(I)Z @ 121 c2
Event: 745.190 Thread 0x0000019b7cd89000 DEOPT PACKING pc=0x0000019b6c21395c sp=0x00000074bb6f7cd0
Event: 745.190 Thread 0x0000019b7cd89000 DEOPT UNPACKING pc=0x0000019b63dda1af sp=0x00000074bb6f7c28 mode 2
Event: 745.191 Thread 0x0000019b7cd89000 Uncommon trap: trap_request=0xffffffc6 fr.pc=0x0000019b6c21395c relative=0x000000000000063c
Event: 745.191 Thread 0x0000019b7cd89000 Uncommon trap: reason=bimorphic_or_optimized_type_check action=maybe_recompile pc=0x0000019b6c21395c method=java.util.regex.Matcher.search(I)Z @ 121 c2
Event: 745.191 Thread 0x0000019b7cd89000 DEOPT PACKING pc=0x0000019b6c21395c sp=0x00000074bb6f7cd0
Event: 745.191 Thread 0x0000019b7cd89000 DEOPT UNPACKING pc=0x0000019b63dda1af sp=0x00000074bb6f7c28 mode 2
Event: 745.546 Thread 0x0000019b7cd89000 DEOPT PACKING pc=0x0000019b64b03d3c sp=0x00000074bb6f51b0
Event: 745.546 Thread 0x0000019b7cd89000 DEOPT UNPACKING pc=0x0000019b63dda95e sp=0x00000074bb6f46c8 mode 0
Event: 745.842 Thread 0x0000019b7cd89000 Uncommon trap: trap_request=0xffffff7e fr.pc=0x0000019b6c2d7224 relative=0x0000000000000484
Event: 745.842 Thread 0x0000019b7cd89000 Uncommon trap: reason=predicate action=maybe_recompile pc=0x0000019b6c2d7224 method=java.util.LinkedList.remove(Ljava/lang/Object;)Z @ 45 c2
Event: 745.842 Thread 0x0000019b7cd89000 DEOPT PACKING pc=0x0000019b6c2d7224 sp=0x00000074bb6fc7e0
Event: 745.842 Thread 0x0000019b7cd89000 DEOPT UNPACKING pc=0x0000019b63dda1af sp=0x00000074bb6fc798 mode 2

Classes redefined (0 events):
No events

Internal exceptions (20 events):
Event: 749.233 Thread 0x0000019b7cd87000 Exception <a 'java/lang/ClassNotFoundException'{0x000000008da9f080}: org/gradle/api/internal/provider/AbstractPropertyCustomizer> (0x000000008da9f080) thrown at [./src/hotspot/share/classfile/systemDictionary.cpp, line 230]
Event: 749.379 Thread 0x0000019b7cd87000 Exception <a 'java/lang/ClassNotFoundException'{0x000000008dae8fe0}: org/gradle/api/internal/provider/DefaultPropertyCustomizer> (0x000000008dae8fe0) thrown at [./src/hotspot/share/classfile/systemDictionary.cpp, line 230]
Event: 749.745 Thread 0x0000019b7cd87000 Exception <a 'java/lang/ClassNotFoundException'{0x000000008d970240}: org/gradle/api/internal/model/DefaultObjectFactoryBeanInfo> (0x000000008d970240) thrown at [./src/hotspot/share/classfile/systemDictionary.cpp, line 230]
Event: 749.756 Thread 0x0000019b7cd87000 Exception <a 'java/lang/ClassNotFoundException'{0x000000008d9af7b8}: org/gradle/api/internal/model/DefaultObjectFactoryCustomizer> (0x000000008d9af7b8) thrown at [./src/hotspot/share/classfile/systemDictionary.cpp, line 230]
Event: 750.611 Thread 0x0000019b7cd87000 Exception <a 'java/lang/ClassNotFoundException'{0x000000008e12b228}: org/gradle/api/internal/file/collections/DefaultConfigurableFileTreeBeanInfo> (0x000000008e12b228) thrown at [./src/hotspot/share/classfile/systemDictionary.cpp, line 230]
Event: 750.632 Thread 0x0000019b7cd87000 Exception <a 'java/lang/ClassNotFoundException'{0x000000008e1646a0}: org/gradle/api/internal/file/CompositeFileTreeBeanInfo> (0x000000008e1646a0) thrown at [./src/hotspot/share/classfile/systemDictionary.cpp, line 230]
Event: 750.642 Thread 0x0000019b7cd87000 Exception <a 'java/lang/ClassNotFoundException'{0x000000008e1a1b98}: org/gradle/api/internal/file/CompositeFileCollectionBeanInfo> (0x000000008e1a1b98) thrown at [./src/hotspot/share/classfile/systemDictionary.cpp, line 230]
Event: 750.654 Thread 0x0000019b7cd87000 Exception <a 'java/lang/ClassNotFoundException'{0x000000008e1dee08}: org/gradle/api/internal/file/AbstractFileCollectionBeanInfo> (0x000000008e1dee08) thrown at [./src/hotspot/share/classfile/systemDictionary.cpp, line 230]
Event: 750.666 Thread 0x0000019b7cd87000 Exception <a 'java/lang/ClassNotFoundException'{0x000000008e01ca68}: org/gradle/api/internal/file/AbstractFileCollectionCustomizer> (0x000000008e01ca68) thrown at [./src/hotspot/share/classfile/systemDictionary.cpp, line 230]
Event: 750.678 Thread 0x0000019b7cd87000 Exception <a 'java/lang/ClassNotFoundException'{0x000000008e06bd08}: org/gradle/api/internal/file/CompositeFileCollectionCustomizer> (0x000000008e06bd08) thrown at [./src/hotspot/share/classfile/systemDictionary.cpp, line 230]
Event: 750.698 Thread 0x0000019b7cd87000 Exception <a 'java/lang/ClassNotFoundException'{0x000000008e0ad790}: org/gradle/api/internal/file/CompositeFileTreeCustomizer> (0x000000008e0ad790) thrown at [./src/hotspot/share/classfile/systemDictionary.cpp, line 230]
Event: 750.803 Thread 0x0000019b7cd87000 Exception <a 'java/lang/ClassNotFoundException'{0x000000008e0fd000}: org/gradle/api/internal/file/collections/DefaultConfigurableFileTreeCustomizer> (0x000000008e0fd000) thrown at [./src/hotspot/share/classfile/systemDictionary.cpp, line 230]
Event: 752.176 Thread 0x0000019b7cd87000 Exception <a 'java/lang/ClassNotFoundException'{0x000000008de0dc60}: org/gradle/api/internal/file/DefaultFileVisitDetailsBeanInfo> (0x000000008de0dc60) thrown at [./src/hotspot/share/classfile/systemDictionary.cpp, line 230]
Event: 752.214 Thread 0x0000019b7cd87000 Exception <a 'java/lang/ClassNotFoundException'{0x000000008de4de70}: org/gradle/api/internal/file/DefaultFileTreeElementBeanInfo> (0x000000008de4de70) thrown at [./src/hotspot/share/classfile/systemDictionary.cpp, line 230]
Event: 752.235 Thread 0x0000019b7cd87000 Exception <a 'java/lang/ClassNotFoundException'{0x000000008de8eaa0}: org/gradle/api/internal/file/AbstractFileTreeElementBeanInfo> (0x000000008de8eaa0) thrown at [./src/hotspot/share/classfile/systemDictionary.cpp, line 230]
Event: 752.262 Thread 0x0000019b7cd87000 Exception <a 'java/lang/ClassNotFoundException'{0x000000008decf648}: org/gradle/api/internal/file/AbstractFileTreeElementCustomizer> (0x000000008decf648) thrown at [./src/hotspot/share/classfile/systemDictionary.cpp, line 230]
Event: 752.284 Thread 0x0000019b7cd87000 Exception <a 'java/lang/ClassNotFoundException'{0x000000008dd159e8}: org/gradle/api/internal/file/DefaultFileTreeElementCustomizer> (0x000000008dd159e8) thrown at [./src/hotspot/share/classfile/systemDictionary.cpp, line 230]
Event: 752.290 Thread 0x0000019b7cd87000 Exception <a 'java/lang/ClassNotFoundException'{0x000000008dd5f218}: org/gradle/api/internal/file/DefaultFileVisitDetailsCustomizer> (0x000000008dd5f218) thrown at [./src/hotspot/share/classfile/systemDictionary.cpp, line 230]
Event: 752.497 Thread 0x0000019b7cd87000 Exception <a 'java/lang/ClassNotFoundException'{0x000000008dda6f70}: java/nio/file/FilesBeanInfo> (0x000000008dda6f70) thrown at [./src/hotspot/share/classfile/systemDictionary.cpp, line 230]
Event: 752.499 Thread 0x0000019b7cd87000 Exception <a 'java/lang/ClassNotFoundException'{0x000000008ddbbe78}: java/nio/file/FilesCustomizer> (0x000000008ddbbe78) thrown at [./src/hotspot/share/classfile/systemDictionary.cpp, line 230]

Events (20 events):
Event: 752.498 loading class java/nio/file/FilesCustomizer done
Event: 752.499 loading class java/nio/file/FilesCustomizer
Event: 752.499 loading class java/nio/file/FilesCustomizer done
Event: 752.512 loading class javax/security/auth/Subject
Event: 752.519 loading class javax/security/auth/Subject done
Event: 752.523 loading class groovy/lang/GroovyRuntimeException
Event: 752.523 loading class groovy/lang/GroovyRuntimeException done
Event: 752.525 loading class org/codehaus/groovy/runtime/typehandling/DefaultTypeTransformation
Event: 752.525 loading class org/codehaus/groovy/runtime/typehandling/DefaultTypeTransformation done
Event: 752.529 loading class org/codehaus/groovy/runtime/dgm$27
Event: 752.529 loading class org/codehaus/groovy/runtime/dgm$27 done
Event: 752.616 loading class org/gradle/api/internal/file/AttributeBasedFileVisitDetails
Event: 752.616 loading class org/gradle/api/internal/file/AttributeBasedFileVisitDetails done
Event: 752.754 Loaded shared library C:\Program Files\Eclipse Adoptium\jdk-11.0.17.8-hotspot\bin\nio.dll
Event: 753.139 Loaded shared library C:\Program Files\Eclipse Adoptium\jdk-11.0.17.8-hotspot\bin\nio.dll
Event: 753.334 Loaded shared library C:\Program Files\Eclipse Adoptium\jdk-11.0.17.8-hotspot\bin\nio.dll
Event: 754.317 Executing VM operation: G1CollectForAllocation
Event: 754.514 Executing VM operation: G1CollectForAllocation done
Event: 755.465 Executing VM operation: G1CollectForAllocation
Event: 755.637 Executing VM operation: G1CollectForAllocation done


Dynamic libraries:
0x00007ff7b41c0000 - 0x00007ff7b41cd000 	C:\Program Files\Eclipse Adoptium\jdk-11.0.17.8-hotspot\bin\java.exe
0x00007ffb19510000 - 0x00007ffb19708000 	C:\Windows\SYSTEM32\ntdll.dll
0x00007ffb185a0000 - 0x00007ffb1865f000 	C:\Windows\System32\KERNEL32.DLL
0x00007ffb17170000 - 0x00007ffb17466000 	C:\Windows\System32\KERNELBASE.dll
0x00007ffb17470000 - 0x00007ffb17570000 	C:\Windows\System32\ucrtbase.dll
0x00007ffae6810000 - 0x00007ffae6827000 	C:\Program Files\Eclipse Adoptium\jdk-11.0.17.8-hotspot\bin\jli.dll
0x00007ffb18cd0000 - 0x00007ffb18e6d000 	C:\Windows\System32\USER32.dll
0x00007ffb16f40000 - 0x00007ffb16f62000 	C:\Windows\System32\win32u.dll
0x00007ffb19000000 - 0x00007ffb1902c000 	C:\Windows\System32\GDI32.dll
0x00007ffb16c40000 - 0x00007ffb16d55000 	C:\Windows\System32\gdi32full.dll
0x00007ffb170d0000 - 0x00007ffb1716d000 	C:\Windows\System32\msvcp_win.dll
0x00007ffafa000000 - 0x00007ffafa29a000 	C:\Windows\WinSxS\amd64_microsoft.windows.common-controls_6595b64144ccf1df_6.0.19041.1110_none_60b5254171f9507e\COMCTL32.dll
0x00007ffb191b0000 - 0x00007ffb1924e000 	C:\Windows\System32\msvcrt.dll
0x00007ffb047d0000 - 0x00007ffb047e5000 	C:\Program Files\Eclipse Adoptium\jdk-11.0.17.8-hotspot\bin\VCRUNTIME140.dll
0x00007ffb190d0000 - 0x00007ffb19100000 	C:\Windows\System32\IMM32.DLL
0x00007ffade170000 - 0x00007ffade20b000 	C:\Program Files\Eclipse Adoptium\jdk-11.0.17.8-hotspot\bin\msvcp140.dll
0x00007ffabe3f0000 - 0x00007ffabef72000 	C:\Program Files\Eclipse Adoptium\jdk-11.0.17.8-hotspot\bin\server\jvm.dll
0x00007ffb17b70000 - 0x00007ffb17c1f000 	C:\Windows\System32\ADVAPI32.dll
0x00007ffb19030000 - 0x00007ffb190cc000 	C:\Windows\System32\sechost.dll
0x00007ffb193a0000 - 0x00007ffb194c6000 	C:\Windows\System32\RPCRT4.dll
0x00007ffb18cc0000 - 0x00007ffb18cc8000 	C:\Windows\System32\PSAPI.DLL
0x00007ffaf9ec0000 - 0x00007ffaf9ec9000 	C:\Windows\SYSTEM32\WSOCK32.dll
0x00007ffb19250000 - 0x00007ffb192bb000 	C:\Windows\System32\WS2_32.dll
0x00007ffaf9df0000 - 0x00007ffaf9e17000 	C:\Windows\SYSTEM32\WINMM.dll
0x00007ffb05260000 - 0x00007ffb0526a000 	C:\Windows\SYSTEM32\VERSION.dll
0x00007ffb15430000 - 0x00007ffb15442000 	C:\Windows\SYSTEM32\kernel.appcore.dll
0x00007ffb0d6e0000 - 0x00007ffb0d6f0000 	C:\Program Files\Eclipse Adoptium\jdk-11.0.17.8-hotspot\bin\verify.dll
0x00007ffb11950000 - 0x00007ffb11b34000 	C:\Windows\SYSTEM32\DBGHELP.DLL
0x00007ffaf9db0000 - 0x00007ffaf9de4000 	C:\Windows\SYSTEM32\dbgcore.DLL
0x00007ffb16eb0000 - 0x00007ffb16f32000 	C:\Windows\System32\bcryptPrimitives.dll
0x00007ffae1990000 - 0x00007ffae19b8000 	C:\Program Files\Eclipse Adoptium\jdk-11.0.17.8-hotspot\bin\java.dll
0x00007ffb0ad60000 - 0x00007ffb0ad6a000 	C:\Program Files\Eclipse Adoptium\jdk-11.0.17.8-hotspot\bin\jimage.dll
0x00007ffadeeb0000 - 0x00007ffadeec8000 	C:\Program Files\Eclipse Adoptium\jdk-11.0.17.8-hotspot\bin\zip.dll
0x00007ffb17c80000 - 0x00007ffb183c4000 	C:\Windows\System32\SHELL32.dll
0x00007ffb11b40000 - 0x00007ffb122d4000 	C:\Windows\SYSTEM32\windows.storage.dll
0x00007ffb186f0000 - 0x00007ffb18a44000 	C:\Windows\System32\combase.dll
0x00007ffb165e0000 - 0x00007ffb1660e000 	C:\Windows\SYSTEM32\Wldp.dll
0x00007ffb19100000 - 0x00007ffb191ad000 	C:\Windows\System32\SHCORE.dll
0x00007ffb179e0000 - 0x00007ffb17a35000 	C:\Windows\System32\shlwapi.dll
0x00007ffb16b20000 - 0x00007ffb16b45000 	C:\Windows\SYSTEM32\profapi.dll
0x00007ffade150000 - 0x00007ffade169000 	C:\Program Files\Eclipse Adoptium\jdk-11.0.17.8-hotspot\bin\net.dll
0x00007ffb01e30000 - 0x00007ffb01f3a000 	C:\Windows\SYSTEM32\WINHTTP.dll
0x00007ffb16320000 - 0x00007ffb1638a000 	C:\Windows\system32\mswsock.dll
0x00007ffad9a50000 - 0x00007ffad9a63000 	C:\Program Files\Eclipse Adoptium\jdk-11.0.17.8-hotspot\bin\nio.dll
0x00007ffad47e0000 - 0x00007ffad4807000 	C:\Users\Ayesha\.gradle\native\68d5fa5c4cc2d200863cafc0d521ce42e7d3e7ee720ec0a83991735586a16f82\windows-amd64\native-platform.dll
0x00007ffac5d40000 - 0x00007ffac5e84000 	C:\Users\Ayesha\.gradle\native\e376f236ea51e6404a007f0833ffe2c6e607c4080706a723a18a27aeea778392\windows-amd64\native-platform-file-events.dll
0x00007ffb09c10000 - 0x00007ffb09c19000 	C:\Program Files\Eclipse Adoptium\jdk-11.0.17.8-hotspot\bin\management.dll
0x00007ffaedcd0000 - 0x00007ffaedcdb000 	C:\Program Files\Eclipse Adoptium\jdk-11.0.17.8-hotspot\bin\management_ext.dll
0x00007ffb16510000 - 0x00007ffb16528000 	C:\Windows\SYSTEM32\CRYPTSP.dll
0x00007ffb15be0000 - 0x00007ffb15c14000 	C:\Windows\system32\rsaenh.dll
0x00007ffb16e80000 - 0x00007ffb16ea7000 	C:\Windows\System32\bcrypt.dll
0x00007ffb16aa0000 - 0x00007ffb16ace000 	C:\Windows\SYSTEM32\USERENV.dll
0x00007ffb16530000 - 0x00007ffb1653c000 	C:\Windows\SYSTEM32\CRYPTBASE.dll
0x00007ffb15fb0000 - 0x00007ffb15fec000 	C:\Windows\SYSTEM32\IPHLPAPI.DLL
0x00007ffb186e0000 - 0x00007ffb186e8000 	C:\Windows\System32\NSI.dll
0x00007ffb04110000 - 0x00007ffb04127000 	C:\Windows\SYSTEM32\dhcpcsvc6.DLL
0x00007ffb049b0000 - 0x00007ffb049cd000 	C:\Windows\SYSTEM32\dhcpcsvc.DLL
0x00007ffb16050000 - 0x00007ffb1611a000 	C:\Windows\SYSTEM32\DNSAPI.dll

dbghelp: loaded successfully - version: 4.0.5 - missing functions: none
symbol engine: initialized successfully - sym options: 0x614 - pdb path: .;C:\Program Files\Eclipse Adoptium\jdk-11.0.17.8-hotspot\bin;C:\Windows\SYSTEM32;C:\Windows\WinSxS\amd64_microsoft.windows.common-controls_6595b64144ccf1df_6.0.19041.1110_none_60b5254171f9507e;C:\Program Files\Eclipse Adoptium\jdk-11.0.17.8-hotspot\bin\server;C:\Users\Ayesha\.gradle\native\68d5fa5c4cc2d200863cafc0d521ce42e7d3e7ee720ec0a83991735586a16f82\windows-amd64;C:\Users\Ayesha\.gradle\native\e376f236ea51e6404a007f0833ffe2c6e607c4080706a723a18a27aeea778392\windows-amd64

VM Arguments:
jvm_args: -XX:MaxMetaspaceSize=512m --add-opens=java.base/java.util=ALL-UNNAMED --add-opens=java.base/java.lang=ALL-UNNAMED --add-opens=java.base/java.lang.invoke=ALL-UNNAMED --add-opens=java.prefs/java.util.prefs=ALL-UNNAMED --add-opens=java.base/java.nio.charset=ALL-UNNAMED --add-opens=java.base/java.net=ALL-UNNAMED --add-opens=java.base/java.util.concurrent.atomic=ALL-UNNAMED -Xmx2048m -Dfile.encoding=windows-1252 -Duser.country=US -Duser.language=en -Duser.variant 
java_command: org.gradle.launcher.daemon.bootstrap.GradleDaemon 8.0.1
java_class_path (initial): C:\Users\Ayesha\.gradle\wrapper\dists\gradle-8.0.1-all\aro4hu1c3oeioove7l0i4i14o\gradle-8.0.1\lib\gradle-launcher-8.0.1.jar
Launcher Type: SUN_STANDARD

[Global flags]
     intx CICompilerCount                          = 3                                         {product} {ergonomic}
   size_t CompressedClassSpaceSize                 = 528482304                                 {product} {ergonomic}
     uint ConcGCThreads                            = 1                                         {product} {ergonomic}
     uint G1ConcRefinementThreads                  = 4                                         {product} {ergonomic}
   size_t G1HeapRegionSize                         = 1048576                                   {product} {ergonomic}
    uintx GCDrainStackTargetSize                   = 64                                        {product} {ergonomic}
   size_t InitialHeapSize                          = 67108864                                  {product} {ergonomic}
   size_t MarkStackSize                            = 4194304                                   {product} {ergonomic}
   size_t MaxHeapSize                              = 2147483648                                {product} {command line}
   size_t MaxMetaspaceSize                         = 536870912                                 {product} {command line}
   size_t MaxNewSize                               = 1287651328                                {product} {ergonomic}
   size_t MinHeapDeltaBytes                        = 1048576                                   {product} {ergonomic}
    uintx NonNMethodCodeHeapSize                   = 5830732                                {pd product} {ergonomic}
    uintx NonProfiledCodeHeapSize                  = 122913754                              {pd product} {ergonomic}
    uintx ProfiledCodeHeapSize                     = 122913754                              {pd product} {ergonomic}
    uintx ReservedCodeCacheSize                    = 251658240                              {pd product} {ergonomic}
     bool SegmentedCodeCache                       = true                                      {product} {ergonomic}
     bool UseCompressedClassPointers               = true                                 {lp64_product} {ergonomic}
     bool UseCompressedOops                        = true                                 {lp64_product} {ergonomic}
     bool UseG1GC                                  = true                                      {product} {ergonomic}
     bool UseLargePagesIndividualAllocation        = false                                  {pd product} {ergonomic}

Logging:
Log output configuration:
 #0: stdout all=warning uptime,level,tags
 #1: stderr all=off uptime,level,tags

Environment Variables:
CLASSPATH=E:\Workspace\NewFolder\OurFypProject\android\\gradle\wrapper\gradle-wrapper.jar
PATH=E:\Workspace\NewFolder\OurFypProject\node_modules\.bin;E:\Workspace\NewFolder\OurFypProject\node_modules\.bin;E:\Workspace\NewFolder\node_modules\.bin;E:\Workspace\node_modules\.bin;E:\node_modules\.bin;C:\Users\Ayesha\AppData\Roaming\npm\node_modules\npm\node_modules\@npmcli\run-script\lib\node-gyp-bin;E:\Workspace\NewFolder\OurFypProject\node_modules\.bin;E:\Workspace\NewFolder\OurFypProject\node_modules\.bin;E:\Workspace\NewFolder\node_modules\.bin;E:\Workspace\node_modules\.bin;E:\node_modules\.bin;C:\Users\Ayesha\AppData\Roaming\npm\node_modules\npm\node_modules\@npmcli\run-script\lib\node-gyp-bin;C:\Program Files\Eclipse Adoptium\jdk-11.0.17.8-hotspot\bin;C:\Windows\system32;C:\Windows;C:\Windows\System32\Wbem;C:\Windows\System32\WindowsPowerShell\v1.0\;C:\Windows\System32\OpenSSH\;C:\ProgramData\chocolatey\bin;C:\Program Files\nodejs\;C:\Program Files\Git\cmd;C:\Users\Ayesha\AppData\Local\Microsoft\WindowsApps;C:\Users\Ayesha\AppData\Local\Programs\Microsoft VS Code\bin;C:\Users\Ayesha\AppData\Roaming\npm;C:\Users\Ayesha\AppData\Local\Android\Sdk\platform-tools;C:\Users\Ayesha\AppData\Local\GitHubDesktop\bin
USERNAME=Ayesha
LANG=en_US.UTF-8
OS=Windows_NT
PROCESSOR_IDENTIFIER=Intel64 Family 6 Model 78 Stepping 3, GenuineIntel
TMP=C:\Users\Ayesha\AppData\Local\Temp
TEMP=C:\Users\Ayesha\AppData\Local\Temp



---------------  S Y S T E M  ---------------

OS: Windows 10 , 64 bit Build 19041 (10.0.19041.3155)
OS uptime: 0 days 3:21 hours

CPU:total 4 (initial active 4) (2 cores per cpu, 2 threads per core) family 6 model 78 stepping 3 microcode 0xf0, cmov, cx8, fxsr, mmx, sse, sse2, sse3, ssse3, sse4.1, sse4.2, popcnt, avx, avx2, aes, clmul, erms, 3dnowpref, lzcnt, ht, tsc, tscinvbit, bmi1, bmi2, adx, fma

Memory: 4k page, system-wide physical 3976M (120M free)
TotalPageFile size 16264M (AvailPageFile size 0M)
current process WorkingSet (physical memory assigned to process): 192M, peak: 282M
current process commit charge ("private bytes"): 583M, peak: 598M

vm_info: OpenJDK 64-Bit Server VM (11.0.17+8) for windows-amd64 JRE (11.0.17+8), built on Oct 19 2022 00:04:05 by "" with MS VC++ 15.9 (VS2017)

END.
