#
# There is insufficient memory for the Java Runtime Environment to continue.
# Native memory allocation (malloc) failed to allocate 1718256 bytes for Chunk::new
# Possible reasons:
#   The system is out of physical RAM or swap space
#   The process is running with CompressedOops enabled, and the Java Heap may be blocking the growth of the native heap
# Possible solutions:
#   Reduce memory load on the system
#   Increase physical memory or swap space
#   Check if swap backing store is full
#   Decrease Java heap size (-Xmx/-Xms)
#   Decrease number of Java threads
#   Decrease Java thread stack sizes (-Xss)
#   Set larger code cache with -XX:ReservedCodeCacheSize=
#   JVM is running with Unscaled Compressed Oops mode in which the Java heap is
#     placed in the first 4GB address space. The Java Heap base address is the
#     maximum limit for the native heap growth. Please use -XX:HeapBaseMinAddress
#     to set the Java Heap base and to place the Java Heap above 4GB virtual address.
# This output file may be truncated or incomplete.
#
#  Out of Memory Error (./src/hotspot/share/memory/arena.cpp:197), pid=14868, tid=920
#
# JRE version: OpenJDK Runtime Environment Temurin-11.0.17+8 (11.0.17+8) (build 11.0.17+8)
# Java VM: OpenJDK 64-Bit Server VM Temurin-11.0.17+8 (11.0.17+8, mixed mode, tiered, compressed oops, g1 gc, windows-amd64)
# No core dump will be written. Minidumps are not enabled by default on client versions of Windows
#

---------------  S U M M A R Y ------------

Command Line: -XX:MaxMetaspaceSize=512m --add-opens=java.base/java.util=ALL-UNNAMED --add-opens=java.base/java.lang=ALL-UNNAMED --add-opens=java.base/java.lang.invoke=ALL-UNNAMED --add-opens=java.prefs/java.util.prefs=ALL-UNNAMED --add-opens=java.base/java.nio.charset=ALL-UNNAMED --add-opens=java.base/java.net=ALL-UNNAMED --add-opens=java.base/java.util.concurrent.atomic=ALL-UNNAMED -Xmx2048m -Dfile.encoding=windows-1252 -Duser.country=US -Duser.language=en -Duser.variant org.gradle.launcher.daemon.bootstrap.GradleDaemon 8.0.1

Host: Intel(R) Core(TM) i5-6200U CPU @ 2.30GHz, 4 cores, 3G,  Windows 10 , 64 bit Build 19041 (10.0.19041.3155)
Time: Sat Jul 22 15:50:29 2023 Pacific Daylight Time elapsed time: 737.341612 seconds (0d 0h 12m 17s)

---------------  T H R E A D  ---------------

Current thread (0x000001785e3a1000):  JavaThread "C2 CompilerThread0" daemon [_thread_in_native, id=920, stack(0x00000044b3600000,0x00000044b3700000)]


Current CompileTask:
C2: 737341 16601 % !   4       com.sun.beans.introspect.MethodInfo::get @ 34 (143 bytes)

Stack: [0x00000044b3600000,0x00000044b3700000]
Native frames: (J=compiled Java code, j=interpreted, Vv=VM code, C=native code)
V  [jvm.dll+0x61f5ba]
V  [jvm.dll+0x7abf79]
V  [jvm.dll+0x7ad668]
V  [jvm.dll+0x7add43]
V  [jvm.dll+0x24fd88]
V  [jvm.dll+0xc262c]
V  [jvm.dll+0xc2bec]
V  [jvm.dll+0x359f42]
V  [jvm.dll+0x326123]
V  [jvm.dll+0x32545a]
V  [jvm.dll+0x209053]
V  [jvm.dll+0x20815d]
V  [jvm.dll+0x18a3b1]
V  [jvm.dll+0x217a34]
V  [jvm.dll+0x215c7b]
V  [jvm.dll+0x76ea70]
V  [jvm.dll+0x7679a4]
V  [jvm.dll+0x61e425]
C  [ucrtbase.dll+0x21bb2]
C  [KERNEL32.DLL+0x17614]
C  [ntdll.dll+0x526b1]


---------------  P R O C E S S  ---------------

Threads class SMR info:
_java_thread_list=0x0000017867e41e70, length=86, elements={
0x000001783f331800, 0x000001785e34c000, 0x000001785e34d000, 0x000001785e39c000,
0x000001785e39d000, 0x000001785e39e000, 0x000001785e3a1000, 0x000001785e3de000,
0x000001785e515800, 0x000001785e608000, 0x000001785ff72800, 0x000001785fb8d800,
0x00000178602bb000, 0x00000178600ae000, 0x000001785ec97000, 0x000001785fe56800,
0x000001785ff65000, 0x000001785f1dc000, 0x000001785fa53800, 0x000001785f652000,
0x000001785f655000, 0x000001785f656000, 0x000001785f657000, 0x000001785f654800,
0x000001785f658800, 0x000001785f657800, 0x000001785f653000, 0x000001786095e000,
0x000001786095d000, 0x0000017860962000, 0x0000017860963800, 0x000001786095f000,
0x0000017860965800, 0x000001786095f800, 0x0000017860966000, 0x0000017860967000,
0x0000017860963000, 0x0000017860961800, 0x000001786096c000, 0x0000017860968800,
0x0000017860969800, 0x000001786096b000, 0x000001786096a000, 0x0000017860968000,
0x000001785f653800, 0x000001785f70c800, 0x000001785f70d000, 0x000001785f70b800,
0x000001785f70f800, 0x000001785f70a000, 0x000001785f70e000, 0x000001785f710800,
0x000001785f70a800, 0x000001785f712000, 0x000001785f711800, 0x000001785f714800,
0x000001785f713000, 0x000001785f70f000, 0x000001785f718000, 0x000001785f718800,
0x000001785f713800, 0x000001785f715800, 0x000001785f716000, 0x000001785f717000,
0x0000017862d15000, 0x0000017862d14800, 0x0000017862d16000, 0x0000017862d17800,
0x0000017862d12800, 0x0000017862d12000, 0x0000017862d1c800, 0x0000017862d18800,
0x0000017862d19800, 0x0000017862d1a000, 0x0000017862d1b800, 0x0000017862d17000,
0x0000017862d20800, 0x0000017862d1f000, 0x0000017862d1d800, 0x0000017862d1e000,
0x0000017862d20000, 0x0000017862d1b000, 0x0000017864c44800, 0x0000017864c43800,
0x0000017864c3f800, 0x0000017864c45000
}

Java Threads: ( => current thread )
  0x000001783f331800 JavaThread "main" [_thread_blocked, id=3656, stack(0x00000044b2a00000,0x00000044b2b00000)]
  0x000001785e34c000 JavaThread "Reference Handler" daemon [_thread_blocked, id=11004, stack(0x00000044b3100000,0x00000044b3200000)]
  0x000001785e34d000 JavaThread "Finalizer" daemon [_thread_blocked, id=17648, stack(0x00000044b3200000,0x00000044b3300000)]
  0x000001785e39c000 JavaThread "Signal Dispatcher" daemon [_thread_blocked, id=14472, stack(0x00000044b3300000,0x00000044b3400000)]
  0x000001785e39d000 JavaThread "Attach Listener" daemon [_thread_blocked, id=14600, stack(0x00000044b3400000,0x00000044b3500000)]
  0x000001785e39e000 JavaThread "Service Thread" daemon [_thread_blocked, id=4660, stack(0x00000044b3500000,0x00000044b3600000)]
=>0x000001785e3a1000 JavaThread "C2 CompilerThread0" daemon [_thread_in_native, id=920, stack(0x00000044b3600000,0x00000044b3700000)]
  0x000001785e3de000 JavaThread "C1 CompilerThread0" daemon [_thread_blocked, id=6732, stack(0x00000044b3700000,0x00000044b3800000)]
  0x000001785e515800 JavaThread "Sweeper thread" daemon [_thread_blocked, id=17300, stack(0x00000044b3800000,0x00000044b3900000)]
  0x000001785e608000 JavaThread "Common-Cleaner" daemon [_thread_blocked, id=4824, stack(0x00000044b3900000,0x00000044b3a00000)]
  0x000001785ff72800 JavaThread "Daemon health stats" [_thread_blocked, id=15308, stack(0x00000044b3c00000,0x00000044b3d00000)]
  0x000001785fb8d800 JavaThread "Incoming local TCP Connector on port 53983" [_thread_in_native, id=17896, stack(0x00000044b3d00000,0x00000044b3e00000)]
  0x00000178602bb000 JavaThread "Daemon periodic checks" [_thread_blocked, id=9860, stack(0x00000044b3e00000,0x00000044b3f00000)]
  0x00000178600ae000 JavaThread "Daemon" [_thread_blocked, id=7268, stack(0x00000044b3f00000,0x00000044b4000000)]
  0x000001785ec97000 JavaThread "Handler for socket connection from /127.0.0.1:53983 to /127.0.0.1:53984" [_thread_in_native, id=13448, stack(0x00000044b4000000,0x00000044b4100000)]
  0x000001785fe56800 JavaThread "Cancel handler" [_thread_blocked, id=17868, stack(0x00000044b4100000,0x00000044b4200000)]
  0x000001785ff65000 JavaThread "Daemon worker" [_thread_blocked, id=15980, stack(0x00000044b4200000,0x00000044b4300000)]
  0x000001785f1dc000 JavaThread "Asynchronous log dispatcher for DefaultDaemonConnection: socket connection from /127.0.0.1:53983 to /127.0.0.1:53984" [_thread_blocked, id=8884, stack(0x00000044b4300000,0x00000044b4400000)]
  0x000001785fa53800 JavaThread "Daemon client event forwarder" [_thread_blocked, id=4048, stack(0x00000044b4500000,0x00000044b4600000)]
  0x000001785f652000 JavaThread "Cache worker for journal cache (C:\Users\Ayesha\.gradle\caches\journal-1)" [_thread_blocked, id=6624, stack(0x00000044b4800000,0x00000044b4900000)]
  0x000001785f655000 JavaThread "File lock request listener" [_thread_in_native, id=2268, stack(0x00000044b4900000,0x00000044b4a00000)]
  0x000001785f656000 JavaThread "Cache worker for file hash cache (C:\Users\Ayesha\.gradle\caches\8.0.1\fileHashes)" [_thread_blocked, id=14112, stack(0x00000044b4a00000,0x00000044b4b00000)]
  0x000001785f657000 JavaThread "File watcher server" daemon [_thread_in_native, id=7572, stack(0x00000044b4c00000,0x00000044b4d00000)]
  0x000001785f654800 JavaThread "File watcher consumer" daemon [_thread_blocked, id=14592, stack(0x00000044b4d00000,0x00000044b4e00000)]
  0x000001785f658800 JavaThread "Cache worker for checksums cache (E:\Workspace\NewFolder\OurFypProject\android\.gradle\8.0.1\checksums)" [_thread_blocked, id=15684, stack(0x00000044b4f00000,0x00000044b5000000)]
  0x000001785f657800 JavaThread "Cache worker for cache directory md-rule (C:\Users\Ayesha\.gradle\caches\8.0.1\md-rule)" [_thread_blocked, id=15884, stack(0x00000044b5100000,0x00000044b5200000)]
  0x000001785f653000 JavaThread "Cache worker for file content cache (C:\Users\Ayesha\.gradle\caches\8.0.1\fileContent)" [_thread_blocked, id=2792, stack(0x00000044b5200000,0x00000044b5300000)]
  0x000001786095e000 JavaThread "Cache worker for file hash cache (E:\Workspace\NewFolder\OurFypProject\android\.gradle\8.0.1\fileHashes)" [_thread_blocked, id=5600, stack(0x00000044b5300000,0x00000044b5400000)]
  0x000001786095d000 JavaThread "Cache worker for cache directory md-supplier (C:\Users\Ayesha\.gradle\caches\8.0.1\md-supplier)" [_thread_blocked, id=13588, stack(0x00000044b5400000,0x00000044b5500000)]
  0x0000017860962000 JavaThread "Cache worker for execution history cache (C:\Users\Ayesha\.gradle\caches\8.0.1\executionHistory)" [_thread_blocked, id=11588, stack(0x00000044b5500000,0x00000044b5600000)]
  0x0000017860963800 JavaThread "jar transforms" [_thread_blocked, id=17656, stack(0x00000044b2800000,0x00000044b2900000)]
  0x000001786095f000 JavaThread "jar transforms Thread 2" [_thread_blocked, id=17128, stack(0x00000044b2900000,0x00000044b2a00000)]
  0x0000017860965800 JavaThread "jar transforms Thread 3" [_thread_blocked, id=13804, stack(0x00000044b5600000,0x00000044b5700000)]
  0x000001786095f800 JavaThread "jar transforms Thread 4" [_thread_blocked, id=12300, stack(0x00000044b5700000,0x00000044b5800000)]
  0x0000017860966000 JavaThread "Cache worker for kotlin-dsl (C:\Users\Ayesha\.gradle\caches\8.0.1\kotlin-dsl)" [_thread_blocked, id=10792, stack(0x00000044b4400000,0x00000044b4500000)]
  0x0000017860967000 JavaThread "Cache worker for dependencies-accessors (E:\Workspace\NewFolder\OurFypProject\android\.gradle\8.0.1\dependencies-accessors)" [_thread_blocked, id=10464, stack(0x00000044b4e00000,0x00000044b4f00000)]
  0x0000017860963000 JavaThread "Cache worker for Build Output Cleanup Cache (E:\Workspace\NewFolder\OurFypProject\node_modules\@react-native\gradle-plugin\.gradle\buildOutputCleanup)" [_thread_blocked, id=14852, stack(0x00000044b5800000,0x00000044b5900000)]
  0x0000017860961800 JavaThread "Unconstrained build operations" [_thread_blocked, id=1288, stack(0x00000044b5900000,0x00000044b5a00000)]
  0x000001786096c000 JavaThread "Unconstrained build operations Thread 2" [_thread_blocked, id=12088, stack(0x00000044b5a00000,0x00000044b5b00000)]
  0x0000017860968800 JavaThread "Unconstrained build operations Thread 3" [_thread_blocked, id=16240, stack(0x00000044b5b00000,0x00000044b5c00000)]
  0x0000017860969800 JavaThread "Unconstrained build operations Thread 4" [_thread_blocked, id=14816, stack(0x00000044b5c00000,0x00000044b5d00000)]
  0x000001786096b000 JavaThread "Unconstrained build operations Thread 5" [_thread_blocked, id=3260, stack(0x00000044b5d00000,0x00000044b5e00000)]
  0x000001786096a000 JavaThread "Unconstrained build operations Thread 6" [_thread_blocked, id=7764, stack(0x00000044b5e00000,0x00000044b5f00000)]
  0x0000017860968000 JavaThread "Unconstrained build operations Thread 7" [_thread_blocked, id=17160, stack(0x00000044b5f00000,0x00000044b6000000)]
  0x000001785f653800 JavaThread "Unconstrained build operations Thread 8" [_thread_blocked, id=16128, stack(0x00000044b6000000,0x00000044b6100000)]
  0x000001785f70c800 JavaThread "Unconstrained build operations Thread 9" [_thread_blocked, id=16988, stack(0x00000044b6100000,0x00000044b6200000)]
  0x000001785f70d000 JavaThread "Unconstrained build operations Thread 10" [_thread_blocked, id=12524, stack(0x00000044b6200000,0x00000044b6300000)]
  0x000001785f70b800 JavaThread "Unconstrained build operations Thread 11" [_thread_blocked, id=11304, stack(0x00000044b6300000,0x00000044b6400000)]
  0x000001785f70f800 JavaThread "Unconstrained build operations Thread 12" [_thread_blocked, id=1364, stack(0x00000044b6400000,0x00000044b6500000)]
  0x000001785f70a000 JavaThread "Unconstrained build operations Thread 13" [_thread_blocked, id=14712, stack(0x00000044b6500000,0x00000044b6600000)]
  0x000001785f70e000 JavaThread "Unconstrained build operations Thread 14" [_thread_blocked, id=16532, stack(0x00000044b6600000,0x00000044b6700000)]
  0x000001785f710800 JavaThread "Unconstrained build operations Thread 15" [_thread_blocked, id=596, stack(0x00000044b6700000,0x00000044b6800000)]
  0x000001785f70a800 JavaThread "Unconstrained build operations Thread 16" [_thread_blocked, id=16592, stack(0x00000044b6800000,0x00000044b6900000)]
  0x000001785f712000 JavaThread "Unconstrained build operations Thread 17" [_thread_blocked, id=7732, stack(0x00000044b6900000,0x00000044b6a00000)]
  0x000001785f711800 JavaThread "Unconstrained build operations Thread 18" [_thread_blocked, id=15604, stack(0x00000044b6a00000,0x00000044b6b00000)]
  0x000001785f714800 JavaThread "Unconstrained build operations Thread 19" [_thread_blocked, id=11648, stack(0x00000044b6b00000,0x00000044b6c00000)]
  0x000001785f713000 JavaThread "Unconstrained build operations Thread 20" [_thread_blocked, id=17808, stack(0x00000044b6c00000,0x00000044b6d00000)]
  0x000001785f70f000 JavaThread "Unconstrained build operations Thread 21" [_thread_blocked, id=16784, stack(0x00000044b6d00000,0x00000044b6e00000)]
  0x000001785f718000 JavaThread "Unconstrained build operations Thread 22" [_thread_blocked, id=16124, stack(0x00000044b6e00000,0x00000044b6f00000)]
  0x000001785f718800 JavaThread "Unconstrained build operations Thread 23" [_thread_blocked, id=13788, stack(0x00000044b6f00000,0x00000044b7000000)]
  0x000001785f713800 JavaThread "Unconstrained build operations Thread 24" [_thread_blocked, id=15616, stack(0x00000044b7000000,0x00000044b7100000)]
  0x000001785f715800 JavaThread "Unconstrained build operations Thread 25" [_thread_blocked, id=17340, stack(0x00000044b7100000,0x00000044b7200000)]
  0x000001785f716000 JavaThread "Unconstrained build operations Thread 26" [_thread_blocked, id=16448, stack(0x00000044b7200000,0x00000044b7300000)]
  0x000001785f717000 JavaThread "Memory manager" [_thread_blocked, id=3520, stack(0x00000044b7300000,0x00000044b7400000)]
  0x0000017862d15000 JavaThread "Cache worker for Build Output Cleanup Cache (E:\Workspace\NewFolder\OurFypProject\android\.gradle\buildOutputCleanup)" [_thread_blocked, id=2272, stack(0x00000044b7400000,0x00000044b7500000)]
  0x0000017862d14800 JavaThread "Execution worker" [_thread_in_Java, id=16844, stack(0x00000044b7500000,0x00000044b7600000)]
  0x0000017862d16000 JavaThread "Execution worker Thread 2" [_thread_blocked, id=17176, stack(0x00000044b7600000,0x00000044b7700000)]
  0x0000017862d17800 JavaThread "Execution worker Thread 3" [_thread_blocked, id=17212, stack(0x00000044b7700000,0x00000044b7800000)]
  0x0000017862d12800 JavaThread "Cache worker for execution history cache (E:\Workspace\NewFolder\OurFypProject\node_modules\@react-native\gradle-plugin\.gradle\8.0.1\executionHistory)" [_thread_blocked, id=7836, stack(0x00000044b7800000,0x00000044b7900000)]
  0x0000017862d12000 JavaThread "Unconstrained build operations Thread 27" [_thread_blocked, id=8100, stack(0x00000044b7900000,0x00000044b7a00000)]
  0x0000017862d1c800 JavaThread "Unconstrained build operations Thread 28" [_thread_blocked, id=15828, stack(0x00000044b7a00000,0x00000044b7b00000)]
  0x0000017862d18800 JavaThread "Unconstrained build operations Thread 29" [_thread_blocked, id=14644, stack(0x00000044b7b00000,0x00000044b7c00000)]
  0x0000017862d19800 JavaThread "Unconstrained build operations Thread 30" [_thread_blocked, id=8016, stack(0x00000044b7c00000,0x00000044b7d00000)]
  0x0000017862d1a000 JavaThread "Unconstrained build operations Thread 31" [_thread_blocked, id=4496, stack(0x00000044b7d00000,0x00000044b7e00000)]
  0x0000017862d1b800 JavaThread "Unconstrained build operations Thread 32" [_thread_blocked, id=8748, stack(0x00000044b7e00000,0x00000044b7f00000)]
  0x0000017862d17000 JavaThread "Unconstrained build operations Thread 33" [_thread_blocked, id=15344, stack(0x00000044b7f00000,0x00000044b8000000)]
  0x0000017862d20800 JavaThread "Unconstrained build operations Thread 34" [_thread_blocked, id=6288, stack(0x00000044b8000000,0x00000044b8100000)]
  0x0000017862d1f000 JavaThread "Unconstrained build operations Thread 35" [_thread_blocked, id=11460, stack(0x00000044b8100000,0x00000044b8200000)]
  0x0000017862d1d800 JavaThread "Unconstrained build operations Thread 36" [_thread_blocked, id=16576, stack(0x00000044b8200000,0x00000044b8300000)]
  0x0000017862d1e000 JavaThread "Unconstrained build operations Thread 37" [_thread_blocked, id=14528, stack(0x00000044b8300000,0x00000044b8400000)]
  0x0000017862d20000 JavaThread "Unconstrained build operations Thread 38" [_thread_blocked, id=5928, stack(0x00000044b8400000,0x00000044b8500000)]
  0x0000017862d1b000 JavaThread "Unconstrained build operations Thread 39" [_thread_blocked, id=12704, stack(0x00000044b8500000,0x00000044b8600000)]
  0x0000017864c44800 JavaThread "Unconstrained build operations Thread 40" [_thread_blocked, id=7208, stack(0x00000044b8600000,0x00000044b8700000)]
  0x0000017864c43800 JavaThread "File lock release action executor Thread 5" [_thread_blocked, id=11244, stack(0x00000044b4b00000,0x00000044b4c00000)]
  0x0000017864c3f800 JavaThread "included builds Thread 2" [_thread_blocked, id=1872, stack(0x00000044b5000000,0x00000044b5100000)]
  0x0000017864c45000 JavaThread "Cache worker for execution history cache (E:\Workspace\NewFolder\OurFypProject\android\.gradle\8.0.1\executionHistory)" [_thread_blocked, id=16884, stack(0x00000044b8700000,0x00000044b8800000)]

Other Threads:
  0x000001785e338800 VMThread "VM Thread" [stack: 0x00000044b3000000,0x00000044b3100000] [id=16280]
  0x000001785e672000 WatcherThread [stack: 0x00000044b3a00000,0x00000044b3b00000] [id=15872]
  0x000001783f349000 GCTaskThread "GC Thread#0" [stack: 0x00000044b2b00000,0x00000044b2c00000] [id=7844]
  0x000001785eb05000 GCTaskThread "GC Thread#1" [stack: 0x00000044b3b00000,0x00000044b3c00000] [id=8128]
  0x000001785f816800 GCTaskThread "GC Thread#2" [stack: 0x00000044b4600000,0x00000044b4700000] [id=14792]
  0x000001785f817000 GCTaskThread "GC Thread#3" [stack: 0x00000044b4700000,0x00000044b4800000] [id=16192]
  0x000001783f37a000 ConcurrentGCThread "G1 Main Marker" [stack: 0x00000044b2c00000,0x00000044b2d00000] [id=8024]
  0x000001783f37b800 ConcurrentGCThread "G1 Conc#0" [stack: 0x00000044b2d00000,0x00000044b2e00000] [id=16360]
  0x000001783f3d4800 ConcurrentGCThread "G1 Refine#0" [stack: 0x00000044b2e00000,0x00000044b2f00000] [id=14492]
  0x000001783f3d5800 ConcurrentGCThread "G1 Young RemSet Sampling" [stack: 0x00000044b2f00000,0x00000044b3000000] [id=16252]

Threads with active compile tasks:
C2 CompilerThread0   737438 16601 % !   4       com.sun.beans.introspect.MethodInfo::get @ 34 (143 bytes)

VM state:not at safepoint (normal execution)

VM Mutex/Monitor currently owned by a thread: None

Heap address: 0x0000000080000000, size: 2048 MB, Compressed Oops mode: 32-bit
Narrow klass base: 0x0000000000000000, Narrow klass shift: 3
Compressed class space size: 528482304 Address: 0x0000000100000000

Heap:
 garbage-first heap   total 256000K, used 229229K [0x0000000080000000, 0x0000000100000000)
  region size 1024K, 11 young (11264K), 2 survivors (2048K)
 Metaspace       used 118707K, capacity 123292K, committed 123344K, reserved 622592K
  class space    used 15449K, capacity 17245K, committed 17280K, reserved 516096K
Heap Regions: E=young(eden), S=young(survivor), O=old, HS=humongous(starts), HC=humongous(continues), CS=collection set, F=free, A=archive, TAMS=top-at-mark-start (previous, next)
|   0|0x0000000080000000, 0x0000000080100000, 0x0000000080100000|100%| O|  |TAMS 0x0000000080100000, 0x0000000080000000| Untracked 
|   1|0x0000000080100000, 0x0000000080200000, 0x0000000080200000|100%| O|  |TAMS 0x0000000080200000, 0x0000000080100000| Untracked 
|   2|0x0000000080200000, 0x0000000080300000, 0x0000000080300000|100%| O|  |TAMS 0x0000000080300000, 0x0000000080200000| Untracked 
|   3|0x0000000080300000, 0x0000000080400000, 0x0000000080400000|100%|HS|  |TAMS 0x0000000080400000, 0x0000000080300000| Complete 
|   4|0x0000000080400000, 0x0000000080500000, 0x0000000080500000|100%|HC|  |TAMS 0x0000000080500000, 0x0000000080400000| Complete 
|   5|0x0000000080500000, 0x0000000080600000, 0x0000000080600000|100%|HC|  |TAMS 0x0000000080600000, 0x0000000080500000| Complete 
|   6|0x0000000080600000, 0x0000000080700000, 0x0000000080700000|100%|HC|  |TAMS 0x0000000080700000, 0x0000000080600000| Complete 
|   7|0x0000000080700000, 0x0000000080800000, 0x0000000080800000|100%| O|  |TAMS 0x0000000080800000, 0x0000000080700000| Untracked 
|   8|0x0000000080800000, 0x0000000080900000, 0x0000000080900000|100%| O|  |TAMS 0x0000000080900000, 0x0000000080800000| Untracked 
|   9|0x0000000080900000, 0x0000000080a00000, 0x0000000080a00000|100%| O|  |TAMS 0x0000000080a00000, 0x0000000080900000| Untracked 
|  10|0x0000000080a00000, 0x0000000080b00000, 0x0000000080b00000|100%| O|  |TAMS 0x0000000080b00000, 0x0000000080a00000| Untracked 
|  11|0x0000000080b00000, 0x0000000080c00000, 0x0000000080c00000|100%| O|  |TAMS 0x0000000080c00000, 0x0000000080b00000| Untracked 
|  12|0x0000000080c00000, 0x0000000080d00000, 0x0000000080d00000|100%| O|  |TAMS 0x0000000080d00000, 0x0000000080c00000| Untracked 
|  13|0x0000000080d00000, 0x0000000080e00000, 0x0000000080e00000|100%| O|  |TAMS 0x0000000080e00000, 0x0000000080d00000| Untracked 
|  14|0x0000000080e00000, 0x0000000080f00000, 0x0000000080f00000|100%| O|  |TAMS 0x0000000080f00000, 0x0000000080e00000| Untracked 
|  15|0x0000000080f00000, 0x0000000081000000, 0x0000000081000000|100%| O|  |TAMS 0x0000000081000000, 0x0000000080f00000| Untracked 
|  16|0x0000000081000000, 0x0000000081100000, 0x0000000081100000|100%| O|  |TAMS 0x0000000081100000, 0x0000000081000000| Untracked 
|  17|0x0000000081100000, 0x0000000081200000, 0x0000000081200000|100%| O|  |TAMS 0x0000000081200000, 0x0000000081100000| Untracked 
|  18|0x0000000081200000, 0x0000000081300000, 0x0000000081300000|100%| O|  |TAMS 0x0000000081300000, 0x0000000081200000| Untracked 
|  19|0x0000000081300000, 0x0000000081400000, 0x0000000081400000|100%| O|  |TAMS 0x0000000081400000, 0x0000000081300000| Untracked 
|  20|0x0000000081400000, 0x0000000081500000, 0x0000000081500000|100%| O|  |TAMS 0x0000000081500000, 0x0000000081400000| Untracked 
|  21|0x0000000081500000, 0x0000000081600000, 0x0000000081600000|100%| O|  |TAMS 0x0000000081600000, 0x0000000081500000| Untracked 
|  22|0x0000000081600000, 0x0000000081700000, 0x0000000081700000|100%| O|  |TAMS 0x0000000081700000, 0x0000000081600000| Untracked 
|  23|0x0000000081700000, 0x0000000081800000, 0x0000000081800000|100%| O|  |TAMS 0x0000000081800000, 0x0000000081700000| Untracked 
|  24|0x0000000081800000, 0x0000000081900000, 0x0000000081900000|100%| O|  |TAMS 0x0000000081900000, 0x0000000081800000| Untracked 
|  25|0x0000000081900000, 0x0000000081a00000, 0x0000000081a00000|100%| O|  |TAMS 0x0000000081a00000, 0x0000000081900000| Untracked 
|  26|0x0000000081a00000, 0x0000000081b00000, 0x0000000081b00000|100%| O|  |TAMS 0x0000000081b00000, 0x0000000081a00000| Untracked 
|  27|0x0000000081b00000, 0x0000000081c00000, 0x0000000081c00000|100%| O|  |TAMS 0x0000000081c00000, 0x0000000081b00000| Untracked 
|  28|0x0000000081c00000, 0x0000000081d00000, 0x0000000081d00000|100%| O|  |TAMS 0x0000000081d00000, 0x0000000081c00000| Untracked 
|  29|0x0000000081d00000, 0x0000000081e00000, 0x0000000081e00000|100%| O|  |TAMS 0x0000000081e00000, 0x0000000081d00000| Untracked 
|  30|0x0000000081e00000, 0x0000000081f00000, 0x0000000081f00000|100%| O|  |TAMS 0x0000000081f00000, 0x0000000081e00000| Untracked 
|  31|0x0000000081f00000, 0x0000000082000000, 0x0000000082000000|100%| O|  |TAMS 0x0000000082000000, 0x0000000081f00000| Untracked 
|  32|0x0000000082000000, 0x0000000082100000, 0x0000000082100000|100%| O|  |TAMS 0x0000000082100000, 0x0000000082000000| Untracked 
|  33|0x0000000082100000, 0x0000000082200000, 0x0000000082200000|100%|HS|  |TAMS 0x0000000082200000, 0x0000000082100000| Complete 
|  34|0x0000000082200000, 0x0000000082300000, 0x0000000082300000|100%|HC|  |TAMS 0x0000000082300000, 0x0000000082200000| Complete 
|  35|0x0000000082300000, 0x0000000082400000, 0x0000000082400000|100%| O|  |TAMS 0x0000000082400000, 0x0000000082300000| Untracked 
|  36|0x0000000082400000, 0x0000000082500000, 0x0000000082500000|100%|HS|  |TAMS 0x0000000082500000, 0x0000000082400000| Complete 
|  37|0x0000000082500000, 0x0000000082600000, 0x0000000082600000|100%|HC|  |TAMS 0x0000000082600000, 0x0000000082500000| Complete 
|  38|0x0000000082600000, 0x0000000082700000, 0x0000000082700000|100%|HC|  |TAMS 0x0000000082700000, 0x0000000082600000| Complete 
|  39|0x0000000082700000, 0x0000000082800000, 0x0000000082800000|100%|HC|  |TAMS 0x0000000082800000, 0x0000000082700000| Complete 
|  40|0x0000000082800000, 0x0000000082900000, 0x0000000082900000|100%| O|  |TAMS 0x0000000082900000, 0x0000000082800000| Untracked 
|  41|0x0000000082900000, 0x0000000082a00000, 0x0000000082a00000|100%| O|  |TAMS 0x0000000082a00000, 0x0000000082900000| Untracked 
|  42|0x0000000082a00000, 0x0000000082b00000, 0x0000000082b00000|100%| O|  |TAMS 0x0000000082b00000, 0x0000000082a00000| Untracked 
|  43|0x0000000082b00000, 0x0000000082c00000, 0x0000000082c00000|100%| O|  |TAMS 0x0000000082c00000, 0x0000000082b00000| Untracked 
|  44|0x0000000082c00000, 0x0000000082d00000, 0x0000000082d00000|100%| O|  |TAMS 0x0000000082d00000, 0x0000000082c00000| Untracked 
|  45|0x0000000082d00000, 0x0000000082e00000, 0x0000000082e00000|100%| O|  |TAMS 0x0000000082e00000, 0x0000000082d00000| Untracked 
|  46|0x0000000082e00000, 0x0000000082f00000, 0x0000000082f00000|100%| O|  |TAMS 0x0000000082f00000, 0x0000000082e00000| Untracked 
|  47|0x0000000082f00000, 0x0000000083000000, 0x0000000083000000|100%| O|  |TAMS 0x0000000083000000, 0x0000000082f00000| Untracked 
|  48|0x0000000083000000, 0x0000000083100000, 0x0000000083100000|100%| O|  |TAMS 0x0000000083100000, 0x0000000083000000| Untracked 
|  49|0x0000000083100000, 0x0000000083200000, 0x0000000083200000|100%| O|  |TAMS 0x0000000083200000, 0x0000000083100000| Untracked 
|  50|0x0000000083200000, 0x0000000083300000, 0x0000000083300000|100%| O|  |TAMS 0x0000000083300000, 0x0000000083200000| Untracked 
|  51|0x0000000083300000, 0x0000000083400000, 0x0000000083400000|100%| O|  |TAMS 0x0000000083400000, 0x0000000083300000| Untracked 
|  52|0x0000000083400000, 0x0000000083500000, 0x0000000083500000|100%| O|  |TAMS 0x0000000083500000, 0x0000000083400000| Untracked 
|  53|0x0000000083500000, 0x0000000083600000, 0x0000000083600000|100%| O|  |TAMS 0x0000000083600000, 0x0000000083500000| Untracked 
|  54|0x0000000083600000, 0x0000000083700000, 0x0000000083700000|100%| O|  |TAMS 0x0000000083700000, 0x0000000083600000| Untracked 
|  55|0x0000000083700000, 0x0000000083800000, 0x0000000083800000|100%| O|  |TAMS 0x0000000083800000, 0x0000000083700000| Untracked 
|  56|0x0000000083800000, 0x0000000083900000, 0x0000000083900000|100%| O|  |TAMS 0x0000000083900000, 0x0000000083800000| Untracked 
|  57|0x0000000083900000, 0x0000000083a00000, 0x0000000083a00000|100%| O|  |TAMS 0x0000000083a00000, 0x0000000083900000| Untracked 
|  58|0x0000000083a00000, 0x0000000083b00000, 0x0000000083b00000|100%| O|  |TAMS 0x0000000083b00000, 0x0000000083a00000| Untracked 
|  59|0x0000000083b00000, 0x0000000083c00000, 0x0000000083c00000|100%|HS|  |TAMS 0x0000000083c00000, 0x0000000083b00000| Complete 
|  60|0x0000000083c00000, 0x0000000083d00000, 0x0000000083d00000|100%|HS|  |TAMS 0x0000000083d00000, 0x0000000083c00000| Complete 
|  61|0x0000000083d00000, 0x0000000083e00000, 0x0000000083e00000|100%| O|  |TAMS 0x0000000083e00000, 0x0000000083d00000| Untracked 
|  62|0x0000000083e00000, 0x0000000083f00000, 0x0000000083f00000|100%| O|  |TAMS 0x0000000083f00000, 0x0000000083e00000| Untracked 
|  63|0x0000000083f00000, 0x0000000084000000, 0x0000000084000000|100%| O|  |TAMS 0x0000000084000000, 0x0000000083f00000| Untracked 
|  64|0x0000000084000000, 0x0000000084100000, 0x0000000084100000|100%| O|  |TAMS 0x0000000084100000, 0x0000000084000000| Untracked 
|  65|0x0000000084100000, 0x0000000084200000, 0x0000000084200000|100%| O|  |TAMS 0x0000000084200000, 0x0000000084100000| Untracked 
|  66|0x0000000084200000, 0x0000000084300000, 0x0000000084300000|100%| O|  |TAMS 0x0000000084300000, 0x0000000084200000| Untracked 
|  67|0x0000000084300000, 0x0000000084400000, 0x0000000084400000|100%| O|  |TAMS 0x0000000084400000, 0x0000000084300000| Untracked 
|  68|0x0000000084400000, 0x0000000084500000, 0x0000000084500000|100%| O|  |TAMS 0x0000000084500000, 0x0000000084400000| Untracked 
|  69|0x0000000084500000, 0x0000000084600000, 0x0000000084600000|100%| O|  |TAMS 0x0000000084600000, 0x0000000084500000| Untracked 
|  70|0x0000000084600000, 0x0000000084700000, 0x0000000084700000|100%| O|  |TAMS 0x0000000084700000, 0x0000000084600000| Untracked 
|  71|0x0000000084700000, 0x0000000084800000, 0x0000000084800000|100%| O|  |TAMS 0x0000000084800000, 0x0000000084700000| Untracked 
|  72|0x0000000084800000, 0x0000000084900000, 0x0000000084900000|100%| O|  |TAMS 0x0000000084900000, 0x0000000084800000| Untracked 
|  73|0x0000000084900000, 0x0000000084a00000, 0x0000000084a00000|100%| O|  |TAMS 0x0000000084a00000, 0x0000000084900000| Untracked 
|  74|0x0000000084a00000, 0x0000000084b00000, 0x0000000084b00000|100%| O|  |TAMS 0x0000000084b00000, 0x0000000084a00000| Untracked 
|  75|0x0000000084b00000, 0x0000000084c00000, 0x0000000084c00000|100%| O|  |TAMS 0x0000000084c00000, 0x0000000084b00000| Untracked 
|  76|0x0000000084c00000, 0x0000000084d00000, 0x0000000084d00000|100%| O|  |TAMS 0x0000000084d00000, 0x0000000084c00000| Untracked 
|  77|0x0000000084d00000, 0x0000000084e00000, 0x0000000084e00000|100%| O|  |TAMS 0x0000000084e00000, 0x0000000084d00000| Untracked 
|  78|0x0000000084e00000, 0x0000000084f00000, 0x0000000084f00000|100%| O|  |TAMS 0x0000000084f00000, 0x0000000084e00000| Untracked 
|  79|0x0000000084f00000, 0x0000000085000000, 0x0000000085000000|100%|HS|  |TAMS 0x0000000085000000, 0x0000000084f00000| Complete 
|  80|0x0000000085000000, 0x0000000085100000, 0x0000000085100000|100%|HC|  |TAMS 0x0000000085100000, 0x0000000085000000| Complete 
|  81|0x0000000085100000, 0x0000000085200000, 0x0000000085200000|100%|HS|  |TAMS 0x0000000085200000, 0x0000000085100000| Complete 
|  82|0x0000000085200000, 0x0000000085300000, 0x0000000085300000|100%|HC|  |TAMS 0x0000000085300000, 0x0000000085200000| Complete 
|  83|0x0000000085300000, 0x0000000085400000, 0x0000000085400000|100%|HC|  |TAMS 0x0000000085400000, 0x0000000085300000| Complete 
|  84|0x0000000085400000, 0x0000000085500000, 0x0000000085500000|100%|HC|  |TAMS 0x0000000085500000, 0x0000000085400000| Complete 
|  85|0x0000000085500000, 0x0000000085600000, 0x0000000085600000|100%| O|  |TAMS 0x0000000085600000, 0x0000000085500000| Untracked 
|  86|0x0000000085600000, 0x0000000085700000, 0x0000000085700000|100%| O|  |TAMS 0x0000000085700000, 0x0000000085600000| Untracked 
|  87|0x0000000085700000, 0x0000000085800000, 0x0000000085800000|100%| O|  |TAMS 0x0000000085800000, 0x0000000085700000| Untracked 
|  88|0x0000000085800000, 0x0000000085900000, 0x0000000085900000|100%| O|  |TAMS 0x0000000085900000, 0x0000000085800000| Untracked 
|  89|0x0000000085900000, 0x0000000085a00000, 0x0000000085a00000|100%| O|  |TAMS 0x0000000085a00000, 0x0000000085900000| Untracked 
|  90|0x0000000085a00000, 0x0000000085b00000, 0x0000000085b00000|100%| O|  |TAMS 0x0000000085b00000, 0x0000000085a00000| Untracked 
|  91|0x0000000085b00000, 0x0000000085c00000, 0x0000000085c00000|100%| O|  |TAMS 0x0000000085c00000, 0x0000000085b00000| Untracked 
|  92|0x0000000085c00000, 0x0000000085d00000, 0x0000000085d00000|100%| O|  |TAMS 0x0000000085d00000, 0x0000000085c00000| Untracked 
|  93|0x0000000085d00000, 0x0000000085e00000, 0x0000000085e00000|100%| O|  |TAMS 0x0000000085e00000, 0x0000000085d00000| Untracked 
|  94|0x0000000085e00000, 0x0000000085f00000, 0x0000000085f00000|100%| O|  |TAMS 0x0000000085f00000, 0x0000000085e00000| Untracked 
|  95|0x0000000085f00000, 0x0000000086000000, 0x0000000086000000|100%|HS|  |TAMS 0x0000000086000000, 0x0000000085f00000| Complete 
|  96|0x0000000086000000, 0x0000000086100000, 0x0000000086100000|100%|HC|  |TAMS 0x0000000086100000, 0x0000000086000000| Complete 
|  97|0x0000000086100000, 0x0000000086200000, 0x0000000086200000|100%|HS|  |TAMS 0x0000000086200000, 0x0000000086100000| Complete 
|  98|0x0000000086200000, 0x0000000086300000, 0x0000000086300000|100%|HC|  |TAMS 0x0000000086300000, 0x0000000086200000| Complete 
|  99|0x0000000086300000, 0x0000000086400000, 0x0000000086400000|100%| O|  |TAMS 0x0000000086400000, 0x0000000086300000| Untracked 
| 100|0x0000000086400000, 0x0000000086500000, 0x0000000086500000|100%| O|  |TAMS 0x0000000086500000, 0x0000000086400000| Untracked 
| 101|0x0000000086500000, 0x0000000086600000, 0x0000000086600000|100%| O|  |TAMS 0x0000000086600000, 0x0000000086500000| Untracked 
| 102|0x0000000086600000, 0x0000000086700000, 0x0000000086700000|100%| O|  |TAMS 0x0000000086700000, 0x0000000086600000| Untracked 
| 103|0x0000000086700000, 0x0000000086800000, 0x0000000086800000|100%| O|  |TAMS 0x0000000086800000, 0x0000000086700000| Untracked 
| 104|0x0000000086800000, 0x0000000086900000, 0x0000000086900000|100%| O|  |TAMS 0x0000000086900000, 0x0000000086800000| Untracked 
| 105|0x0000000086900000, 0x0000000086a00000, 0x0000000086a00000|100%| O|  |TAMS 0x0000000086a00000, 0x0000000086900000| Untracked 
| 106|0x0000000086a00000, 0x0000000086b00000, 0x0000000086b00000|100%| O|  |TAMS 0x0000000086b00000, 0x0000000086a00000| Untracked 
| 107|0x0000000086b00000, 0x0000000086c00000, 0x0000000086c00000|100%| O|  |TAMS 0x0000000086c00000, 0x0000000086b00000| Untracked 
| 108|0x0000000086c00000, 0x0000000086d00000, 0x0000000086d00000|100%|HS|  |TAMS 0x0000000086d00000, 0x0000000086c00000| Complete 
| 109|0x0000000086d00000, 0x0000000086e00000, 0x0000000086e00000|100%|HS|  |TAMS 0x0000000086e00000, 0x0000000086d00000| Complete 
| 110|0x0000000086e00000, 0x0000000086f00000, 0x0000000086f00000|100%|HS|  |TAMS 0x0000000086f00000, 0x0000000086e00000| Complete 
| 111|0x0000000086f00000, 0x0000000087000000, 0x0000000087000000|100%|HS|  |TAMS 0x0000000087000000, 0x0000000086f00000| Complete 
| 112|0x0000000087000000, 0x0000000087100000, 0x0000000087100000|100%|HC|  |TAMS 0x0000000087100000, 0x0000000087000000| Complete 
| 113|0x0000000087100000, 0x0000000087200000, 0x0000000087200000|100%|HC|  |TAMS 0x0000000087200000, 0x0000000087100000| Complete 
| 114|0x0000000087200000, 0x0000000087300000, 0x0000000087300000|100%|HS|  |TAMS 0x0000000087300000, 0x0000000087200000| Complete 
| 115|0x0000000087300000, 0x0000000087400000, 0x0000000087400000|100%|HC|  |TAMS 0x0000000087400000, 0x0000000087300000| Complete 
| 116|0x0000000087400000, 0x0000000087500000, 0x0000000087500000|100%| O|  |TAMS 0x0000000087500000, 0x0000000087400000| Untracked 
| 117|0x0000000087500000, 0x0000000087600000, 0x0000000087600000|100%| O|  |TAMS 0x0000000087600000, 0x0000000087500000| Untracked 
| 118|0x0000000087600000, 0x0000000087700000, 0x0000000087700000|100%| O|  |TAMS 0x0000000087700000, 0x0000000087600000| Untracked 
| 119|0x0000000087700000, 0x0000000087800000, 0x0000000087800000|100%| O|  |TAMS 0x0000000087800000, 0x0000000087700000| Untracked 
| 120|0x0000000087800000, 0x0000000087900000, 0x0000000087900000|100%| O|  |TAMS 0x0000000087900000, 0x0000000087800000| Untracked 
| 121|0x0000000087900000, 0x0000000087a00000, 0x0000000087a00000|100%| O|  |TAMS 0x0000000087a00000, 0x0000000087900000| Untracked 
| 122|0x0000000087a00000, 0x0000000087b00000, 0x0000000087b00000|100%| O|  |TAMS 0x0000000087b00000, 0x0000000087a00000| Untracked 
| 123|0x0000000087b00000, 0x0000000087c00000, 0x0000000087c00000|100%| O|  |TAMS 0x0000000087c00000, 0x0000000087b00000| Untracked 
| 124|0x0000000087c00000, 0x0000000087d00000, 0x0000000087d00000|100%| O|  |TAMS 0x0000000087d00000, 0x0000000087c00000| Untracked 
| 125|0x0000000087d00000, 0x0000000087e00000, 0x0000000087e00000|100%| O|  |TAMS 0x0000000087e00000, 0x0000000087d00000| Untracked 
| 126|0x0000000087e00000, 0x0000000087f00000, 0x0000000087f00000|100%| O|  |TAMS 0x0000000087f00000, 0x0000000087e00000| Untracked 
| 127|0x0000000087f00000, 0x0000000088000000, 0x0000000088000000|100%| O|  |TAMS 0x0000000088000000, 0x0000000087f00000| Untracked 
| 128|0x0000000088000000, 0x0000000088100000, 0x0000000088100000|100%|HS|  |TAMS 0x0000000088100000, 0x0000000088000000| Complete 
| 129|0x0000000088100000, 0x0000000088200000, 0x0000000088200000|100%|HS|  |TAMS 0x0000000088200000, 0x0000000088100000| Complete 
| 130|0x0000000088200000, 0x0000000088300000, 0x0000000088300000|100%| O|  |TAMS 0x0000000088300000, 0x0000000088200000| Untracked 
| 131|0x0000000088300000, 0x0000000088400000, 0x0000000088400000|100%| O|  |TAMS 0x0000000088400000, 0x0000000088300000| Untracked 
| 132|0x0000000088400000, 0x0000000088500000, 0x0000000088500000|100%| O|  |TAMS 0x0000000088500000, 0x0000000088400000| Untracked 
| 133|0x0000000088500000, 0x0000000088600000, 0x0000000088600000|100%| O|  |TAMS 0x0000000088600000, 0x0000000088500000| Untracked 
| 134|0x0000000088600000, 0x0000000088700000, 0x0000000088700000|100%| O|  |TAMS 0x0000000088700000, 0x0000000088600000| Untracked 
| 135|0x0000000088700000, 0x0000000088800000, 0x0000000088800000|100%| O|  |TAMS 0x0000000088800000, 0x0000000088700000| Untracked 
| 136|0x0000000088800000, 0x0000000088900000, 0x0000000088900000|100%| O|  |TAMS 0x0000000088900000, 0x0000000088800000| Untracked 
| 137|0x0000000088900000, 0x0000000088a00000, 0x0000000088a00000|100%| O|  |TAMS 0x0000000088a00000, 0x0000000088900000| Untracked 
| 138|0x0000000088a00000, 0x0000000088b00000, 0x0000000088b00000|100%| O|  |TAMS 0x0000000088b00000, 0x0000000088a00000| Untracked 
| 139|0x0000000088b00000, 0x0000000088c00000, 0x0000000088c00000|100%| O|  |TAMS 0x0000000088c00000, 0x0000000088b00000| Untracked 
| 140|0x0000000088c00000, 0x0000000088d00000, 0x0000000088d00000|100%| O|  |TAMS 0x0000000088d00000, 0x0000000088c00000| Untracked 
| 141|0x0000000088d00000, 0x0000000088e00000, 0x0000000088e00000|100%| O|  |TAMS 0x0000000088e00000, 0x0000000088d00000| Untracked 
| 142|0x0000000088e00000, 0x0000000088f00000, 0x0000000088f00000|100%| O|  |TAMS 0x0000000088f00000, 0x0000000088e00000| Untracked 
| 143|0x0000000088f00000, 0x0000000089000000, 0x0000000089000000|100%| O|  |TAMS 0x0000000089000000, 0x0000000088f00000| Untracked 
| 144|0x0000000089000000, 0x0000000089100000, 0x0000000089100000|100%| O|  |TAMS 0x0000000089100000, 0x0000000089000000| Untracked 
| 145|0x0000000089100000, 0x0000000089200000, 0x0000000089200000|100%| O|  |TAMS 0x0000000089200000, 0x0000000089100000| Untracked 
| 146|0x0000000089200000, 0x0000000089300000, 0x0000000089300000|100%| O|  |TAMS 0x0000000089300000, 0x0000000089200000| Untracked 
| 147|0x0000000089300000, 0x0000000089400000, 0x0000000089400000|100%| O|  |TAMS 0x0000000089400000, 0x0000000089300000| Untracked 
| 148|0x0000000089400000, 0x0000000089500000, 0x0000000089500000|100%| O|  |TAMS 0x0000000089500000, 0x0000000089400000| Untracked 
| 149|0x0000000089500000, 0x0000000089600000, 0x0000000089600000|100%| O|  |TAMS 0x0000000089600000, 0x0000000089500000| Untracked 
| 150|0x0000000089600000, 0x0000000089700000, 0x0000000089700000|100%| O|  |TAMS 0x0000000089700000, 0x0000000089600000| Untracked 
| 151|0x0000000089700000, 0x0000000089800000, 0x0000000089800000|100%| O|  |TAMS 0x0000000089800000, 0x0000000089700000| Untracked 
| 152|0x0000000089800000, 0x0000000089900000, 0x0000000089900000|100%| O|  |TAMS 0x0000000089900000, 0x0000000089800000| Untracked 
| 153|0x0000000089900000, 0x0000000089a00000, 0x0000000089a00000|100%| O|  |TAMS 0x0000000089a00000, 0x0000000089900000| Untracked 
| 154|0x0000000089a00000, 0x0000000089b00000, 0x0000000089b00000|100%| O|  |TAMS 0x0000000089b00000, 0x0000000089a00000| Untracked 
| 155|0x0000000089b00000, 0x0000000089c00000, 0x0000000089c00000|100%| O|  |TAMS 0x0000000089c00000, 0x0000000089b00000| Untracked 
| 156|0x0000000089c00000, 0x0000000089d00000, 0x0000000089d00000|100%| O|  |TAMS 0x0000000089d00000, 0x0000000089c00000| Untracked 
| 157|0x0000000089d00000, 0x0000000089e00000, 0x0000000089e00000|100%| O|  |TAMS 0x0000000089e00000, 0x0000000089d00000| Untracked 
| 158|0x0000000089e00000, 0x0000000089f00000, 0x0000000089f00000|100%| O|  |TAMS 0x0000000089f00000, 0x0000000089e00000| Untracked 
| 159|0x0000000089f00000, 0x000000008a000000, 0x000000008a000000|100%| O|  |TAMS 0x0000000089f56000, 0x0000000089f00000| Untracked 
| 160|0x000000008a000000, 0x000000008a100000, 0x000000008a100000|100%|HS|  |TAMS 0x000000008a000000, 0x000000008a000000| Complete 
| 161|0x000000008a100000, 0x000000008a200000, 0x000000008a200000|100%|HS|  |TAMS 0x000000008a100000, 0x000000008a100000| Complete 
| 162|0x000000008a200000, 0x000000008a300000, 0x000000008a300000|100%|HC|  |TAMS 0x000000008a200000, 0x000000008a200000| Complete 
| 163|0x000000008a300000, 0x000000008a400000, 0x000000008a400000|100%|HC|  |TAMS 0x000000008a300000, 0x000000008a300000| Complete 
| 164|0x000000008a400000, 0x000000008a500000, 0x000000008a500000|100%| O|  |TAMS 0x000000008a400000, 0x000000008a400000| Untracked 
| 165|0x000000008a500000, 0x000000008a600000, 0x000000008a600000|100%| O|  |TAMS 0x000000008a500000, 0x000000008a500000| Untracked 
| 166|0x000000008a600000, 0x000000008a700000, 0x000000008a700000|100%|HS|  |TAMS 0x000000008a600000, 0x000000008a600000| Complete 
| 167|0x000000008a700000, 0x000000008a800000, 0x000000008a800000|100%| O|  |TAMS 0x000000008a700000, 0x000000008a700000| Untracked 
| 168|0x000000008a800000, 0x000000008a900000, 0x000000008a900000|100%| O|  |TAMS 0x000000008a800000, 0x000000008a800000| Untracked 
| 169|0x000000008a900000, 0x000000008aa00000, 0x000000008aa00000|100%| O|  |TAMS 0x000000008a900000, 0x000000008a900000| Untracked 
| 170|0x000000008aa00000, 0x000000008ab00000, 0x000000008ab00000|100%| O|  |TAMS 0x000000008aa00000, 0x000000008aa00000| Untracked 
| 171|0x000000008ab00000, 0x000000008ac00000, 0x000000008ac00000|100%| O|  |TAMS 0x000000008ab00000, 0x000000008ab00000| Untracked 
| 172|0x000000008ac00000, 0x000000008ad00000, 0x000000008ad00000|100%| O|  |TAMS 0x000000008ac00000, 0x000000008ac00000| Untracked 
| 173|0x000000008ad00000, 0x000000008ae00000, 0x000000008ae00000|100%| O|  |TAMS 0x000000008ad00000, 0x000000008ad00000| Untracked 
| 174|0x000000008ae00000, 0x000000008af00000, 0x000000008af00000|100%| O|  |TAMS 0x000000008ae00000, 0x000000008ae00000| Untracked 
| 175|0x000000008af00000, 0x000000008b000000, 0x000000008b000000|100%| O|  |TAMS 0x000000008af00000, 0x000000008af00000| Untracked 
| 176|0x000000008b000000, 0x000000008b100000, 0x000000008b100000|100%| O|  |TAMS 0x000000008b000000, 0x000000008b000000| Untracked 
| 177|0x000000008b100000, 0x000000008b200000, 0x000000008b200000|100%| O|  |TAMS 0x000000008b100000, 0x000000008b100000| Untracked 
| 178|0x000000008b200000, 0x000000008b300000, 0x000000008b300000|100%| O|  |TAMS 0x000000008b200000, 0x000000008b200000| Untracked 
| 179|0x000000008b300000, 0x000000008b400000, 0x000000008b400000|100%| O|  |TAMS 0x000000008b300000, 0x000000008b300000| Untracked 
| 180|0x000000008b400000, 0x000000008b500000, 0x000000008b500000|100%| O|  |TAMS 0x000000008b400000, 0x000000008b400000| Untracked 
| 181|0x000000008b500000, 0x000000008b600000, 0x000000008b600000|100%| O|  |TAMS 0x000000008b500000, 0x000000008b500000| Untracked 
| 182|0x000000008b600000, 0x000000008b700000, 0x000000008b700000|100%| O|  |TAMS 0x000000008b600000, 0x000000008b600000| Untracked 
| 183|0x000000008b700000, 0x000000008b800000, 0x000000008b800000|100%| O|  |TAMS 0x000000008b700000, 0x000000008b700000| Untracked 
| 184|0x000000008b800000, 0x000000008b900000, 0x000000008b900000|100%| O|  |TAMS 0x000000008b800000, 0x000000008b800000| Untracked 
| 185|0x000000008b900000, 0x000000008ba00000, 0x000000008ba00000|100%| O|  |TAMS 0x000000008b900000, 0x000000008b900000| Untracked 
| 186|0x000000008ba00000, 0x000000008bb00000, 0x000000008bb00000|100%| O|  |TAMS 0x000000008ba00000, 0x000000008ba00000| Untracked 
| 187|0x000000008bb00000, 0x000000008bc00000, 0x000000008bc00000|100%| O|  |TAMS 0x000000008bb00000, 0x000000008bb00000| Untracked 
| 188|0x000000008bc00000, 0x000000008bd00000, 0x000000008bd00000|100%| O|  |TAMS 0x000000008bc00000, 0x000000008bc00000| Untracked 
| 189|0x000000008bd00000, 0x000000008be00000, 0x000000008be00000|100%| O|  |TAMS 0x000000008bd00000, 0x000000008bd00000| Untracked 
| 190|0x000000008be00000, 0x000000008bf00000, 0x000000008bf00000|100%| O|  |TAMS 0x000000008be00000, 0x000000008be00000| Untracked 
| 191|0x000000008bf00000, 0x000000008c000000, 0x000000008c000000|100%| O|  |TAMS 0x000000008bf00000, 0x000000008bf00000| Untracked 
| 192|0x000000008c000000, 0x000000008c100000, 0x000000008c100000|100%| O|  |TAMS 0x000000008c000000, 0x000000008c000000| Untracked 
| 193|0x000000008c100000, 0x000000008c200000, 0x000000008c200000|100%| O|  |TAMS 0x000000008c100000, 0x000000008c100000| Untracked 
| 194|0x000000008c200000, 0x000000008c300000, 0x000000008c300000|100%| O|  |TAMS 0x000000008c200000, 0x000000008c200000| Untracked 
| 195|0x000000008c300000, 0x000000008c400000, 0x000000008c400000|100%| O|  |TAMS 0x000000008c300000, 0x000000008c300000| Untracked 
| 196|0x000000008c400000, 0x000000008c500000, 0x000000008c500000|100%| O|  |TAMS 0x000000008c400000, 0x000000008c400000| Untracked 
| 197|0x000000008c500000, 0x000000008c600000, 0x000000008c600000|100%| O|  |TAMS 0x000000008c500000, 0x000000008c500000| Untracked 
| 198|0x000000008c600000, 0x000000008c700000, 0x000000008c700000|100%| O|  |TAMS 0x000000008c600000, 0x000000008c600000| Untracked 
| 199|0x000000008c700000, 0x000000008c800000, 0x000000008c800000|100%| O|  |TAMS 0x000000008c700000, 0x000000008c700000| Untracked 
| 200|0x000000008c800000, 0x000000008c900000, 0x000000008c900000|100%| O|  |TAMS 0x000000008c800000, 0x000000008c800000| Untracked 
| 201|0x000000008c900000, 0x000000008ca00000, 0x000000008ca00000|100%| O|  |TAMS 0x000000008c900000, 0x000000008c900000| Untracked 
| 202|0x000000008ca00000, 0x000000008cb00000, 0x000000008cb00000|100%| O|  |TAMS 0x000000008ca00000, 0x000000008ca00000| Untracked 
| 203|0x000000008cb00000, 0x000000008cc00000, 0x000000008cc00000|100%| O|  |TAMS 0x000000008cb00000, 0x000000008cb00000| Untracked 
| 204|0x000000008cc00000, 0x000000008cd00000, 0x000000008cd00000|100%| O|  |TAMS 0x000000008cc00000, 0x000000008cc00000| Untracked 
| 205|0x000000008cd00000, 0x000000008ce00000, 0x000000008ce00000|100%| O|  |TAMS 0x000000008cd00000, 0x000000008cd00000| Untracked 
| 206|0x000000008ce00000, 0x000000008cf00000, 0x000000008cf00000|100%| O|  |TAMS 0x000000008ce00000, 0x000000008ce00000| Untracked 
| 207|0x000000008cf00000, 0x000000008d000000, 0x000000008d000000|100%| O|  |TAMS 0x000000008cf00000, 0x000000008cf00000| Untracked 
| 208|0x000000008d000000, 0x000000008d100000, 0x000000008d100000|100%| O|  |TAMS 0x000000008d000000, 0x000000008d000000| Untracked 
| 209|0x000000008d100000, 0x000000008d200000, 0x000000008d200000|100%| O|  |TAMS 0x000000008d100000, 0x000000008d100000| Untracked 
| 210|0x000000008d200000, 0x000000008d300000, 0x000000008d300000|100%| O|  |TAMS 0x000000008d200000, 0x000000008d200000| Untracked 
| 211|0x000000008d300000, 0x000000008d400000, 0x000000008d400000|100%| O|  |TAMS 0x000000008d300000, 0x000000008d300000| Untracked 
| 212|0x000000008d400000, 0x000000008d500000, 0x000000008d500000|100%| O|  |TAMS 0x000000008d400000, 0x000000008d400000| Untracked 
| 213|0x000000008d500000, 0x000000008d600000, 0x000000008d600000|100%| O|  |TAMS 0x000000008d500000, 0x000000008d500000| Untracked 
| 214|0x000000008d600000, 0x000000008d656800, 0x000000008d700000| 33%| O|  |TAMS 0x000000008d600000, 0x000000008d600000| Untracked 
| 215|0x000000008d700000, 0x000000008d700000, 0x000000008d800000|  0%| F|  |TAMS 0x000000008d700000, 0x000000008d700000| Untracked 
| 216|0x000000008d800000, 0x000000008d800000, 0x000000008d900000|  0%| F|  |TAMS 0x000000008d800000, 0x000000008d800000| Untracked 
| 217|0x000000008d900000, 0x000000008d900000, 0x000000008da00000|  0%| F|  |TAMS 0x000000008d900000, 0x000000008d900000| Untracked 
| 218|0x000000008da00000, 0x000000008da00000, 0x000000008db00000|  0%| F|  |TAMS 0x000000008da00000, 0x000000008da00000| Untracked 
| 219|0x000000008db00000, 0x000000008db00000, 0x000000008dc00000|  0%| F|  |TAMS 0x000000008db00000, 0x000000008db00000| Untracked 
| 220|0x000000008dc00000, 0x000000008dc00000, 0x000000008dd00000|  0%| F|  |TAMS 0x000000008dc00000, 0x000000008dc00000| Untracked 
| 221|0x000000008dd00000, 0x000000008dd00000, 0x000000008de00000|  0%| F|  |TAMS 0x000000008dd00000, 0x000000008dd00000| Untracked 
| 222|0x000000008de00000, 0x000000008de00000, 0x000000008df00000|  0%| F|  |TAMS 0x000000008de00000, 0x000000008de00000| Untracked 
| 223|0x000000008df00000, 0x000000008df00000, 0x000000008e000000|  0%| F|  |TAMS 0x000000008df00000, 0x000000008df00000| Untracked 
| 224|0x000000008e000000, 0x000000008e000000, 0x000000008e100000|  0%| F|  |TAMS 0x000000008e000000, 0x000000008e000000| Untracked 
| 225|0x000000008e100000, 0x000000008e100000, 0x000000008e200000|  0%| F|  |TAMS 0x000000008e100000, 0x000000008e100000| Untracked 
| 226|0x000000008e200000, 0x000000008e200000, 0x000000008e300000|  0%| F|  |TAMS 0x000000008e200000, 0x000000008e200000| Untracked 
| 227|0x000000008e300000, 0x000000008e300000, 0x000000008e400000|  0%| F|  |TAMS 0x000000008e300000, 0x000000008e300000| Untracked 
| 228|0x000000008e400000, 0x000000008e400000, 0x000000008e500000|  0%| F|  |TAMS 0x000000008e400000, 0x000000008e400000| Untracked 
| 229|0x000000008e500000, 0x000000008e500000, 0x000000008e600000|  0%| F|  |TAMS 0x000000008e500000, 0x000000008e500000| Untracked 
| 230|0x000000008e600000, 0x000000008e600000, 0x000000008e700000|  0%| F|  |TAMS 0x000000008e600000, 0x000000008e600000| Untracked 
| 231|0x000000008e700000, 0x000000008e700000, 0x000000008e800000|  0%| F|  |TAMS 0x000000008e700000, 0x000000008e700000| Untracked 
| 232|0x000000008e800000, 0x000000008e800000, 0x000000008e900000|  0%| F|  |TAMS 0x000000008e800000, 0x000000008e800000| Untracked 
| 233|0x000000008e900000, 0x000000008e900000, 0x000000008ea00000|  0%| F|  |TAMS 0x000000008e900000, 0x000000008e900000| Untracked 
| 234|0x000000008ea00000, 0x000000008ea00000, 0x000000008eb00000|  0%| F|  |TAMS 0x000000008ea00000, 0x000000008ea00000| Untracked 
| 235|0x000000008eb00000, 0x000000008eb00000, 0x000000008ec00000|  0%| F|  |TAMS 0x000000008eb00000, 0x000000008eb00000| Untracked 
| 236|0x000000008ec00000, 0x000000008ec00000, 0x000000008ed00000|  0%| F|  |TAMS 0x000000008ec00000, 0x000000008ec00000| Untracked 
| 237|0x000000008ed00000, 0x000000008ed00000, 0x000000008ee00000|  0%| F|  |TAMS 0x000000008ed00000, 0x000000008ed00000| Untracked 
| 238|0x000000008ee00000, 0x000000008ee84de0, 0x000000008ef00000| 51%| S|CS|TAMS 0x000000008ee00000, 0x000000008ee00000| Complete 
| 239|0x000000008ef00000, 0x000000008f000000, 0x000000008f000000|100%| S|CS|TAMS 0x000000008ef00000, 0x000000008ef00000| Complete 
| 240|0x000000008f000000, 0x000000008f000000, 0x000000008f100000|  0%| F|  |TAMS 0x000000008f000000, 0x000000008f000000| Untracked 
| 241|0x000000008f100000, 0x000000008f200000, 0x000000008f200000|100%| E|  |TAMS 0x000000008f100000, 0x000000008f100000| Complete 
| 242|0x000000008f200000, 0x000000008f300000, 0x000000008f300000|100%| E|CS|TAMS 0x000000008f200000, 0x000000008f200000| Complete 
| 243|0x000000008f300000, 0x000000008f400000, 0x000000008f400000|100%| E|CS|TAMS 0x000000008f300000, 0x000000008f300000| Complete 
| 244|0x000000008f400000, 0x000000008f500000, 0x000000008f500000|100%| E|CS|TAMS 0x000000008f400000, 0x000000008f400000| Complete 
| 245|0x000000008f500000, 0x000000008f600000, 0x000000008f600000|100%| E|CS|TAMS 0x000000008f500000, 0x000000008f500000| Complete 
| 246|0x000000008f600000, 0x000000008f700000, 0x000000008f700000|100%| E|CS|TAMS 0x000000008f600000, 0x000000008f600000| Complete 
| 247|0x000000008f700000, 0x000000008f800000, 0x000000008f800000|100%| E|CS|TAMS 0x000000008f700000, 0x000000008f700000| Complete 
| 248|0x000000008f800000, 0x000000008f900000, 0x000000008f900000|100%| E|CS|TAMS 0x000000008f800000, 0x000000008f800000| Complete 
| 249|0x000000008f900000, 0x000000008fa00000, 0x000000008fa00000|100%| E|CS|TAMS 0x000000008f900000, 0x000000008f900000| Complete 

Card table byte_map: [0x0000017856eb0000,0x00000178572b0000] _byte_map_base: 0x0000017856ab0000

Marking Bits (Prev, Next): (CMBitMap*) 0x000001783f371658, (CMBitMap*) 0x000001783f371690
 Prev Bits: [0x00000178576b0000, 0x00000178596b0000)
 Next Bits: [0x00000178596b0000, 0x000001785b6b0000)

Polling page: 0x000001783d270000

Metaspace:

Usage:
  Non-class:    103.56 MB capacity,   100.84 MB ( 97%) used,     2.33 MB (  2%) free+waste,   403.50 KB ( <1%) overhead. 
      Class:     16.84 MB capacity,    15.09 MB ( 90%) used,     1.57 MB (  9%) free+waste,   185.50 KB (  1%) overhead. 
       Both:    120.40 MB capacity,   115.93 MB ( 96%) used,     3.90 MB (  3%) free+waste,   589.00 KB ( <1%) overhead. 

Virtual space:
  Non-class space:      104.00 MB reserved,     103.58 MB (>99%) committed 
      Class space:      504.00 MB reserved,      16.88 MB (  3%) committed 
             Both:      608.00 MB reserved,     120.45 MB ( 20%) committed 

Chunk freelists:
   Non-Class:  17.00 KB
       Class:  0 bytes
        Both:  17.00 KB

MaxMetaspaceSize: 512.00 MB
CompressedClassSpaceSize: 504.00 MB
Initial GC threshold: 20.80 MB
Current GC threshold: 178.46 MB
CDS: off

CodeHeap 'non-profiled nmethods': size=120064Kb used=12958Kb max_used=12958Kb free=107105Kb
 bounds [0x000001784f570000, 0x0000017850220000, 0x0000017856ab0000]
CodeHeap 'profiled nmethods': size=120000Kb used=38052Kb max_used=38052Kb free=81947Kb
 bounds [0x0000017848040000, 0x000001784a570000, 0x000001784f570000]
CodeHeap 'non-nmethods': size=5696Kb used=2433Kb max_used=2497Kb free=3262Kb
 bounds [0x0000017847ab0000, 0x0000017847d40000, 0x0000017848040000]
 total_blobs=17477 nmethods=16509 adapters=879
 compilation: enabled
              stopped_count=0, restarted_count=0
 full_count=0

Compilation events (20 events):
Event: 724.412 Thread 0x000001785e3a1000 nmethod 16591 0x0000017850206590 code [0x0000017850206900, 0x0000017850208a28]
Event: 725.442 Thread 0x000001785e3a1000 16592       4       org.gradle.api.internal.file.pattern.HasPrefixAndSuffixPatternStep::matches (28 bytes)
Event: 725.445 Thread 0x000001785e3a1000 nmethod 16592 0x000001785020a390 code [0x000001785020a540, 0x000001785020a648]
Event: 725.944 Thread 0x000001785e3a1000 16593       4       org.codehaus.groovy.reflection.ClassInfo::isValidWeakMetaClass (30 bytes)
Event: 725.951 Thread 0x000001785e3a1000 nmethod 16593 0x000001785020a790 code [0x000001785020a920, 0x000001785020a9b8]
Event: 729.137 Thread 0x000001785e3a1000 16594       4       org.gradle.api.internal.file.pattern.HasPrefixPatternStep::matches (27 bytes)
Event: 729.139 Thread 0x000001785e3a1000 nmethod 16594 0x000001785020aa90 code [0x000001785020ac40, 0x000001785020ad08]
Event: 730.391 Thread 0x000001785e3a1000 16595   !   4       org.codehaus.groovy.reflection.ClassInfo::getMetaClass (33 bytes)
Event: 730.449 Thread 0x000001785e3a1000 nmethod 16595 0x000001785020ae10 code [0x000001785020b060, 0x000001785020ba00]
Event: 730.602 Thread 0x000001785e3a1000 16596       4       org.gradle.launcher.daemon.registry.DaemonRegistryContent::access$400 (4 bytes)
Event: 730.603 Thread 0x000001785e3a1000 nmethod 16596 0x000001785020c210 code [0x000001785020c3a0, 0x000001785020c3f8]
Event: 732.611 Thread 0x000001785e3a1000 16597       4       java.util.ArrayDeque$DeqIterator::<init> (34 bytes)
Event: 732.616 Thread 0x000001785e3a1000 nmethod 16597 0x000001785020c510 code [0x000001785020c6a0, 0x000001785020c838]
Event: 734.729 Thread 0x000001785e3a1000 16598       4       sun.nio.fs.Util::followLinks (66 bytes)
Event: 734.739 Thread 0x000001785e3a1000 nmethod 16598 0x000001785020c910 code [0x000001785020caa0, 0x000001785020cb78]
Event: 734.739 Thread 0x000001785e3a1000 16599   !   4       sun.nio.fs.WindowsFileAttributes::get (236 bytes)
Event: 735.471 Thread 0x000001785e3a1000 nmethod 16599 0x000001785020cc90 code [0x000001785020d320, 0x0000017850213dd8]
Event: 735.472 Thread 0x000001785e3a1000 16600       4       sun.nio.fs.WindowsFileSystemProvider::getFileAttributeView (118 bytes)
Event: 735.563 Thread 0x000001785e3a1000 nmethod 16600 0x0000017850217390 code [0x0000017850217540, 0x00000178502177f8]
Event: 736.939 Thread 0x000001785e3a1000 16601 % !   4       com.sun.beans.introspect.MethodInfo::get @ 34 (143 bytes)

GC Heap History (20 events):
Event: 685.727 GC heap before
{Heap before GC invocations=222 (full 0):
 garbage-first heap   total 256000K, used 223429K [0x0000000080000000, 0x0000000100000000)
  region size 1024K, 18 young (18432K), 3 survivors (3072K)
 Metaspace       used 117580K, capacity 121999K, committed 122192K, reserved 622592K
  class space    used 15318K, capacity 17070K, committed 17152K, reserved 516096K
}
Event: 685.748 GC heap after
{Heap after GC invocations=223 (full 0):
 garbage-first heap   total 256000K, used 209481K [0x0000000080000000, 0x0000000100000000)
  region size 1024K, 3 young (3072K), 3 survivors (3072K)
 Metaspace       used 117580K, capacity 121999K, committed 122192K, reserved 622592K
  class space    used 15318K, capacity 17070K, committed 17152K, reserved 516096K
}
Event: 692.305 GC heap before
{Heap before GC invocations=223 (full 0):
 garbage-first heap   total 256000K, used 223817K [0x0000000080000000, 0x0000000100000000)
  region size 1024K, 17 young (17408K), 3 survivors (3072K)
 Metaspace       used 117823K, capacity 122257K, committed 122448K, reserved 622592K
  class space    used 15343K, capacity 17129K, committed 17152K, reserved 516096K
}
Event: 692.337 GC heap after
{Heap after GC invocations=224 (full 0):
 garbage-first heap   total 256000K, used 211915K [0x0000000080000000, 0x0000000100000000)
  region size 1024K, 3 young (3072K), 3 survivors (3072K)
 Metaspace       used 117823K, capacity 122257K, committed 122448K, reserved 622592K
  class space    used 15343K, capacity 17129K, committed 17152K, reserved 516096K
}
Event: 697.494 GC heap before
{Heap before GC invocations=224 (full 0):
 garbage-first heap   total 256000K, used 224203K [0x0000000080000000, 0x0000000100000000)
  region size 1024K, 16 young (16384K), 3 survivors (3072K)
 Metaspace       used 118163K, capacity 122738K, committed 122832K, reserved 622592K
  class space    used 15388K, capacity 17199K, committed 17280K, reserved 516096K
}
Event: 697.552 GC heap after
{Heap after GC invocations=225 (full 0):
 garbage-first heap   total 256000K, used 213844K [0x0000000080000000, 0x0000000100000000)
  region size 1024K, 2 young (2048K), 2 survivors (2048K)
 Metaspace       used 118163K, capacity 122738K, committed 122832K, reserved 622592K
  class space    used 15388K, capacity 17199K, committed 17280K, reserved 516096K
}
Event: 698.744 GC heap before
{Heap before GC invocations=225 (full 0):
 garbage-first heap   total 256000K, used 224084K [0x0000000080000000, 0x0000000100000000)
  region size 1024K, 13 young (13312K), 2 survivors (2048K)
 Metaspace       used 118246K, capacity 122747K, committed 122832K, reserved 622592K
  class space    used 15388K, capacity 17199K, committed 17280K, reserved 516096K
}
Event: 698.752 GC heap after
{Heap after GC invocations=226 (full 0):
 garbage-first heap   total 256000K, used 214475K [0x0000000080000000, 0x0000000100000000)
  region size 1024K, 1 young (1024K), 1 survivors (1024K)
 Metaspace       used 118246K, capacity 122747K, committed 122832K, reserved 622592K
  class space    used 15388K, capacity 17199K, committed 17280K, reserved 516096K
}
Event: 700.401 GC heap before
{Heap before GC invocations=226 (full 0):
 garbage-first heap   total 256000K, used 224715K [0x0000000080000000, 0x0000000100000000)
  region size 1024K, 12 young (12288K), 1 survivors (1024K)
 Metaspace       used 118351K, capacity 122826K, committed 123088K, reserved 622592K
  class space    used 15390K, capacity 17201K, committed 17280K, reserved 516096K
}
Event: 700.425 GC heap after
{Heap after GC invocations=227 (full 0):
 garbage-first heap   total 256000K, used 214998K [0x0000000080000000, 0x0000000100000000)
  region size 1024K, 2 young (2048K), 2 survivors (2048K)
 Metaspace       used 118351K, capacity 122826K, committed 123088K, reserved 622592K
  class space    used 15390K, capacity 17201K, committed 17280K, reserved 516096K
}
Event: 712.100 GC heap before
{Heap before GC invocations=227 (full 0):
 garbage-first heap   total 256000K, used 225238K [0x0000000080000000, 0x0000000100000000)
  region size 1024K, 12 young (12288K), 2 survivors (2048K)
 Metaspace       used 118580K, capacity 123193K, committed 123344K, reserved 622592K
  class space    used 15434K, capacity 17235K, committed 17280K, reserved 516096K
}
Event: 712.120 GC heap after
{Heap after GC invocations=228 (full 0):
 garbage-first heap   total 256000K, used 215731K [0x0000000080000000, 0x0000000100000000)
  region size 1024K, 2 young (2048K), 2 survivors (2048K)
 Metaspace       used 118580K, capacity 123193K, committed 123344K, reserved 622592K
  class space    used 15434K, capacity 17235K, committed 17280K, reserved 516096K
}
Event: 716.521 GC heap before
{Heap before GC invocations=228 (full 0):
 garbage-first heap   total 256000K, used 225971K [0x0000000080000000, 0x0000000100000000)
  region size 1024K, 12 young (12288K), 2 survivors (2048K)
 Metaspace       used 118692K, capacity 123284K, committed 123344K, reserved 622592K
  class space    used 15447K, capacity 17244K, committed 17280K, reserved 516096K
}
Event: 716.618 GC heap after
{Heap after GC invocations=229 (full 0):
 garbage-first heap   total 256000K, used 216592K [0x0000000080000000, 0x0000000100000000)
  region size 1024K, 2 young (2048K), 2 survivors (2048K)
 Metaspace       used 118692K, capacity 123284K, committed 123344K, reserved 622592K
  class space    used 15447K, capacity 17244K, committed 17280K, reserved 516096K
}
Event: 719.521 GC heap before
{Heap before GC invocations=229 (full 0):
 garbage-first heap   total 256000K, used 226832K [0x0000000080000000, 0x0000000100000000)
  region size 1024K, 12 young (12288K), 2 survivors (2048K)
 Metaspace       used 118700K, capacity 123289K, committed 123344K, reserved 622592K
  class space    used 15447K, capacity 17244K, committed 17280K, reserved 516096K
}
Event: 719.565 GC heap after
{Heap after GC invocations=230 (full 0):
 garbage-first heap   total 256000K, used 217699K [0x0000000080000000, 0x0000000100000000)
  region size 1024K, 2 young (2048K), 2 survivors (2048K)
 Metaspace       used 118700K, capacity 123289K, committed 123344K, reserved 622592K
  class space    used 15447K, capacity 17244K, committed 17280K, reserved 516096K
}
Event: 722.069 GC heap before
{Heap before GC invocations=230 (full 0):
 garbage-first heap   total 256000K, used 227939K [0x0000000080000000, 0x0000000100000000)
  region size 1024K, 12 young (12288K), 2 survivors (2048K)
 Metaspace       used 118700K, capacity 123289K, committed 123344K, reserved 622592K
  class space    used 15447K, capacity 17244K, committed 17280K, reserved 516096K
}
Event: 722.151 GC heap after
{Heap after GC invocations=231 (full 0):
 garbage-first heap   total 256000K, used 219623K [0x0000000080000000, 0x0000000100000000)
  region size 1024K, 2 young (2048K), 2 survivors (2048K)
 Metaspace       used 118700K, capacity 123289K, committed 123344K, reserved 622592K
  class space    used 15447K, capacity 17244K, committed 17280K, reserved 516096K
}
Event: 730.835 GC heap before
{Heap before GC invocations=231 (full 0):
 garbage-first heap   total 256000K, used 229863K [0x0000000080000000, 0x0000000100000000)
  region size 1024K, 12 young (12288K), 2 survivors (2048K)
 Metaspace       used 118707K, capacity 123292K, committed 123344K, reserved 622592K
  class space    used 15449K, capacity 17245K, committed 17280K, reserved 516096K
}
Event: 730.852 GC heap after
{Heap after GC invocations=232 (full 0):
 garbage-first heap   total 256000K, used 221037K [0x0000000080000000, 0x0000000100000000)
  region size 1024K, 2 young (2048K), 2 survivors (2048K)
 Metaspace       used 118707K, capacity 123292K, committed 123344K, reserved 622592K
  class space    used 15449K, capacity 17245K, committed 17280K, reserved 516096K
}

Deoptimization events (20 events):
Event: 709.499 Thread 0x0000017862d14800 Uncommon trap: trap_request=0xffffffc6 fr.pc=0x000001785016dd5c relative=0x000000000000009c
Event: 709.499 Thread 0x0000017862d14800 Uncommon trap: reason=bimorphic_or_optimized_type_check action=maybe_recompile pc=0x000001785016dd5c method=org.gradle.execution.plan.ActionNode.hasPendingPreExecutionNodes()Z @ 11 c2
Event: 709.499 Thread 0x0000017862d14800 DEOPT PACKING pc=0x000001785016dd5c sp=0x00000044b75fe8a0
Event: 709.499 Thread 0x0000017862d14800 DEOPT UNPACKING pc=0x0000017847afa1af sp=0x00000044b75fe828 mode 2
Event: 734.909 Thread 0x0000017862d14800 Uncommon trap: trap_request=0xffffffde fr.pc=0x00000178501fab6c relative=0x000000000000098c
Event: 734.910 Thread 0x0000017862d14800 Uncommon trap: reason=class_check action=maybe_recompile pc=0x00000178501fab6c method=org.gradle.api.internal.file.pattern.FixedStepPathMatcher.matches([Ljava/lang/String;I)Z @ 48 c2
Event: 734.910 Thread 0x0000017862d14800 DEOPT PACKING pc=0x00000178501fab6c sp=0x00000044b75f9450
Event: 734.911 Thread 0x0000017862d14800 DEOPT UNPACKING pc=0x0000017847afa1af sp=0x00000044b75f9258 mode 2
Event: 735.136 Thread 0x0000017862d14800 Uncommon trap: trap_request=0xffffffde fr.pc=0x00000178501fab6c relative=0x000000000000098c
Event: 735.136 Thread 0x0000017862d14800 Uncommon trap: reason=class_check action=maybe_recompile pc=0x00000178501fab6c method=org.gradle.api.internal.file.pattern.FixedStepPathMatcher.matches([Ljava/lang/String;I)Z @ 48 c2
Event: 735.136 Thread 0x0000017862d14800 DEOPT PACKING pc=0x00000178501fab6c sp=0x00000044b75f9450
Event: 735.161 Thread 0x0000017862d14800 DEOPT UNPACKING pc=0x0000017847afa1af sp=0x00000044b75f9258 mode 2
Event: 735.161 Thread 0x0000017862d14800 Uncommon trap: trap_request=0xffffffde fr.pc=0x00000178501fab6c relative=0x000000000000098c
Event: 735.161 Thread 0x0000017862d14800 Uncommon trap: reason=class_check action=maybe_recompile pc=0x00000178501fab6c method=org.gradle.api.internal.file.pattern.FixedStepPathMatcher.matches([Ljava/lang/String;I)Z @ 48 c2
Event: 735.161 Thread 0x0000017862d14800 DEOPT PACKING pc=0x00000178501fab6c sp=0x00000044b75f9450
Event: 735.161 Thread 0x0000017862d14800 DEOPT UNPACKING pc=0x0000017847afa1af sp=0x00000044b75f9258 mode 2
Event: 735.162 Thread 0x0000017862d14800 Uncommon trap: trap_request=0xffffff4d fr.pc=0x000001785020629c relative=0x00000000000000dc
Event: 735.162 Thread 0x0000017862d14800 Uncommon trap: reason=unstable_if action=reinterpret pc=0x000001785020629c method=org.codehaus.groovy.runtime.callsite.PojoMetaMethodSite.checkCall(Ljava/lang/Object;)Z @ 13 c2
Event: 735.162 Thread 0x0000017862d14800 DEOPT PACKING pc=0x000001785020629c sp=0x00000044b75f9070
Event: 735.162 Thread 0x0000017862d14800 DEOPT UNPACKING pc=0x0000017847afa1af sp=0x00000044b75f9000 mode 2

Classes redefined (0 events):
No events

Internal exceptions (20 events):
Event: 711.813 Thread 0x0000017862d14800 Exception <a 'java/lang/ClassNotFoundException'{0x000000008f055908}: org/gradle/api/internal/model/DefaultObjectFactoryBeanInfo> (0x000000008f055908) thrown at [./src/hotspot/share/classfile/systemDictionary.cpp, line 230]
Event: 711.819 Thread 0x0000017862d14800 Exception <a 'java/lang/ClassNotFoundException'{0x000000008f096b40}: org/gradle/api/internal/model/DefaultObjectFactoryCustomizer> (0x000000008f096b40) thrown at [./src/hotspot/share/classfile/systemDictionary.cpp, line 230]
Event: 712.240 Thread 0x0000017862d14800 Exception <a 'java/lang/ClassNotFoundException'{0x000000008f9ff5b0}: org/gradle/api/internal/file/collections/DefaultConfigurableFileTreeBeanInfo> (0x000000008f9ff5b0) thrown at [./src/hotspot/share/classfile/systemDictionary.cpp, line 230]
Event: 712.246 Thread 0x0000017862d14800 Exception <a 'java/lang/ClassNotFoundException'{0x000000008f839668}: org/gradle/api/internal/file/CompositeFileTreeBeanInfo> (0x000000008f839668) thrown at [./src/hotspot/share/classfile/systemDictionary.cpp, line 230]
Event: 712.253 Thread 0x0000017862d14800 Exception <a 'java/lang/ClassNotFoundException'{0x000000008f876dc0}: org/gradle/api/internal/file/CompositeFileCollectionBeanInfo> (0x000000008f876dc0) thrown at [./src/hotspot/share/classfile/systemDictionary.cpp, line 230]
Event: 712.261 Thread 0x0000017862d14800 Exception <a 'java/lang/ClassNotFoundException'{0x000000008f8b42f8}: org/gradle/api/internal/file/AbstractFileCollectionBeanInfo> (0x000000008f8b42f8) thrown at [./src/hotspot/share/classfile/systemDictionary.cpp, line 230]
Event: 712.264 Thread 0x0000017862d14800 Exception <a 'java/lang/ClassNotFoundException'{0x000000008f8f1f08}: org/gradle/api/internal/file/AbstractFileCollectionCustomizer> (0x000000008f8f1f08) thrown at [./src/hotspot/share/classfile/systemDictionary.cpp, line 230]
Event: 712.488 Thread 0x0000017862d14800 Exception <a 'java/lang/ClassNotFoundException'{0x000000008f741a40}: org/gradle/api/internal/file/CompositeFileCollectionCustomizer> (0x000000008f741a40) thrown at [./src/hotspot/share/classfile/systemDictionary.cpp, line 230]
Event: 712.492 Thread 0x0000017862d14800 Exception <a 'java/lang/ClassNotFoundException'{0x000000008f783770}: org/gradle/api/internal/file/CompositeFileTreeCustomizer> (0x000000008f783770) thrown at [./src/hotspot/share/classfile/systemDictionary.cpp, line 230]
Event: 712.501 Thread 0x0000017862d14800 Exception <a 'java/lang/ClassNotFoundException'{0x000000008f7d3548}: org/gradle/api/internal/file/collections/DefaultConfigurableFileTreeCustomizer> (0x000000008f7d3548) thrown at [./src/hotspot/share/classfile/systemDictionary.cpp, line 230]
Event: 714.094 Thread 0x0000017862d14800 Exception <a 'java/lang/ClassNotFoundException'{0x000000008f6e4568}: org/gradle/api/internal/file/DefaultFileVisitDetailsBeanInfo> (0x000000008f6e4568) thrown at [./src/hotspot/share/classfile/systemDictionary.cpp, line 230]
Event: 714.111 Thread 0x0000017862d14800 Exception <a 'java/lang/ClassNotFoundException'{0x000000008f525408}: org/gradle/api/internal/file/DefaultFileTreeElementBeanInfo> (0x000000008f525408) thrown at [./src/hotspot/share/classfile/systemDictionary.cpp, line 230]
Event: 714.149 Thread 0x0000017862d14800 Exception <a 'java/lang/ClassNotFoundException'{0x000000008f5662c8}: org/gradle/api/internal/file/AbstractFileTreeElementBeanInfo> (0x000000008f5662c8) thrown at [./src/hotspot/share/classfile/systemDictionary.cpp, line 230]
Event: 714.178 Thread 0x0000017862d14800 Exception <a 'java/lang/ClassNotFoundException'{0x000000008f5a8aa0}: org/gradle/api/internal/file/AbstractFileTreeElementCustomizer> (0x000000008f5a8aa0) thrown at [./src/hotspot/share/classfile/systemDictionary.cpp, line 230]
Event: 714.231 Thread 0x0000017862d14800 Exception <a 'java/lang/ClassNotFoundException'{0x000000008f5eed48}: org/gradle/api/internal/file/DefaultFileTreeElementCustomizer> (0x000000008f5eed48) thrown at [./src/hotspot/share/classfile/systemDictionary.cpp, line 230]
Event: 714.498 Thread 0x0000017862d14800 Exception <a 'java/lang/ClassNotFoundException'{0x000000008f438cb0}: org/gradle/api/internal/file/DefaultFileVisitDetailsCustomizer> (0x000000008f438cb0) thrown at [./src/hotspot/share/classfile/systemDictionary.cpp, line 230]
Event: 714.649 Thread 0x0000017862d14800 Exception <a 'java/lang/ClassNotFoundException'{0x000000008f480c90}: java/nio/file/FilesBeanInfo> (0x000000008f480c90) thrown at [./src/hotspot/share/classfile/systemDictionary.cpp, line 230]
Event: 714.653 Thread 0x0000017862d14800 Exception <a 'java/lang/ClassNotFoundException'{0x000000008f495e68}: java/nio/file/FilesCustomizer> (0x000000008f495e68) thrown at [./src/hotspot/share/classfile/systemDictionary.cpp, line 230]
Event: 736.905 Thread 0x0000017862d14800 Exception <a 'java/lang/ClassNotFoundException'{0x000000008f1a3738}: org/gradle/api/internal/file/AttributeBasedFileVisitDetailsBeanInfo> (0x000000008f1a3738) thrown at [./src/hotspot/share/classfile/systemDictionary.cpp, line 230]
Event: 736.930 Thread 0x0000017862d14800 Exception <a 'java/lang/ClassNotFoundException'{0x000000008f1e9d50}: org/gradle/api/internal/file/AttributeBasedFileVisitDetailsCustomizer> (0x000000008f1e9d50) thrown at [./src/hotspot/share/classfile/systemDictionary.cpp, line 230]

Events (20 events):
Event: 730.834 Executing VM operation: G1CollectForAllocation
Event: 730.852 Executing VM operation: G1CollectForAllocation done
Event: 735.808 loading class groovy/runtime/metaclass/org/gradle/api/internal/file/AttributeBasedFileVisitDetailsMetaClass
Event: 735.808 loading class groovy/runtime/metaclass/org/gradle/api/internal/file/AttributeBasedFileVisitDetailsMetaClass done
Event: 736.616 loading class org/gradle/api/internal/file/AttributeBasedFileVisitDetailsBeanInfo
Event: 736.616 loading class org/gradle/api/internal/file/AttributeBasedFileVisitDetailsBeanInfo done
Event: 736.634 loading class org/gradle/api/internal/file/AttributeBasedFileVisitDetailsBeanInfo
Event: 736.634 loading class org/gradle/api/internal/file/AttributeBasedFileVisitDetailsBeanInfo done
Event: 736.640 loading class org/gradle/api/internal/file/AttributeBasedFileVisitDetailsBeanInfo
Event: 736.640 loading class org/gradle/api/internal/file/AttributeBasedFileVisitDetailsBeanInfo done
Event: 736.905 loading class org/gradle/api/internal/file/AttributeBasedFileVisitDetailsBeanInfo
Event: 736.905 loading class org/gradle/api/internal/file/AttributeBasedFileVisitDetailsBeanInfo done
Event: 736.913 loading class org/gradle/api/internal/file/AttributeBasedFileVisitDetailsCustomizer
Event: 736.913 loading class org/gradle/api/internal/file/AttributeBasedFileVisitDetailsCustomizer done
Event: 736.918 loading class org/gradle/api/internal/file/AttributeBasedFileVisitDetailsCustomizer
Event: 736.918 loading class org/gradle/api/internal/file/AttributeBasedFileVisitDetailsCustomizer done
Event: 736.919 loading class org/gradle/api/internal/file/AttributeBasedFileVisitDetailsCustomizer
Event: 736.919 loading class org/gradle/api/internal/file/AttributeBasedFileVisitDetailsCustomizer done
Event: 736.930 loading class org/gradle/api/internal/file/AttributeBasedFileVisitDetailsCustomizer
Event: 736.930 loading class org/gradle/api/internal/file/AttributeBasedFileVisitDetailsCustomizer done


Dynamic libraries:
0x00007ff7b41c0000 - 0x00007ff7b41cd000 	C:\Program Files\Eclipse Adoptium\jdk-11.0.17.8-hotspot\bin\java.exe
0x00007ffb19510000 - 0x00007ffb19708000 	C:\Windows\SYSTEM32\ntdll.dll
0x00007ffb185a0000 - 0x00007ffb1865f000 	C:\Windows\System32\KERNEL32.DLL
0x00007ffb17170000 - 0x00007ffb17466000 	C:\Windows\System32\KERNELBASE.dll
0x00007ffb17470000 - 0x00007ffb17570000 	C:\Windows\System32\ucrtbase.dll
0x00007ffb047d0000 - 0x00007ffb047e5000 	C:\Program Files\Eclipse Adoptium\jdk-11.0.17.8-hotspot\bin\VCRUNTIME140.dll
0x00007ffae6810000 - 0x00007ffae6827000 	C:\Program Files\Eclipse Adoptium\jdk-11.0.17.8-hotspot\bin\jli.dll
0x00007ffafa000000 - 0x00007ffafa29a000 	C:\Windows\WinSxS\amd64_microsoft.windows.common-controls_6595b64144ccf1df_6.0.19041.1110_none_60b5254171f9507e\COMCTL32.dll
0x00007ffb191b0000 - 0x00007ffb1924e000 	C:\Windows\System32\msvcrt.dll
0x00007ffb19000000 - 0x00007ffb1902c000 	C:\Windows\System32\GDI32.dll
0x00007ffb16f40000 - 0x00007ffb16f62000 	C:\Windows\System32\win32u.dll
0x00007ffb16c40000 - 0x00007ffb16d55000 	C:\Windows\System32\gdi32full.dll
0x00007ffb170d0000 - 0x00007ffb1716d000 	C:\Windows\System32\msvcp_win.dll
0x00007ffb18cd0000 - 0x00007ffb18e6d000 	C:\Windows\System32\USER32.dll
0x00007ffb190d0000 - 0x00007ffb19100000 	C:\Windows\System32\IMM32.DLL
0x00007ffade170000 - 0x00007ffade20b000 	C:\Program Files\Eclipse Adoptium\jdk-11.0.17.8-hotspot\bin\msvcp140.dll
0x00007ffabe3f0000 - 0x00007ffabef72000 	C:\Program Files\Eclipse Adoptium\jdk-11.0.17.8-hotspot\bin\server\jvm.dll
0x00007ffb17b70000 - 0x00007ffb17c1f000 	C:\Windows\System32\ADVAPI32.dll
0x00007ffb19030000 - 0x00007ffb190cc000 	C:\Windows\System32\sechost.dll
0x00007ffb193a0000 - 0x00007ffb194c6000 	C:\Windows\System32\RPCRT4.dll
0x00007ffb18cc0000 - 0x00007ffb18cc8000 	C:\Windows\System32\PSAPI.DLL
0x00007ffaf9ec0000 - 0x00007ffaf9ec9000 	C:\Windows\SYSTEM32\WSOCK32.dll
0x00007ffb19250000 - 0x00007ffb192bb000 	C:\Windows\System32\WS2_32.dll
0x00007ffaf9df0000 - 0x00007ffaf9e17000 	C:\Windows\SYSTEM32\WINMM.dll
0x00007ffb05260000 - 0x00007ffb0526a000 	C:\Windows\SYSTEM32\VERSION.dll
0x00007ffb15430000 - 0x00007ffb15442000 	C:\Windows\SYSTEM32\kernel.appcore.dll
0x00007ffb0d6e0000 - 0x00007ffb0d6f0000 	C:\Program Files\Eclipse Adoptium\jdk-11.0.17.8-hotspot\bin\verify.dll
0x00007ffb11950000 - 0x00007ffb11b34000 	C:\Windows\SYSTEM32\DBGHELP.DLL
0x00007ffaf9db0000 - 0x00007ffaf9de4000 	C:\Windows\SYSTEM32\dbgcore.DLL
0x00007ffb16eb0000 - 0x00007ffb16f32000 	C:\Windows\System32\bcryptPrimitives.dll
0x00007ffae1990000 - 0x00007ffae19b8000 	C:\Program Files\Eclipse Adoptium\jdk-11.0.17.8-hotspot\bin\java.dll
0x00007ffb0ad60000 - 0x00007ffb0ad6a000 	C:\Program Files\Eclipse Adoptium\jdk-11.0.17.8-hotspot\bin\jimage.dll
0x00007ffadeeb0000 - 0x00007ffadeec8000 	C:\Program Files\Eclipse Adoptium\jdk-11.0.17.8-hotspot\bin\zip.dll
0x00007ffb17c80000 - 0x00007ffb183c4000 	C:\Windows\System32\SHELL32.dll
0x00007ffb11b40000 - 0x00007ffb122d4000 	C:\Windows\SYSTEM32\windows.storage.dll
0x00007ffb186f0000 - 0x00007ffb18a44000 	C:\Windows\System32\combase.dll
0x00007ffb165e0000 - 0x00007ffb1660e000 	C:\Windows\SYSTEM32\Wldp.dll
0x00007ffb19100000 - 0x00007ffb191ad000 	C:\Windows\System32\SHCORE.dll
0x00007ffb179e0000 - 0x00007ffb17a35000 	C:\Windows\System32\shlwapi.dll
0x00007ffb16b20000 - 0x00007ffb16b45000 	C:\Windows\SYSTEM32\profapi.dll
0x00007ffade150000 - 0x00007ffade169000 	C:\Program Files\Eclipse Adoptium\jdk-11.0.17.8-hotspot\bin\net.dll
0x00007ffb01e30000 - 0x00007ffb01f3a000 	C:\Windows\SYSTEM32\WINHTTP.dll
0x00007ffb16320000 - 0x00007ffb1638a000 	C:\Windows\system32\mswsock.dll
0x00007ffad9a50000 - 0x00007ffad9a63000 	C:\Program Files\Eclipse Adoptium\jdk-11.0.17.8-hotspot\bin\nio.dll
0x00007ffad47e0000 - 0x00007ffad4807000 	C:\Users\Ayesha\.gradle\native\68d5fa5c4cc2d200863cafc0d521ce42e7d3e7ee720ec0a83991735586a16f82\windows-amd64\native-platform.dll
0x00007ffac5d40000 - 0x00007ffac5e84000 	C:\Users\Ayesha\.gradle\native\e376f236ea51e6404a007f0833ffe2c6e607c4080706a723a18a27aeea778392\windows-amd64\native-platform-file-events.dll
0x00007ffb09c10000 - 0x00007ffb09c19000 	C:\Program Files\Eclipse Adoptium\jdk-11.0.17.8-hotspot\bin\management.dll
0x00007ffaedcd0000 - 0x00007ffaedcdb000 	C:\Program Files\Eclipse Adoptium\jdk-11.0.17.8-hotspot\bin\management_ext.dll
0x00007ffb16510000 - 0x00007ffb16528000 	C:\Windows\SYSTEM32\CRYPTSP.dll
0x00007ffb15be0000 - 0x00007ffb15c14000 	C:\Windows\system32\rsaenh.dll
0x00007ffb16e80000 - 0x00007ffb16ea7000 	C:\Windows\System32\bcrypt.dll
0x00007ffb16aa0000 - 0x00007ffb16ace000 	C:\Windows\SYSTEM32\USERENV.dll
0x00007ffb16530000 - 0x00007ffb1653c000 	C:\Windows\SYSTEM32\CRYPTBASE.dll
0x00007ffb15fb0000 - 0x00007ffb15fec000 	C:\Windows\SYSTEM32\IPHLPAPI.DLL
0x00007ffb186e0000 - 0x00007ffb186e8000 	C:\Windows\System32\NSI.dll
0x00007ffb04110000 - 0x00007ffb04127000 	C:\Windows\SYSTEM32\dhcpcsvc6.DLL
0x00007ffb049b0000 - 0x00007ffb049cd000 	C:\Windows\SYSTEM32\dhcpcsvc.DLL
0x00007ffb16050000 - 0x00007ffb1611a000 	C:\Windows\SYSTEM32\DNSAPI.dll

dbghelp: loaded successfully - version: 4.0.5 - missing functions: none
symbol engine: initialized successfully - sym options: 0x614 - pdb path: .;C:\Program Files\Eclipse Adoptium\jdk-11.0.17.8-hotspot\bin;C:\Windows\SYSTEM32;C:\Windows\WinSxS\amd64_microsoft.windows.common-controls_6595b64144ccf1df_6.0.19041.1110_none_60b5254171f9507e;C:\Program Files\Eclipse Adoptium\jdk-11.0.17.8-hotspot\bin\server;C:\Users\Ayesha\.gradle\native\68d5fa5c4cc2d200863cafc0d521ce42e7d3e7ee720ec0a83991735586a16f82\windows-amd64;C:\Users\Ayesha\.gradle\native\e376f236ea51e6404a007f0833ffe2c6e607c4080706a723a18a27aeea778392\windows-amd64

VM Arguments:
jvm_args: -XX:MaxMetaspaceSize=512m --add-opens=java.base/java.util=ALL-UNNAMED --add-opens=java.base/java.lang=ALL-UNNAMED --add-opens=java.base/java.lang.invoke=ALL-UNNAMED --add-opens=java.prefs/java.util.prefs=ALL-UNNAMED --add-opens=java.base/java.nio.charset=ALL-UNNAMED --add-opens=java.base/java.net=ALL-UNNAMED --add-opens=java.base/java.util.concurrent.atomic=ALL-UNNAMED -Xmx2048m -Dfile.encoding=windows-1252 -Duser.country=US -Duser.language=en -Duser.variant 
java_command: org.gradle.launcher.daemon.bootstrap.GradleDaemon 8.0.1
java_class_path (initial): C:\Users\Ayesha\.gradle\wrapper\dists\gradle-8.0.1-all\aro4hu1c3oeioove7l0i4i14o\gradle-8.0.1\lib\gradle-launcher-8.0.1.jar
Launcher Type: SUN_STANDARD

[Global flags]
     intx CICompilerCount                          = 3                                         {product} {ergonomic}
   size_t CompressedClassSpaceSize                 = 528482304                                 {product} {ergonomic}
     uint ConcGCThreads                            = 1                                         {product} {ergonomic}
     uint G1ConcRefinementThreads                  = 4                                         {product} {ergonomic}
   size_t G1HeapRegionSize                         = 1048576                                   {product} {ergonomic}
    uintx GCDrainStackTargetSize                   = 64                                        {product} {ergonomic}
   size_t InitialHeapSize                          = 67108864                                  {product} {ergonomic}
   size_t MarkStackSize                            = 4194304                                   {product} {ergonomic}
   size_t MaxHeapSize                              = 2147483648                                {product} {command line}
   size_t MaxMetaspaceSize                         = 536870912                                 {product} {command line}
   size_t MaxNewSize                               = 1287651328                                {product} {ergonomic}
   size_t MinHeapDeltaBytes                        = 1048576                                   {product} {ergonomic}
    uintx NonNMethodCodeHeapSize                   = 5830732                                {pd product} {ergonomic}
    uintx NonProfiledCodeHeapSize                  = 122913754                              {pd product} {ergonomic}
    uintx ProfiledCodeHeapSize                     = 122913754                              {pd product} {ergonomic}
    uintx ReservedCodeCacheSize                    = 251658240                              {pd product} {ergonomic}
     bool SegmentedCodeCache                       = true                                      {product} {ergonomic}
     bool UseCompressedClassPointers               = true                                 {lp64_product} {ergonomic}
     bool UseCompressedOops                        = true                                 {lp64_product} {ergonomic}
     bool UseG1GC                                  = true                                      {product} {ergonomic}
     bool UseLargePagesIndividualAllocation        = false                                  {pd product} {ergonomic}

Logging:
Log output configuration:
 #0: stdout all=warning uptime,level,tags
 #1: stderr all=off uptime,level,tags

Environment Variables:
CLASSPATH=E:\Workspace\NewFolder\OurFypProject\android\\gradle\wrapper\gradle-wrapper.jar
PATH=E:\Workspace\NewFolder\OurFypProject\node_modules\.bin;E:\Workspace\NewFolder\OurFypProject\node_modules\.bin;E:\Workspace\NewFolder\node_modules\.bin;E:\Workspace\node_modules\.bin;E:\node_modules\.bin;C:\Users\Ayesha\AppData\Roaming\npm\node_modules\npm\node_modules\@npmcli\run-script\lib\node-gyp-bin;E:\Workspace\NewFolder\OurFypProject\node_modules\.bin;E:\Workspace\NewFolder\OurFypProject\node_modules\.bin;E:\Workspace\NewFolder\node_modules\.bin;E:\Workspace\node_modules\.bin;E:\node_modules\.bin;C:\Users\Ayesha\AppData\Roaming\npm\node_modules\npm\node_modules\@npmcli\run-script\lib\node-gyp-bin;C:\Program Files\Eclipse Adoptium\jdk-11.0.17.8-hotspot\bin;C:\Windows\system32;C:\Windows;C:\Windows\System32\Wbem;C:\Windows\System32\WindowsPowerShell\v1.0\;C:\Windows\System32\OpenSSH\;C:\ProgramData\chocolatey\bin;C:\Program Files\nodejs\;C:\Program Files\Git\cmd;C:\Users\Ayesha\AppData\Local\Microsoft\WindowsApps;C:\Users\Ayesha\AppData\Local\Programs\Microsoft VS Code\bin;C:\Users\Ayesha\AppData\Roaming\npm;C:\Users\Ayesha\AppData\Local\Android\Sdk\platform-tools;C:\Users\Ayesha\AppData\Local\GitHubDesktop\bin
USERNAME=Ayesha
LANG=en_US.UTF-8
OS=Windows_NT
PROCESSOR_IDENTIFIER=Intel64 Family 6 Model 78 Stepping 3, GenuineIntel
TMP=C:\Users\Ayesha\AppData\Local\Temp
TEMP=C:\Users\Ayesha\AppData\Local\Temp



---------------  S Y S T E M  ---------------

OS: Windows 10 , 64 bit Build 19041 (10.0.19041.3155)
OS uptime: 0 days 3:21 hours

CPU:total 4 (initial active 4) (2 cores per cpu, 2 threads per core) family 6 model 78 stepping 3 microcode 0xf0, cmov, cx8, fxsr, mmx, sse, sse2, sse3, ssse3, sse4.1, sse4.2, popcnt, avx, avx2, aes, clmul, erms, 3dnowpref, lzcnt, ht, tsc, tscinvbit, bmi1, bmi2, adx, fma

Memory: 4k page, system-wide physical 3976M (15M free)
TotalPageFile size 16264M (AvailPageFile size 0M)
current process WorkingSet (physical memory assigned to process): 86M, peak: 259M
current process commit charge ("private bytes"): 611M, peak: 621M

vm_info: OpenJDK 64-Bit Server VM (11.0.17+8) for windows-amd64 JRE (11.0.17+8), built on Oct 19 2022 00:04:05 by "" with MS VC++ 15.9 (VS2017)

END.
